23:37:34.165696 IP 10.10.100.128.38698 > 10.10.100.133.1883: Flags [S], seq 2779816885, win 29200, options [mss 1460,sackOK,TS val 410889778 ecr 0,nop,wscale 6], length 0
23:37:34.166171 IP 10.10.100.133.1883 > 10.10.100.128.38698: Flags [S.], seq 629804954, ack 2779816886, win 28960, options [mss 1460,sackOK,TS val 412116117 ecr 410889778,nop,wscale 7], length 0
23:37:34.178785 IP 10.10.100.128.38698 > 10.10.100.133.1883: Flags [.], ack 1, win 457, options [nop,nop,TS val 410889781 ecr 412116117], length 0
23:37:34.178913 IP 10.10.100.128.38698 > 10.10.100.133.1883: Flags [P.], seq 1:37, ack 1, win 457, options [nop,nop,TS val 410889781 ecr 412116117], length 36
23:37:34.179516 IP 10.10.100.133.1883 > 10.10.100.128.38698: Flags [.], ack 37, win 227, options [nop,nop,TS val 412116120 ecr 410889781], length 0
23:37:34.183134 IP 10.10.100.133.1883 > 10.10.100.128.38698: Flags [P.], seq 1:5, ack 37, win 227, options [nop,nop,TS val 412116121 ecr 410889781], length 4
23:37:34.196627 IP 10.10.100.128.38698 > 10.10.100.133.1883: Flags [.], ack 5, win 457, options [nop,nop,TS val 410889786 ecr 412116121], length 0
23:37:34.196634 IP 10.10.100.128.38698 > 10.10.100.133.1883: Flags [P.], seq 37:420, ack 5, win 457, options [nop,nop,TS val 410889786 ecr 412116121], length 383
23:37:34.196635 IP 10.10.100.128.38698 > 10.10.100.133.1883: Flags [FP.], seq 420:422, ack 5, win 457, options [nop,nop,TS val 410889786 ecr 412116121], length 2
23:37:34.197713 IP 10.10.100.133.1883 > 10.10.100.128.38698: Flags [.], ack 423, win 235, options [nop,nop,TS val 412116125 ecr 410889786], length 0
23:37:34.201662 IP 10.10.100.133.1883 > 10.10.100.128.38698: Flags [F.], seq 5, ack 423, win 235, options [nop,nop,TS val 412116126 ecr 410889786], length 0
23:37:34.214605 IP 10.10.100.128.38698 > 10.10.100.133.1883: Flags [.], ack 6, win 457, options [nop,nop,TS val 410889790 ecr 412116126], length 0
23:37:35.207644 IP 10.10.100.128.38700 > 10.10.100.133.1883: Flags [S], seq 2255731601, win 29200, options [mss 1460,sackOK,TS val 410890039 ecr 0,nop,wscale 6], length 0
23:37:35.208316 IP 10.10.100.133.1883 > 10.10.100.128.38700: Flags [S.], seq 1180973053, ack 2255731602, win 28960, options [mss 1460,sackOK,TS val 412116378 ecr 410890039,nop,wscale 7], length 0
23:37:35.221578 IP 10.10.100.128.38700 > 10.10.100.133.1883: Flags [.], ack 1, win 457, options [nop,nop,TS val 410890042 ecr 412116378], length 0
23:37:35.221583 IP 10.10.100.128.38700 > 10.10.100.133.1883: Flags [P.], seq 1:37, ack 1, win 457, options [nop,nop,TS val 410890042 ecr 412116378], length 36
23:37:35.222218 IP 10.10.100.133.1883 > 10.10.100.128.38700: Flags [.], ack 37, win 227, options [nop,nop,TS val 412116381 ecr 410890042], length 0
23:37:35.228184 IP 10.10.100.133.1883 > 10.10.100.128.38700: Flags [P.], seq 1:5, ack 37, win 227, options [nop,nop,TS val 412116383 ecr 410890042], length 4
23:37:35.241479 IP 10.10.100.128.38700 > 10.10.100.133.1883: Flags [.], ack 5, win 457, options [nop,nop,TS val 410890047 ecr 412116383], length 0
23:37:35.241486 IP 10.10.100.128.38700 > 10.10.100.133.1883: Flags [P.], seq 37:452, ack 5, win 457, options [nop,nop,TS val 410890047 ecr 412116383], length 415
23:37:35.241486 IP 10.10.100.128.38700 > 10.10.100.133.1883: Flags [FP.], seq 452:454, ack 5, win 457, options [nop,nop,TS val 410890047 ecr 412116383], length 2
23:37:35.242257 IP 10.10.100.133.1883 > 10.10.100.128.38700: Flags [.], ack 455, win 235, options [nop,nop,TS val 412116386 ecr 410890047], length 0
23:37:35.244552 IP 10.10.100.133.1883 > 10.10.100.128.38700: Flags [F.], seq 5, ack 455, win 235, options [nop,nop,TS val 412116387 ecr 410890047], length 0
23:37:35.257444 IP 10.10.100.128.38700 > 10.10.100.133.1883: Flags [.], ack 6, win 457, options [nop,nop,TS val 410890051 ecr 412116387], length 0
23:37:36.251724 IP 10.10.100.128.38702 > 10.10.100.133.1883: Flags [S], seq 3533609976, win 29200, options [mss 1460,sackOK,TS val 410890300 ecr 0,nop,wscale 6], length 0
23:37:36.252434 IP 10.10.100.133.1883 > 10.10.100.128.38702: Flags [S.], seq 2033179186, ack 3533609977, win 28960, options [mss 1460,sackOK,TS val 412116639 ecr 410890300,nop,wscale 7], length 0
23:37:36.265761 IP 10.10.100.128.38702 > 10.10.100.133.1883: Flags [.], ack 1, win 457, options [nop,nop,TS val 410890303 ecr 412116639], length 0
23:37:36.265766 IP 10.10.100.128.38702 > 10.10.100.133.1883: Flags [P.], seq 1:37, ack 1, win 457, options [nop,nop,TS val 410890303 ecr 412116639], length 36
23:37:36.266552 IP 10.10.100.133.1883 > 10.10.100.128.38702: Flags [.], ack 37, win 227, options [nop,nop,TS val 412116642 ecr 410890303], length 0
23:37:36.271642 IP 10.10.100.133.1883 > 10.10.100.128.38702: Flags [P.], seq 1:5, ack 37, win 227, options [nop,nop,TS val 412116643 ecr 410890303], length 4
23:37:36.285684 IP 10.10.100.128.38702 > 10.10.100.133.1883: Flags [.], ack 5, win 457, options [nop,nop,TS val 410890308 ecr 412116643], length 0
23:37:36.285691 IP 10.10.100.128.38702 > 10.10.100.133.1883: Flags [P.], seq 37:452, ack 5, win 457, options [nop,nop,TS val 410890308 ecr 412116643], length 415
23:37:36.285692 IP 10.10.100.128.38702 > 10.10.100.133.1883: Flags [FP.], seq 452:454, ack 5, win 457, options [nop,nop,TS val 410890308 ecr 412116643], length 2
23:37:36.286487 IP 10.10.100.133.1883 > 10.10.100.128.38702: Flags [.], ack 455, win 235, options [nop,nop,TS val 412116647 ecr 410890308], length 0
23:37:36.291311 IP 10.10.100.133.1883 > 10.10.100.128.38702: Flags [F.], seq 5, ack 455, win 235, options [nop,nop,TS val 412116648 ecr 410890308], length 0
23:37:36.304639 IP 10.10.100.128.38702 > 10.10.100.133.1883: Flags [.], ack 6, win 457, options [nop,nop,TS val 410890313 ecr 412116648], length 0
23:37:37.303630 IP 10.10.100.128.38704 > 10.10.100.133.1883: Flags [S], seq 2845441331, win 29200, options [mss 1460,sackOK,TS val 410890562 ecr 0,nop,wscale 6], length 0
23:37:37.304307 IP 10.10.100.133.1883 > 10.10.100.128.38704: Flags [S.], seq 3010789479, ack 2845441332, win 28960, options [mss 1460,sackOK,TS val 412116902 ecr 410890562,nop,wscale 7], length 0
23:37:37.317471 IP 10.10.100.128.38704 > 10.10.100.133.1883: Flags [.], ack 1, win 457, options [nop,nop,TS val 410890566 ecr 412116902], length 0
23:37:37.317476 IP 10.10.100.128.38704 > 10.10.100.133.1883: Flags [P.], seq 1:37, ack 1, win 457, options [nop,nop,TS val 410890566 ecr 412116902], length 36
23:37:37.318229 IP 10.10.100.133.1883 > 10.10.100.128.38704: Flags [.], ack 37, win 227, options [nop,nop,TS val 412116905 ecr 410890566], length 0
23:37:37.321755 IP 10.10.100.133.1883 > 10.10.100.128.38704: Flags [P.], seq 1:5, ack 37, win 227, options [nop,nop,TS val 412116906 ecr 410890566], length 4
23:37:37.334355 IP 10.10.100.128.38704 > 10.10.100.133.1883: Flags [.], ack 5, win 457, options [nop,nop,TS val 410890570 ecr 412116906], length 0
23:37:37.334517 IP 10.10.100.128.38704 > 10.10.100.133.1883: Flags [P.], seq 37:453, ack 5, win 457, options [nop,nop,TS val 410890570 ecr 412116906], length 416
23:37:37.334519 IP 10.10.100.128.38704 > 10.10.100.133.1883: Flags [FP.], seq 453:455, ack 5, win 457, options [nop,nop,TS val 410890570 ecr 412116906], length 2
23:37:37.334975 IP 10.10.100.133.1883 > 10.10.100.128.38704: Flags [.], ack 456, win 235, options [nop,nop,TS val 412116909 ecr 410890570], length 0
23:37:37.352469 IP 10.10.100.133.1883 > 10.10.100.128.38704: Flags [F.], seq 5, ack 456, win 235, options [nop,nop,TS val 412116914 ecr 410890570], length 0
23:37:37.365429 IP 10.10.100.128.38704 > 10.10.100.133.1883: Flags [.], ack 6, win 457, options [nop,nop,TS val 410890578 ecr 412116914], length 0
23:37:38.343981 IP 10.10.100.128.38706 > 10.10.100.133.1883: Flags [S], seq 3425501003, win 29200, options [mss 1460,sackOK,TS val 410890823 ecr 0,nop,wscale 6], length 0
23:37:38.344765 IP 10.10.100.133.1883 > 10.10.100.128.38706: Flags [S.], seq 1617980511, ack 3425501004, win 28960, options [mss 1460,sackOK,TS val 412117162 ecr 410890823,nop,wscale 7], length 0
23:37:38.357951 IP 10.10.100.128.38706 > 10.10.100.133.1883: Flags [.], ack 1, win 457, options [nop,nop,TS val 410890826 ecr 412117162], length 0
23:37:38.357958 IP 10.10.100.128.38706 > 10.10.100.133.1883: Flags [P.], seq 1:37, ack 1, win 457, options [nop,nop,TS val 410890826 ecr 412117162], length 36
23:37:38.358882 IP 10.10.100.133.1883 > 10.10.100.128.38706: Flags [.], ack 37, win 227, options [nop,nop,TS val 412117165 ecr 410890826], length 0
23:37:38.420649 IP 10.10.100.133.1883 > 10.10.100.128.38706: Flags [P.], seq 1:5, ack 37, win 227, options [nop,nop,TS val 412117181 ecr 410890826], length 4
23:37:38.433742 IP 10.10.100.128.38706 > 10.10.100.133.1883: Flags [.], ack 5, win 457, options [nop,nop,TS val 410890845 ecr 412117181], length 0
23:37:38.433748 IP 10.10.100.128.38706 > 10.10.100.133.1883: Flags [P.], seq 37:453, ack 5, win 457, options [nop,nop,TS val 410890845 ecr 412117181], length 416
23:37:38.433748 IP 10.10.100.128.38706 > 10.10.100.133.1883: Flags [FP.], seq 453:455, ack 5, win 457, options [nop,nop,TS val 410890845 ecr 412117181], length 2
23:37:38.434684 IP 10.10.100.133.1883 > 10.10.100.128.38706: Flags [.], ack 453, win 235, options [nop,nop,TS val 412117184 ecr 410890845], length 0
23:37:38.438399 IP 10.10.100.133.1883 > 10.10.100.128.38706: Flags [F.], seq 5, ack 456, win 235, options [nop,nop,TS val 412117185 ecr 410890845], length 0
23:37:38.451474 IP 10.10.100.128.38706 > 10.10.100.133.1883: Flags [.], ack 6, win 457, options [nop,nop,TS val 410890850 ecr 412117185], length 0
23:37:39.444498 IP 10.10.100.128.38708 > 10.10.100.133.1883: Flags [S], seq 2458124029, win 29200, options [mss 1460,sackOK,TS val 410891098 ecr 0,nop,wscale 6], length 0
23:37:39.445091 IP 10.10.100.133.1883 > 10.10.100.128.38708: Flags [S.], seq 686958048, ack 2458124030, win 28960, options [mss 1460,sackOK,TS val 412117437 ecr 410891098,nop,wscale 7], length 0
23:37:39.458470 IP 10.10.100.128.38708 > 10.10.100.133.1883: Flags [.], ack 1, win 457, options [nop,nop,TS val 410891101 ecr 412117437], length 0
23:37:39.458476 IP 10.10.100.128.38708 > 10.10.100.133.1883: Flags [P.], seq 1:37, ack 1, win 457, options [nop,nop,TS val 410891101 ecr 412117437], length 36
23:37:39.459132 IP 10.10.100.133.1883 > 10.10.100.128.38708: Flags [.], ack 37, win 227, options [nop,nop,TS val 412117440 ecr 410891101], length 0
23:37:39.464535 IP 10.10.100.133.1883 > 10.10.100.128.38708: Flags [P.], seq 1:5, ack 37, win 227, options [nop,nop,TS val 412117442 ecr 410891101], length 4
23:37:39.478435 IP 10.10.100.128.38708 > 10.10.100.133.1883: Flags [.], ack 5, win 457, options [nop,nop,TS val 410891106 ecr 412117442], length 0
23:37:39.478442 IP 10.10.100.128.38708 > 10.10.100.133.1883: Flags [P.], seq 37:452, ack 5, win 457, options [nop,nop,TS val 410891106 ecr 412117442], length 415
23:37:39.478443 IP 10.10.100.128.38708 > 10.10.100.133.1883: Flags [FP.], seq 452:454, ack 5, win 457, options [nop,nop,TS val 410891106 ecr 412117442], length 2
23:37:39.479622 IP 10.10.100.133.1883 > 10.10.100.128.38708: Flags [.], ack 455, win 235, options [nop,nop,TS val 412117445 ecr 410891106], length 0
23:37:39.482845 IP 10.10.100.133.1883 > 10.10.100.128.38708: Flags [F.], seq 5, ack 455, win 235, options [nop,nop,TS val 412117446 ecr 410891106], length 0
23:37:39.496370 IP 10.10.100.128.38708 > 10.10.100.133.1883: Flags [.], ack 6, win 457, options [nop,nop,TS val 410891111 ecr 412117446], length 0
23:37:40.487794 IP 10.10.100.128.38710 > 10.10.100.133.1883: Flags [S], seq 3289723831, win 29200, options [mss 1460,sackOK,TS val 410891358 ecr 0,nop,wscale 6], length 0
23:37:40.488466 IP 10.10.100.133.1883 > 10.10.100.128.38710: Flags [S.], seq 2984163008, ack 3289723832, win 28960, options [mss 1460,sackOK,TS val 412117698 ecr 410891358,nop,wscale 7], length 0
23:37:40.501817 IP 10.10.100.128.38710 > 10.10.100.133.1883: Flags [.], ack 1, win 457, options [nop,nop,TS val 410891362 ecr 412117698], length 0
23:37:40.501824 IP 10.10.100.128.38710 > 10.10.100.133.1883: Flags [P.], seq 1:37, ack 1, win 457, options [nop,nop,TS val 410891362 ecr 412117698], length 36
23:37:40.502519 IP 10.10.100.133.1883 > 10.10.100.128.38710: Flags [.], ack 37, win 227, options [nop,nop,TS val 412117701 ecr 410891362], length 0
23:37:40.506246 IP 10.10.100.133.1883 > 10.10.100.128.38710: Flags [P.], seq 1:5, ack 37, win 227, options [nop,nop,TS val 412117702 ecr 410891362], length 4
23:37:40.519778 IP 10.10.100.128.38710 > 10.10.100.133.1883: Flags [.], ack 5, win 457, options [nop,nop,TS val 410891366 ecr 412117702], length 0
23:37:40.519785 IP 10.10.100.128.38710 > 10.10.100.133.1883: Flags [P.], seq 37:452, ack 5, win 457, options [nop,nop,TS val 410891367 ecr 412117702], length 415
23:37:40.519786 IP 10.10.100.128.38710 > 10.10.100.133.1883: Flags [FP.], seq 452:454, ack 5, win 457, options [nop,nop,TS val 410891367 ecr 412117702], length 2
23:37:40.520359 IP 10.10.100.133.1883 > 10.10.100.128.38710: Flags [.], ack 455, win 235, options [nop,nop,TS val 412117706 ecr 410891367], length 0
23:37:40.522358 IP 10.10.100.133.1883 > 10.10.100.128.38710: Flags [F.], seq 5, ack 455, win 235, options [nop,nop,TS val 412117706 ecr 410891367], length 0
23:37:40.535665 IP 10.10.100.128.38710 > 10.10.100.133.1883: Flags [.], ack 6, win 457, options [nop,nop,TS val 410891371 ecr 412117706], length 0
23:37:41.534176 IP 10.10.100.128.38712 > 10.10.100.133.1883: Flags [S], seq 3735400378, win 29200, options [mss 1460,sackOK,TS val 410891620 ecr 0,nop,wscale 6], length 0
23:37:41.534922 IP 10.10.100.133.1883 > 10.10.100.128.38712: Flags [S.], seq 822053041, ack 3735400379, win 28960, options [mss 1460,sackOK,TS val 412117959 ecr 410891620,nop,wscale 7], length 0
23:37:41.548117 IP 10.10.100.128.38712 > 10.10.100.133.1883: Flags [.], ack 1, win 457, options [nop,nop,TS val 410891624 ecr 412117959], length 0
23:37:41.548123 IP 10.10.100.128.38712 > 10.10.100.133.1883: Flags [P.], seq 1:37, ack 1, win 457, options [nop,nop,TS val 410891624 ecr 412117959], length 36
23:37:41.549032 IP 10.10.100.133.1883 > 10.10.100.128.38712: Flags [.], ack 37, win 227, options [nop,nop,TS val 412117963 ecr 410891624], length 0
23:37:41.551485 IP 10.10.100.133.1883 > 10.10.100.128.38712: Flags [P.], seq 1:5, ack 37, win 227, options [nop,nop,TS val 412117963 ecr 410891624], length 4
23:37:41.565041 IP 10.10.100.128.38712 > 10.10.100.133.1883: Flags [.], ack 5, win 457, options [nop,nop,TS val 410891628 ecr 412117963], length 0
23:37:41.565047 IP 10.10.100.128.38712 > 10.10.100.133.1883: Flags [P.], seq 37:453, ack 5, win 457, options [nop,nop,TS val 410891628 ecr 412117963], length 416
23:37:41.565048 IP 10.10.100.128.38712 > 10.10.100.133.1883: Flags [FP.], seq 453:455, ack 5, win 457, options [nop,nop,TS val 410891628 ecr 412117963], length 2
23:37:41.565984 IP 10.10.100.133.1883 > 10.10.100.128.38712: Flags [.], ack 456, win 235, options [nop,nop,TS val 412117967 ecr 410891628], length 0
23:37:41.568967 IP 10.10.100.133.1883 > 10.10.100.128.38712: Flags [F.], seq 5, ack 456, win 235, options [nop,nop,TS val 412117968 ecr 410891628], length 0
23:37:41.582027 IP 10.10.100.128.38712 > 10.10.100.133.1883: Flags [.], ack 6, win 457, options [nop,nop,TS val 410891632 ecr 412117968], length 0

