23:38:51.299786 IP 10.10.100.135.47512 > 10.10.100.133.1883: Flags [S], seq 2680046751, win 29200, options [mss 1460,sackOK,TS val 409645250 ecr 0,nop,wscale 6], length 0
23:38:51.300608 IP 10.10.100.133.1883 > 10.10.100.135.47512: Flags [S.], seq 794155195, ack 2680046752, win 28960, options [mss 1460,sackOK,TS val 412136167 ecr 409645250,nop,wscale 7], length 0
23:38:51.313679 IP 10.10.100.135.47512 > 10.10.100.133.1883: Flags [.], ack 1, win 457, options [nop,nop,TS val 409645254 ecr 412136167], length 0
23:38:51.313686 IP 10.10.100.135.47512 > 10.10.100.133.1883: Flags [P.], seq 1:40, ack 1, win 457, options [nop,nop,TS val 409645254 ecr 412136167], length 39
23:38:51.314543 IP 10.10.100.133.1883 > 10.10.100.135.47512: Flags [.], ack 40, win 227, options [nop,nop,TS val 412136170 ecr 409645254], length 0
23:38:51.321439 IP 10.10.100.133.1883 > 10.10.100.135.47512: Flags [P.], seq 1:5, ack 40, win 227, options [nop,nop,TS val 412136172 ecr 409645254], length 4
23:38:51.334618 IP 10.10.100.135.47512 > 10.10.100.133.1883: Flags [.], ack 5, win 457, options [nop,nop,TS val 409645259 ecr 412136172], length 0
23:38:51.334625 IP 10.10.100.135.47512 > 10.10.100.133.1883: Flags [P.], seq 40:422, ack 5, win 457, options [nop,nop,TS val 409645259 ecr 412136172], length 382
23:38:51.334625 IP 10.10.100.135.47512 > 10.10.100.133.1883: Flags [FP.], seq 422:424, ack 5, win 457, options [nop,nop,TS val 409645259 ecr 412136172], length 2
23:38:51.335715 IP 10.10.100.133.1883 > 10.10.100.135.47512: Flags [.], ack 425, win 235, options [nop,nop,TS val 412136175 ecr 409645259], length 0
23:38:51.341576 IP 10.10.100.133.1883 > 10.10.100.135.47512: Flags [F.], seq 5, ack 425, win 235, options [nop,nop,TS val 412136177 ecr 409645259], length 0
23:38:51.354479 IP 10.10.100.135.47512 > 10.10.100.133.1883: Flags [.], ack 6, win 457, options [nop,nop,TS val 409645264 ecr 412136177], length 0
23:38:52.390708 IP 10.10.100.135.47514 > 10.10.100.133.1883: Flags [S], seq 2526645930, win 29200, options [mss 1460,sackOK,TS val 409645523 ecr 0,nop,wscale 6], length 0
23:38:52.391143 IP 10.10.100.133.1883 > 10.10.100.135.47514: Flags [S.], seq 267668260, ack 2526645931, win 28960, options [mss 1460,sackOK,TS val 412136439 ecr 409645523,nop,wscale 7], length 0
23:38:52.405253 IP 10.10.100.135.47514 > 10.10.100.133.1883: Flags [.], ack 1, win 457, options [nop,nop,TS val 409645527 ecr 412136439], length 0
23:38:52.405260 IP 10.10.100.135.47514 > 10.10.100.133.1883: Flags [P.], seq 1:40, ack 1, win 457, options [nop,nop,TS val 409645527 ecr 412136439], length 39
23:38:52.405654 IP 10.10.100.133.1883 > 10.10.100.135.47514: Flags [.], ack 40, win 227, options [nop,nop,TS val 412136443 ecr 409645527], length 0
23:38:52.411865 IP 10.10.100.133.1883 > 10.10.100.135.47514: Flags [P.], seq 1:5, ack 40, win 227, options [nop,nop,TS val 412136444 ecr 409645527], length 4
23:38:52.425203 IP 10.10.100.135.47514 > 10.10.100.133.1883: Flags [.], ack 5, win 457, options [nop,nop,TS val 409645532 ecr 412136444], length 0
23:38:52.425212 IP 10.10.100.135.47514 > 10.10.100.133.1883: Flags [P.], seq 40:455, ack 5, win 457, options [nop,nop,TS val 409645532 ecr 412136444], length 415
23:38:52.425213 IP 10.10.100.135.47514 > 10.10.100.133.1883: Flags [FP.], seq 455:457, ack 5, win 457, options [nop,nop,TS val 409645532 ecr 412136444], length 2
23:38:52.431154 IP 10.10.100.133.1883 > 10.10.100.135.47514: Flags [.], ack 458, win 235, options [nop,nop,TS val 412136449 ecr 409645532], length 0
23:38:52.446884 IP 10.10.100.133.1883 > 10.10.100.135.47514: Flags [F.], seq 5, ack 458, win 235, options [nop,nop,TS val 412136453 ecr 409645532], length 0
23:38:52.460077 IP 10.10.100.135.47514 > 10.10.100.133.1883: Flags [.], ack 6, win 457, options [nop,nop,TS val 409645540 ecr 412136453], length 0
23:38:53.462810 IP 10.10.100.135.47516 > 10.10.100.133.1883: Flags [S], seq 750821146, win 29200, options [mss 1460,sackOK,TS val 409645791 ecr 0,nop,wscale 6], length 0
23:38:53.463310 IP 10.10.100.133.1883 > 10.10.100.135.47516: Flags [S.], seq 4027640978, ack 750821147, win 28960, options [mss 1460,sackOK,TS val 412136707 ecr 409645791,nop,wscale 7], length 0
23:38:53.477764 IP 10.10.100.135.47516 > 10.10.100.133.1883: Flags [.], ack 1, win 457, options [nop,nop,TS val 409645795 ecr 412136707], length 0
23:38:53.477771 IP 10.10.100.135.47516 > 10.10.100.133.1883: Flags [P.], seq 1:40, ack 1, win 457, options [nop,nop,TS val 409645795 ecr 412136707], length 39
23:38:53.478546 IP 10.10.100.133.1883 > 10.10.100.135.47516: Flags [.], ack 40, win 227, options [nop,nop,TS val 412136711 ecr 409645795], length 0
23:38:53.502620 IP 10.10.100.133.1883 > 10.10.100.135.47516: Flags [P.], seq 1:5, ack 40, win 227, options [nop,nop,TS val 412136717 ecr 409645795], length 4
23:38:53.516156 IP 10.10.100.135.47516 > 10.10.100.133.1883: Flags [.], ack 5, win 457, options [nop,nop,TS val 409645804 ecr 412136717], length 0
23:38:53.516164 IP 10.10.100.135.47516 > 10.10.100.133.1883: Flags [P.], seq 40:455, ack 5, win 457, options [nop,nop,TS val 409645804 ecr 412136717], length 415
23:38:53.516165 IP 10.10.100.135.47516 > 10.10.100.133.1883: Flags [FP.], seq 455:457, ack 5, win 457, options [nop,nop,TS val 409645804 ecr 412136717], length 2
23:38:53.517424 IP 10.10.100.133.1883 > 10.10.100.135.47516: Flags [.], ack 458, win 235, options [nop,nop,TS val 412136721 ecr 409645804], length 0
23:38:53.522563 IP 10.10.100.133.1883 > 10.10.100.135.47516: Flags [F.], seq 5, ack 458, win 235, options [nop,nop,TS val 412136722 ecr 409645804], length 0
23:38:53.537065 IP 10.10.100.135.47516 > 10.10.100.133.1883: Flags [.], ack 6, win 457, options [nop,nop,TS val 409645809 ecr 412136722], length 0
23:38:54.525727 IP 10.10.100.135.47518 > 10.10.100.133.1883: Flags [S], seq 2340594253, win 29200, options [mss 1460,sackOK,TS val 409646057 ecr 0,nop,wscale 6], length 0
23:38:54.526350 IP 10.10.100.133.1883 > 10.10.100.135.47518: Flags [S.], seq 2623158068, ack 2340594254, win 28960, options [mss 1460,sackOK,TS val 412136973 ecr 409646057,nop,wscale 7], length 0
23:38:54.540092 IP 10.10.100.135.47518 > 10.10.100.133.1883: Flags [.], ack 1, win 457, options [nop,nop,TS val 409646060 ecr 412136973], length 0
23:38:54.540098 IP 10.10.100.135.47518 > 10.10.100.133.1883: Flags [P.], seq 1:40, ack 1, win 457, options [nop,nop,TS val 409646060 ecr 412136973], length 39
23:38:54.540859 IP 10.10.100.133.1883 > 10.10.100.135.47518: Flags [.], ack 40, win 227, options [nop,nop,TS val 412136977 ecr 409646060], length 0
23:38:54.544737 IP 10.10.100.133.1883 > 10.10.100.135.47518: Flags [P.], seq 1:5, ack 40, win 227, options [nop,nop,TS val 412136978 ecr 409646060], length 4
23:38:54.558062 IP 10.10.100.135.47518 > 10.10.100.133.1883: Flags [.], ack 5, win 457, options [nop,nop,TS val 409646065 ecr 412136978], length 0
23:38:54.558069 IP 10.10.100.135.47518 > 10.10.100.133.1883: Flags [P.], seq 40:456, ack 5, win 457, options [nop,nop,TS val 409646065 ecr 412136978], length 416
23:38:54.558070 IP 10.10.100.135.47518 > 10.10.100.133.1883: Flags [FP.], seq 456:458, ack 5, win 457, options [nop,nop,TS val 409646065 ecr 412136978], length 2
23:38:54.559159 IP 10.10.100.133.1883 > 10.10.100.135.47518: Flags [.], ack 459, win 235, options [nop,nop,TS val 412136981 ecr 409646065], length 0
23:38:54.562402 IP 10.10.100.133.1883 > 10.10.100.135.47518: Flags [F.], seq 5, ack 459, win 235, options [nop,nop,TS val 412136982 ecr 409646065], length 0
23:38:54.575926 IP 10.10.100.135.47518 > 10.10.100.133.1883: Flags [.], ack 6, win 457, options [nop,nop,TS val 409646069 ecr 412136982], length 0
23:38:55.607630 IP 10.10.100.135.47520 > 10.10.100.133.1883: Flags [S], seq 2827227266, win 29200, options [mss 1460,sackOK,TS val 409646327 ecr 0,nop,wscale 6], length 0
23:38:55.608080 IP 10.10.100.133.1883 > 10.10.100.135.47520: Flags [S.], seq 1179870139, ack 2827227267, win 28960, options [mss 1460,sackOK,TS val 412137244 ecr 409646327,nop,wscale 7], length 0
23:38:55.621515 IP 10.10.100.135.47520 > 10.10.100.133.1883: Flags [.], ack 1, win 457, options [nop,nop,TS val 409646331 ecr 412137244], length 0
23:38:55.621520 IP 10.10.100.135.47520 > 10.10.100.133.1883: Flags [P.], seq 1:40, ack 1, win 457, options [nop,nop,TS val 409646331 ecr 412137244], length 39
23:38:55.622167 IP 10.10.100.133.1883 > 10.10.100.135.47520: Flags [.], ack 40, win 227, options [nop,nop,TS val 412137247 ecr 409646331], length 0
23:38:55.624298 IP 10.10.100.133.1883 > 10.10.100.135.47520: Flags [P.], seq 1:5, ack 40, win 227, options [nop,nop,TS val 412137247 ecr 409646331], length 4
23:38:55.638454 IP 10.10.100.135.47520 > 10.10.100.133.1883: Flags [.], ack 5, win 457, options [nop,nop,TS val 409646335 ecr 412137247], length 0
23:38:55.638461 IP 10.10.100.135.47520 > 10.10.100.133.1883: Flags [P.], seq 40:456, ack 5, win 457, options [nop,nop,TS val 409646335 ecr 412137247], length 416
23:38:55.638462 IP 10.10.100.135.47520 > 10.10.100.133.1883: Flags [FP.], seq 456:458, ack 5, win 457, options [nop,nop,TS val 409646335 ecr 412137247], length 2
23:38:55.639237 IP 10.10.100.133.1883 > 10.10.100.135.47520: Flags [.], ack 459, win 235, options [nop,nop,TS val 412137251 ecr 409646335], length 0
23:38:55.642074 IP 10.10.100.133.1883 > 10.10.100.135.47520: Flags [F.], seq 5, ack 459, win 235, options [nop,nop,TS val 412137252 ecr 409646335], length 0
23:38:55.655378 IP 10.10.100.135.47520 > 10.10.100.133.1883: Flags [.], ack 6, win 457, options [nop,nop,TS val 409646339 ecr 412137252], length 0
23:38:56.647766 IP 10.10.100.135.47522 > 10.10.100.133.1883: Flags [S], seq 402524906, win 29200, options [mss 1460,sackOK,TS val 409646587 ecr 0,nop,wscale 6], length 0
23:38:56.648563 IP 10.10.100.133.1883 > 10.10.100.135.47522: Flags [S.], seq 2965718206, ack 402524907, win 28960, options [mss 1460,sackOK,TS val 412137504 ecr 409646587,nop,wscale 7], length 0
23:38:56.672008 IP 10.10.100.135.47522 > 10.10.100.133.1883: Flags [.], ack 1, win 457, options [nop,nop,TS val 409646591 ecr 412137504], length 0
23:38:56.672016 IP 10.10.100.135.47522 > 10.10.100.133.1883: Flags [P.], seq 1:40, ack 1, win 457, options [nop,nop,TS val 409646591 ecr 412137504], length 39
23:38:56.701350 IP 10.10.100.133.1883 > 10.10.100.135.47522: Flags [.], ack 40, win 227, options [nop,nop,TS val 412137512 ecr 409646591], length 0
23:38:56.710115 IP 10.10.100.133.1883 > 10.10.100.135.47522: Flags [P.], seq 1:5, ack 40, win 227, options [nop,nop,TS val 412137519 ecr 409646591], length 4
23:38:56.723508 IP 10.10.100.135.47522 > 10.10.100.133.1883: Flags [.], ack 5, win 457, options [nop,nop,TS val 409646606 ecr 412137519], length 0
23:38:56.723514 IP 10.10.100.135.47522 > 10.10.100.133.1883: Flags [P.], seq 40:455, ack 5, win 457, options [nop,nop,TS val 409646606 ecr 412137519], length 415
23:38:56.723515 IP 10.10.100.135.47522 > 10.10.100.133.1883: Flags [FP.], seq 455:457, ack 5, win 457, options [nop,nop,TS val 409646606 ecr 412137519], length 2
23:38:56.724082 IP 10.10.100.133.1883 > 10.10.100.135.47522: Flags [.], ack 458, win 235, options [nop,nop,TS val 412137523 ecr 409646606], length 0
23:38:56.726254 IP 10.10.100.133.1883 > 10.10.100.135.47522: Flags [F.], seq 5, ack 458, win 235, options [nop,nop,TS val 412137523 ecr 409646606], length 0
23:38:56.739524 IP 10.10.100.135.47522 > 10.10.100.133.1883: Flags [.], ack 6, win 457, options [nop,nop,TS val 409646610 ecr 412137523], length 0

