23:35:58.879674 IP 10.10.100.128.38636 > 10.10.100.133.1883: Flags [S], seq 4104981452, win 29200, options [mss 1460,sackOK,TS val 410865956 ecr 0,nop,wscale 6], length 0
23:35:58.880314 IP 10.10.100.133.1883 > 10.10.100.128.38636: Flags [S.], seq 2314502333, ack 4104981453, win 28960, options [mss 1460,sackOK,TS val 412092296 ecr 410865956,nop,wscale 7], length 0
23:35:58.893524 IP 10.10.100.128.38636 > 10.10.100.133.1883: Flags [.], ack 1, win 457, options [nop,nop,TS val 410865960 ecr 412092296], length 0
23:35:58.893532 IP 10.10.100.128.38636 > 10.10.100.133.1883: Flags [P.], seq 1:37, ack 1, win 457, options [nop,nop,TS val 410865960 ecr 412092296], length 36
23:35:58.894140 IP 10.10.100.133.1883 > 10.10.100.128.38636: Flags [.], ack 37, win 227, options [nop,nop,TS val 412092299 ecr 410865960], length 0
23:35:58.912571 IP 10.10.100.133.1883 > 10.10.100.128.38636: Flags [P.], seq 1:5, ack 37, win 227, options [nop,nop,TS val 412092304 ecr 410865960], length 4
23:35:58.925486 IP 10.10.100.128.38636 > 10.10.100.133.1883: Flags [.], ack 5, win 457, options [nop,nop,TS val 410865968 ecr 412092304], length 0
23:35:58.925491 IP 10.10.100.128.38636 > 10.10.100.133.1883: Flags [P.], seq 37:419, ack 5, win 457, options [nop,nop,TS val 410865968 ecr 412092304], length 382
23:35:58.925492 IP 10.10.100.128.38636 > 10.10.100.133.1883: Flags [FP.], seq 419:421, ack 5, win 457, options [nop,nop,TS val 410865968 ecr 412092304], length 2
23:35:58.926252 IP 10.10.100.133.1883 > 10.10.100.128.38636: Flags [.], ack 422, win 235, options [nop,nop,TS val 412092307 ecr 410865968], length 0
23:35:58.928845 IP 10.10.100.133.1883 > 10.10.100.128.38636: Flags [F.], seq 5, ack 422, win 235, options [nop,nop,TS val 412092308 ecr 410865968], length 0
23:35:58.941862 IP 10.10.100.128.38636 > 10.10.100.133.1883: Flags [.], ack 6, win 457, options [nop,nop,TS val 410865972 ecr 412092308], length 0
23:35:59.934238 IP 10.10.100.128.38638 > 10.10.100.133.1883: Flags [S], seq 263519503, win 29200, options [mss 1460,sackOK,TS val 410866220 ecr 0,nop,wscale 6], length 0
23:35:59.934558 IP 10.10.100.133.1883 > 10.10.100.128.38638: Flags [S.], seq 502731502, ack 263519504, win 28960, options [mss 1460,sackOK,TS val 412092559 ecr 410866220,nop,wscale 7], length 0
23:35:59.947197 IP 10.10.100.128.38638 > 10.10.100.133.1883: Flags [.], ack 1, win 457, options [nop,nop,TS val 410866224 ecr 412092559], length 0
23:35:59.947311 IP 10.10.100.128.38638 > 10.10.100.133.1883: Flags [P.], seq 1:37, ack 1, win 457, options [nop,nop,TS val 410866224 ecr 412092559], length 36
23:35:59.947617 IP 10.10.100.133.1883 > 10.10.100.128.38638: Flags [.], ack 37, win 227, options [nop,nop,TS val 412092563 ecr 410866224], length 0
23:35:59.950684 IP 10.10.100.133.1883 > 10.10.100.128.38638: Flags [P.], seq 1:5, ack 37, win 227, options [nop,nop,TS val 412092563 ecr 410866224], length 4
23:35:59.964172 IP 10.10.100.128.38638 > 10.10.100.133.1883: Flags [.], ack 5, win 457, options [nop,nop,TS val 410866228 ecr 412092563], length 0
23:35:59.964177 IP 10.10.100.128.38638 > 10.10.100.133.1883: Flags [P.], seq 37:452, ack 5, win 457, options [nop,nop,TS val 410866228 ecr 412092563], length 415
23:35:59.964177 IP 10.10.100.128.38638 > 10.10.100.133.1883: Flags [FP.], seq 452:454, ack 5, win 457, options [nop,nop,TS val 410866228 ecr 412092563], length 2
23:35:59.964689 IP 10.10.100.133.1883 > 10.10.100.128.38638: Flags [.], ack 455, win 235, options [nop,nop,TS val 412092567 ecr 410866228], length 0
23:35:59.966768 IP 10.10.100.133.1883 > 10.10.100.128.38638: Flags [F.], seq 5, ack 455, win 235, options [nop,nop,TS val 412092567 ecr 410866228], length 0
23:35:59.980139 IP 10.10.100.128.38638 > 10.10.100.133.1883: Flags [.], ack 6, win 457, options [nop,nop,TS val 410866232 ecr 412092567], length 0
23:36:00.972324 IP 10.10.100.128.38640 > 10.10.100.133.1883: Flags [S], seq 641261370, win 29200, options [mss 1460,sackOK,TS val 410866480 ecr 0,nop,wscale 6], length 0
23:36:01.021796 IP 10.10.100.133.1883 > 10.10.100.128.38640: Flags [S.], seq 2074249704, ack 641261371, win 28960, options [mss 1460,sackOK,TS val 412092824 ecr 410866480,nop,wscale 7], length 0
23:36:01.035253 IP 10.10.100.128.38640 > 10.10.100.133.1883: Flags [.], ack 1, win 457, options [nop,nop,TS val 410866495 ecr 412092824], length 0
23:36:01.035260 IP 10.10.100.128.38640 > 10.10.100.133.1883: Flags [P.], seq 1:37, ack 1, win 457, options [nop,nop,TS val 410866495 ecr 412092824], length 36
23:36:01.035594 IP 10.10.100.133.1883 > 10.10.100.128.38640: Flags [.], ack 37, win 227, options [nop,nop,TS val 412092834 ecr 410866495], length 0
23:36:01.079276 IP 10.10.100.133.1883 > 10.10.100.128.38640: Flags [P.], seq 1:5, ack 37, win 227, options [nop,nop,TS val 412092845 ecr 410866495], length 4
23:36:01.092469 IP 10.10.100.128.38640 > 10.10.100.133.1883: Flags [.], ack 5, win 457, options [nop,nop,TS val 410866510 ecr 412092845], length 0
23:36:01.092476 IP 10.10.100.128.38640 > 10.10.100.133.1883: Flags [P.], seq 37:453, ack 5, win 457, options [nop,nop,TS val 410866510 ecr 412092845], length 416
23:36:01.092477 IP 10.10.100.128.38640 > 10.10.100.133.1883: Flags [FP.], seq 453:455, ack 5, win 457, options [nop,nop,TS val 410866510 ecr 412092845], length 2
23:36:01.092883 IP 10.10.100.133.1883 > 10.10.100.128.38640: Flags [.], ack 453, win 235, options [nop,nop,TS val 412092849 ecr 410866510], length 0
23:36:01.095429 IP 10.10.100.133.1883 > 10.10.100.128.38640: Flags [F.], seq 5, ack 456, win 235, options [nop,nop,TS val 412092849 ecr 410866510], length 0
23:36:01.108443 IP 10.10.100.128.38640 > 10.10.100.133.1883: Flags [.], ack 6, win 457, options [nop,nop,TS val 410866514 ecr 412092849], length 0
23:36:02.100356 IP 10.10.100.128.38642 > 10.10.100.133.1883: Flags [S], seq 4080795595, win 29200, options [mss 1460,sackOK,TS val 410866762 ecr 0,nop,wscale 6], length 0
23:36:02.100859 IP 10.10.100.133.1883 > 10.10.100.128.38642: Flags [S.], seq 1405017215, ack 4080795596, win 28960, options [mss 1460,sackOK,TS val 412093101 ecr 410866762,nop,wscale 7], length 0
23:36:02.114337 IP 10.10.100.128.38642 > 10.10.100.133.1883: Flags [.], ack 1, win 457, options [nop,nop,TS val 410866765 ecr 412093101], length 0
23:36:02.114343 IP 10.10.100.128.38642 > 10.10.100.133.1883: Flags [P.], seq 1:37, ack 1, win 457, options [nop,nop,TS val 410866765 ecr 412093101], length 36
23:36:02.114858 IP 10.10.100.133.1883 > 10.10.100.128.38642: Flags [.], ack 37, win 227, options [nop,nop,TS val 412093104 ecr 410866765], length 0
23:36:02.118550 IP 10.10.100.133.1883 > 10.10.100.128.38642: Flags [P.], seq 1:5, ack 37, win 227, options [nop,nop,TS val 412093105 ecr 410866765], length 4
23:36:02.131256 IP 10.10.100.128.38642 > 10.10.100.133.1883: Flags [.], ack 5, win 457, options [nop,nop,TS val 410866770 ecr 412093105], length 0
23:36:02.131389 IP 10.10.100.128.38642 > 10.10.100.133.1883: Flags [P.], seq 37:453, ack 5, win 457, options [nop,nop,TS val 410866770 ecr 412093105], length 416
23:36:02.131391 IP 10.10.100.128.38642 > 10.10.100.133.1883: Flags [FP.], seq 453:455, ack 5, win 457, options [nop,nop,TS val 410866770 ecr 412093105], length 2
23:36:02.132285 IP 10.10.100.133.1883 > 10.10.100.128.38642: Flags [.], ack 456, win 235, options [nop,nop,TS val 412093109 ecr 410866770], length 0
23:36:02.136580 IP 10.10.100.133.1883 > 10.10.100.128.38642: Flags [F.], seq 5, ack 456, win 235, options [nop,nop,TS val 412093110 ecr 410866770], length 0
23:36:02.149601 IP 10.10.100.128.38642 > 10.10.100.133.1883: Flags [.], ack 6, win 457, options [nop,nop,TS val 410866774 ecr 412093110], length 0
23:36:03.145474 IP 10.10.100.128.38644 > 10.10.100.133.1883: Flags [S], seq 974757997, win 29200, options [mss 1460,sackOK,TS val 410867023 ecr 0,nop,wscale 6], length 0
23:36:03.145866 IP 10.10.100.133.1883 > 10.10.100.128.38644: Flags [S.], seq 3427404677, ack 974757998, win 28960, options [mss 1460,sackOK,TS val 412093362 ecr 410867023,nop,wscale 7], length 0
23:36:03.158671 IP 10.10.100.128.38644 > 10.10.100.133.1883: Flags [.], ack 1, win 457, options [nop,nop,TS val 410867026 ecr 412093362], length 0
23:36:03.158675 IP 10.10.100.128.38644 > 10.10.100.133.1883: Flags [P.], seq 1:37, ack 1, win 457, options [nop,nop,TS val 410867026 ecr 412093362], length 36
23:36:03.159168 IP 10.10.100.133.1883 > 10.10.100.128.38644: Flags [.], ack 37, win 227, options [nop,nop,TS val 412093365 ecr 410867026], length 0
23:36:03.161456 IP 10.10.100.133.1883 > 10.10.100.128.38644: Flags [P.], seq 1:5, ack 37, win 227, options [nop,nop,TS val 412093366 ecr 410867026], length 4
23:36:03.174089 IP 10.10.100.128.38644 > 10.10.100.133.1883: Flags [.], ack 5, win 457, options [nop,nop,TS val 410867030 ecr 412093366], length 0
23:36:03.174186 IP 10.10.100.128.38644 > 10.10.100.133.1883: Flags [P.], seq 37:453, ack 5, win 457, options [nop,nop,TS val 410867030 ecr 412093366], length 416
23:36:03.174187 IP 10.10.100.128.38644 > 10.10.100.133.1883: Flags [FP.], seq 453:455, ack 5, win 457, options [nop,nop,TS val 410867030 ecr 412093366], length 2
23:36:03.174840 IP 10.10.100.133.1883 > 10.10.100.128.38644: Flags [.], ack 456, win 235, options [nop,nop,TS val 412093369 ecr 410867030], length 0
23:36:03.177876 IP 10.10.100.133.1883 > 10.10.100.128.38644: Flags [F.], seq 5, ack 456, win 235, options [nop,nop,TS val 412093370 ecr 410867030], length 0
23:36:03.191045 IP 10.10.100.128.38644 > 10.10.100.133.1883: Flags [.], ack 6, win 457, options [nop,nop,TS val 410867034 ecr 412093370], length 0
23:36:04.181796 IP 10.10.100.128.38646 > 10.10.100.133.1883: Flags [S], seq 1004722417, win 29200, options [mss 1460,sackOK,TS val 410867282 ecr 0,nop,wscale 6], length 0
23:36:04.182242 IP 10.10.100.133.1883 > 10.10.100.128.38646: Flags [S.], seq 2238807431, ack 1004722418, win 28960, options [mss 1460,sackOK,TS val 412093621 ecr 410867282,nop,wscale 7], length 0
23:36:04.194865 IP 10.10.100.128.38646 > 10.10.100.133.1883: Flags [.], ack 1, win 457, options [nop,nop,TS val 410867285 ecr 412093621], length 0
23:36:04.195014 IP 10.10.100.128.38646 > 10.10.100.133.1883: Flags [P.], seq 1:37, ack 1, win 457, options [nop,nop,TS val 410867285 ecr 412093621], length 36
23:36:04.195623 IP 10.10.100.133.1883 > 10.10.100.128.38646: Flags [.], ack 37, win 227, options [nop,nop,TS val 412093624 ecr 410867285], length 0
23:36:04.202490 IP 10.10.100.133.1883 > 10.10.100.128.38646: Flags [P.], seq 1:5, ack 37, win 227, options [nop,nop,TS val 412093626 ecr 410867285], length 4
23:36:04.257161 IP 10.10.100.128.38646 > 10.10.100.133.1883: Flags [.], ack 5, win 457, options [nop,nop,TS val 410867291 ecr 412093626], length 0
23:36:04.257175 IP 10.10.100.128.38646 > 10.10.100.133.1883: Flags [P.], seq 37:452, ack 5, win 457, options [nop,nop,TS val 410867291 ecr 412093626], length 415
23:36:04.257176 IP 10.10.100.128.38646 > 10.10.100.133.1883: Flags [FP.], seq 452:454, ack 5, win 457, options [nop,nop,TS val 410867291 ecr 412093626], length 2
23:36:04.264823 IP 10.10.100.133.1883 > 10.10.100.128.38646: Flags [.], ack 455, win 235, options [nop,nop,TS val 412093642 ecr 410867291], length 0
23:36:04.268067 IP 10.10.100.133.1883 > 10.10.100.128.38646: Flags [F.], seq 5, ack 455, win 235, options [nop,nop,TS val 412093643 ecr 410867291], length 0
23:36:04.281915 IP 10.10.100.128.38646 > 10.10.100.133.1883: Flags [.], ack 6, win 457, options [nop,nop,TS val 410867307 ecr 412093643], length 0
23:36:05.226970 IP 10.10.100.128.38648 > 10.10.100.133.1883: Flags [S], seq 2862964913, win 29200, options [mss 1460,sackOK,TS val 410867543 ecr 0,nop,wscale 6], length 0
23:36:05.227462 IP 10.10.100.133.1883 > 10.10.100.128.38648: Flags [S.], seq 3997276060, ack 2862964914, win 28960, options [mss 1460,sackOK,TS val 412093882 ecr 410867543,nop,wscale 7], length 0
23:36:05.240921 IP 10.10.100.128.38648 > 10.10.100.133.1883: Flags [.], ack 1, win 457, options [nop,nop,TS val 410867547 ecr 412093882], length 0
23:36:05.240927 IP 10.10.100.128.38648 > 10.10.100.133.1883: Flags [P.], seq 1:37, ack 1, win 457, options [nop,nop,TS val 410867547 ecr 412093882], length 36
23:36:05.241314 IP 10.10.100.133.1883 > 10.10.100.128.38648: Flags [.], ack 37, win 227, options [nop,nop,TS val 412093886 ecr 410867547], length 0
23:36:05.291176 IP 10.10.100.133.1883 > 10.10.100.128.38648: Flags [P.], seq 1:5, ack 37, win 227, options [nop,nop,TS val 412093898 ecr 410867547], length 4
23:36:05.304341 IP 10.10.100.128.38648 > 10.10.100.133.1883: Flags [.], ack 5, win 457, options [nop,nop,TS val 410867563 ecr 412093898], length 0
23:36:05.304347 IP 10.10.100.128.38648 > 10.10.100.133.1883: Flags [P.], seq 37:453, ack 5, win 457, options [nop,nop,TS val 410867563 ecr 412093898], length 416
23:36:05.304347 IP 10.10.100.128.38648 > 10.10.100.133.1883: Flags [FP.], seq 453:455, ack 5, win 457, options [nop,nop,TS val 410867563 ecr 412093898], length 2
23:36:05.304801 IP 10.10.100.133.1883 > 10.10.100.128.38648: Flags [.], ack 453, win 235, options [nop,nop,TS val 412093902 ecr 410867563], length 0
23:36:05.307375 IP 10.10.100.133.1883 > 10.10.100.128.38648: Flags [F.], seq 5, ack 456, win 235, options [nop,nop,TS val 412093902 ecr 410867563], length 0
23:36:05.321318 IP 10.10.100.128.38648 > 10.10.100.133.1883: Flags [.], ack 6, win 457, options [nop,nop,TS val 410867567 ecr 412093902], length 0
23:36:06.331014 IP 10.10.100.128.38650 > 10.10.100.133.1883: Flags [S], seq 3604685700, win 29200, options [mss 1460,sackOK,TS val 410867819 ecr 0,nop,wscale 6], length 0
23:36:06.331468 IP 10.10.100.133.1883 > 10.10.100.128.38650: Flags [S.], seq 182874538, ack 3604685701, win 28960, options [mss 1460,sackOK,TS val 412094158 ecr 410867819,nop,wscale 7], length 0
23:36:06.344555 IP 10.10.100.128.38650 > 10.10.100.133.1883: Flags [.], ack 1, win 457, options [nop,nop,TS val 410867823 ecr 412094158], length 0
23:36:06.344560 IP 10.10.100.128.38650 > 10.10.100.133.1883: Flags [P.], seq 1:37, ack 1, win 457, options [nop,nop,TS val 410867823 ecr 412094158], length 36
23:36:06.344991 IP 10.10.100.133.1883 > 10.10.100.128.38650: Flags [.], ack 37, win 227, options [nop,nop,TS val 412094162 ecr 410867823], length 0
23:36:06.351426 IP 10.10.100.133.1883 > 10.10.100.128.38650: Flags [P.], seq 1:5, ack 37, win 227, options [nop,nop,TS val 412094163 ecr 410867823], length 4
23:36:06.364511 IP 10.10.100.128.38650 > 10.10.100.133.1883: Flags [.], ack 5, win 457, options [nop,nop,TS val 410867828 ecr 412094163], length 0
23:36:06.364518 IP 10.10.100.128.38650 > 10.10.100.133.1883: Flags [FP.], seq 453:455, ack 5, win 457, options [nop,nop,TS val 410867828 ecr 412094163], length 2
23:36:06.364518 IP 10.10.100.128.38650 > 10.10.100.133.1883: Flags [P.], seq 37:453, ack 5, win 457, options [nop,nop,TS val 410867828 ecr 412094163], length 416
23:36:06.364901 IP 10.10.100.133.1883 > 10.10.100.128.38650: Flags [.], ack 37, win 227, options [nop,nop,TS val 412094167 ecr 410867828,nop,nop,sack 1 {453:456}], length 0
23:36:06.364934 IP 10.10.100.133.1883 > 10.10.100.128.38650: Flags [.], ack 456, win 235, options [nop,nop,TS val 412094167 ecr 410867828], length 0
23:36:06.371892 IP 10.10.100.133.1883 > 10.10.100.128.38650: Flags [F.], seq 5, ack 456, win 235, options [nop,nop,TS val 412094169 ecr 410867828], length 0
23:36:06.385500 IP 10.10.100.128.38650 > 10.10.100.133.1883: Flags [.], ack 6, win 457, options [nop,nop,TS val 410867833 ecr 412094169], length 0
23:36:20.007269 IP 10.10.100.128.38676 > 10.10.100.133.1883: Flags [S], seq 1309167163, win 29200, options [mss 1460,sackOK,TS val 410871238 ecr 0,nop,wscale 6], length 0
23:36:20.007763 IP 10.10.100.133.1883 > 10.10.100.128.38676: Flags [S.], seq 2313723487, ack 1309167164, win 28960, options [mss 1460,sackOK,TS val 412097578 ecr 410871238,nop,wscale 7], length 0
23:36:20.021246 IP 10.10.100.128.38676 > 10.10.100.133.1883: Flags [.], ack 1, win 457, options [nop,nop,TS val 410871242 ecr 412097578], length 0
23:36:20.021253 IP 10.10.100.128.38676 > 10.10.100.133.1883: Flags [P.], seq 1:37, ack 1, win 457, options [nop,nop,TS val 410871242 ecr 412097578], length 36
23:36:20.021633 IP 10.10.100.133.1883 > 10.10.100.128.38676: Flags [.], ack 37, win 227, options [nop,nop,TS val 412097581 ecr 410871242], length 0
23:36:20.023235 IP 10.10.100.133.1883 > 10.10.100.128.38676: Flags [P.], seq 1:5, ack 37, win 227, options [nop,nop,TS val 412097581 ecr 410871242], length 4
23:36:20.036044 IP 10.10.100.128.38676 > 10.10.100.133.1883: Flags [.], ack 5, win 457, options [nop,nop,TS val 410871246 ecr 412097581], length 0
23:36:20.036050 IP 10.10.100.128.38676 > 10.10.100.133.1883: Flags [P.], seq 37:453, ack 5, win 457, options [nop,nop,TS val 410871246 ecr 412097581], length 416
23:36:20.036051 IP 10.10.100.128.38676 > 10.10.100.133.1883: Flags [FP.], seq 453:455, ack 5, win 457, options [nop,nop,TS val 410871246 ecr 412097581], length 2
23:36:20.037793 IP 10.10.100.133.1883 > 10.10.100.128.38676: Flags [.], ack 456, win 235, options [nop,nop,TS val 412097585 ecr 410871246], length 0
23:36:20.074904 IP 10.10.100.133.1883 > 10.10.100.128.38676: Flags [F.], seq 5, ack 456, win 235, options [nop,nop,TS val 412097594 ecr 410871246], length 0
23:36:20.088345 IP 10.10.100.128.38676 > 10.10.100.133.1883: Flags [.], ack 6, win 457, options [nop,nop,TS val 410871259 ecr 412097594], length 0
23:36:21.046255 IP 10.10.100.128.38678 > 10.10.100.133.1883: Flags [S], seq 563512834, win 29200, options [mss 1460,sackOK,TS val 410871498 ecr 0,nop,wscale 6], length 0
23:36:21.046734 IP 10.10.100.133.1883 > 10.10.100.128.38678: Flags [S.], seq 3329726582, ack 563512835, win 28960, options [mss 1460,sackOK,TS val 412097837 ecr 410871498,nop,wscale 7], length 0
23:36:21.091426 IP 10.10.100.128.38678 > 10.10.100.133.1883: Flags [.], ack 1, win 457, options [nop,nop,TS val 410871502 ecr 412097837], length 0
23:36:21.091441 IP 10.10.100.128.38678 > 10.10.100.133.1883: Flags [P.], seq 1:37, ack 1, win 457, options [nop,nop,TS val 410871502 ecr 412097837], length 36
23:36:21.095048 IP 10.10.100.133.1883 > 10.10.100.128.38678: Flags [.], ack 37, win 227, options [nop,nop,TS val 412097849 ecr 410871502], length 0
23:36:21.102536 IP 10.10.100.133.1883 > 10.10.100.128.38678: Flags [P.], seq 1:5, ack 37, win 227, options [nop,nop,TS val 412097851 ecr 410871502], length 4
23:36:21.115650 IP 10.10.100.128.38678 > 10.10.100.133.1883: Flags [.], ack 5, win 457, options [nop,nop,TS val 410871516 ecr 412097851], length 0
23:36:21.115655 IP 10.10.100.128.38678 > 10.10.100.133.1883: Flags [P.], seq 37:453, ack 5, win 457, options [nop,nop,TS val 410871516 ecr 412097851], length 416
23:36:21.115672 IP 10.10.100.128.38678 > 10.10.100.133.1883: Flags [FP.], seq 453:455, ack 5, win 457, options [nop,nop,TS val 410871516 ecr 412097851], length 2
23:36:21.118861 IP 10.10.100.133.1883 > 10.10.100.128.38678: Flags [.], ack 456, win 235, options [nop,nop,TS val 412097855 ecr 410871516], length 0
23:36:21.120623 IP 10.10.100.133.1883 > 10.10.100.128.38678: Flags [F.], seq 5, ack 456, win 235, options [nop,nop,TS val 412097856 ecr 410871516], length 0
23:36:21.133551 IP 10.10.100.128.38678 > 10.10.100.133.1883: Flags [.], ack 6, win 457, options [nop,nop,TS val 410871520 ecr 412097856], length 0
23:36:22.172979 IP 10.10.100.128.38680 > 10.10.100.133.1883: Flags [S], seq 524879203, win 29200, options [mss 1460,sackOK,TS val 410871780 ecr 0,nop,wscale 6], length 0
23:36:22.173433 IP 10.10.100.133.1883 > 10.10.100.128.38680: Flags [S.], seq 2393731420, ack 524879204, win 28960, options [mss 1460,sackOK,TS val 412098119 ecr 410871780,nop,wscale 7], length 0
23:36:22.186931 IP 10.10.100.128.38680 > 10.10.100.133.1883: Flags [.], ack 1, win 457, options [nop,nop,TS val 410871783 ecr 412098119], length 0
23:36:22.186938 IP 10.10.100.128.38680 > 10.10.100.133.1883: Flags [P.], seq 1:37, ack 1, win 457, options [nop,nop,TS val 410871783 ecr 412098119], length 36
23:36:22.187375 IP 10.10.100.133.1883 > 10.10.100.128.38680: Flags [.], ack 37, win 227, options [nop,nop,TS val 412098122 ecr 410871783], length 0
23:36:22.193477 IP 10.10.100.133.1883 > 10.10.100.128.38680: Flags [P.], seq 1:5, ack 37, win 227, options [nop,nop,TS val 412098124 ecr 410871783], length 4
23:36:22.206897 IP 10.10.100.128.38680 > 10.10.100.133.1883: Flags [.], ack 5, win 457, options [nop,nop,TS val 410871788 ecr 412098124], length 0
23:36:22.206903 IP 10.10.100.128.38680 > 10.10.100.133.1883: Flags [P.], seq 37:453, ack 5, win 457, options [nop,nop,TS val 410871788 ecr 412098124], length 416
23:36:22.206903 IP 10.10.100.128.38680 > 10.10.100.133.1883: Flags [FP.], seq 453:455, ack 5, win 457, options [nop,nop,TS val 410871788 ecr 412098124], length 2
23:36:22.209234 IP 10.10.100.133.1883 > 10.10.100.128.38680: Flags [.], ack 456, win 235, options [nop,nop,TS val 412098128 ecr 410871788], length 0
23:36:22.210821 IP 10.10.100.133.1883 > 10.10.100.128.38680: Flags [F.], seq 5, ack 456, win 235, options [nop,nop,TS val 412098128 ecr 410871788], length 0
23:36:22.223884 IP 10.10.100.128.38680 > 10.10.100.133.1883: Flags [.], ack 6, win 457, options [nop,nop,TS val 410871793 ecr 412098128], length 0
23:36:23.215607 IP 10.10.100.128.38682 > 10.10.100.133.1883: Flags [S], seq 3366161358, win 29200, options [mss 1460,sackOK,TS val 410872041 ecr 0,nop,wscale 6], length 0
23:36:23.216696 IP 10.10.100.133.1883 > 10.10.100.128.38682: Flags [S.], seq 3150950966, ack 3366161359, win 28960, options [mss 1460,sackOK,TS val 412098380 ecr 410872041,nop,wscale 7], length 0
23:36:23.256291 IP 10.10.100.128.38682 > 10.10.100.133.1883: Flags [.], ack 1, win 457, options [nop,nop,TS val 410872044 ecr 412098380], length 0
23:36:23.256297 IP 10.10.100.128.38682 > 10.10.100.133.1883: Flags [P.], seq 1:37, ack 1, win 457, options [nop,nop,TS val 410872044 ecr 412098380], length 36
23:36:23.275214 IP 10.10.100.133.1883 > 10.10.100.128.38682: Flags [.], ack 37, win 227, options [nop,nop,TS val 412098394 ecr 410872044], length 0
23:36:23.289889 IP 10.10.100.133.1883 > 10.10.100.128.38682: Flags [P.], seq 1:5, ack 37, win 227, options [nop,nop,TS val 412098398 ecr 410872044], length 4
23:36:23.303844 IP 10.10.100.128.38682 > 10.10.100.133.1883: Flags [.], ack 5, win 457, options [nop,nop,TS val 410872062 ecr 412098398], length 0
23:36:23.303852 IP 10.10.100.128.38682 > 10.10.100.133.1883: Flags [P.], seq 37:453, ack 5, win 457, options [nop,nop,TS val 410872062 ecr 412098398], length 416
23:36:23.303853 IP 10.10.100.128.38682 > 10.10.100.133.1883: Flags [FP.], seq 453:455, ack 5, win 457, options [nop,nop,TS val 410872062 ecr 412098398], length 2
23:36:23.304459 IP 10.10.100.133.1883 > 10.10.100.128.38682: Flags [.], ack 456, win 235, options [nop,nop,TS val 412098402 ecr 410872062], length 0
23:36:23.309434 IP 10.10.100.133.1883 > 10.10.100.128.38682: Flags [F.], seq 5, ack 456, win 235, options [nop,nop,TS val 412098403 ecr 410872062], length 0
23:36:23.322814 IP 10.10.100.128.38682 > 10.10.100.133.1883: Flags [.], ack 6, win 457, options [nop,nop,TS val 410872067 ecr 412098403], length 0
23:36:24.311304 IP 10.10.100.128.38684 > 10.10.100.133.1883: Flags [S], seq 2279561601, win 29200, options [mss 1460,sackOK,TS val 410872314 ecr 0,nop,wscale 6], length 0
23:36:24.312183 IP 10.10.100.133.1883 > 10.10.100.128.38684: Flags [S.], seq 2338766273, ack 2279561602, win 28960, options [mss 1460,sackOK,TS val 412098654 ecr 410872314,nop,wscale 7], length 0
23:36:24.325312 IP 10.10.100.128.38684 > 10.10.100.133.1883: Flags [.], ack 1, win 457, options [nop,nop,TS val 410872318 ecr 412098654], length 0
23:36:24.325319 IP 10.10.100.128.38684 > 10.10.100.133.1883: Flags [P.], seq 1:37, ack 1, win 457, options [nop,nop,TS val 410872318 ecr 412098654], length 36
23:36:24.325981 IP 10.10.100.133.1883 > 10.10.100.128.38684: Flags [.], ack 37, win 227, options [nop,nop,TS val 412098657 ecr 410872318], length 0
23:36:24.328570 IP 10.10.100.133.1883 > 10.10.100.128.38684: Flags [P.], seq 1:5, ack 37, win 227, options [nop,nop,TS val 412098658 ecr 410872318], length 4
23:36:24.341249 IP 10.10.100.128.38684 > 10.10.100.133.1883: Flags [.], ack 5, win 457, options [nop,nop,TS val 410872322 ecr 412098658], length 0
23:36:24.341383 IP 10.10.100.128.38684 > 10.10.100.133.1883: Flags [P.], seq 37:453, ack 5, win 457, options [nop,nop,TS val 410872322 ecr 412098658], length 416
23:36:24.341385 IP 10.10.100.128.38684 > 10.10.100.133.1883: Flags [FP.], seq 453:455, ack 5, win 457, options [nop,nop,TS val 410872322 ecr 412098658], length 2
23:36:24.342187 IP 10.10.100.133.1883 > 10.10.100.128.38684: Flags [.], ack 456, win 235, options [nop,nop,TS val 412098661 ecr 410872322], length 0
23:36:24.345246 IP 10.10.100.133.1883 > 10.10.100.128.38684: Flags [F.], seq 5, ack 456, win 235, options [nop,nop,TS val 412098662 ecr 410872322], length 0
23:36:24.357935 IP 10.10.100.128.38684 > 10.10.100.133.1883: Flags [.], ack 6, win 457, options [nop,nop,TS val 410872326 ecr 412098662], length 0
23:36:25.349990 IP 10.10.100.128.38686 > 10.10.100.133.1883: Flags [S], seq 4255628327, win 29200, options [mss 1460,sackOK,TS val 410872574 ecr 0,nop,wscale 6], length 0
23:36:25.350489 IP 10.10.100.133.1883 > 10.10.100.128.38686: Flags [S.], seq 1132857219, ack 4255628328, win 28960, options [mss 1460,sackOK,TS val 412098913 ecr 410872574,nop,wscale 7], length 0
23:36:25.363956 IP 10.10.100.128.38686 > 10.10.100.133.1883: Flags [.], ack 1, win 457, options [nop,nop,TS val 410872578 ecr 412098913], length 0
23:36:25.363960 IP 10.10.100.128.38686 > 10.10.100.133.1883: Flags [P.], seq 1:37, ack 1, win 457, options [nop,nop,TS val 410872578 ecr 412098913], length 36
23:36:25.364384 IP 10.10.100.133.1883 > 10.10.100.128.38686: Flags [.], ack 37, win 227, options [nop,nop,TS val 412098917 ecr 410872578], length 0
23:36:25.368572 IP 10.10.100.133.1883 > 10.10.100.128.38686: Flags [P.], seq 1:5, ack 37, win 227, options [nop,nop,TS val 412098918 ecr 410872578], length 4
23:36:25.382103 IP 10.10.100.128.38686 > 10.10.100.133.1883: Flags [.], ack 5, win 457, options [nop,nop,TS val 410872582 ecr 412098918], length 0
23:36:25.382106 IP 10.10.100.128.38686 > 10.10.100.133.1883: Flags [P.], seq 37:452, ack 5, win 457, options [nop,nop,TS val 410872582 ecr 412098918], length 415
23:36:25.382107 IP 10.10.100.128.38686 > 10.10.100.133.1883: Flags [FP.], seq 452:454, ack 5, win 457, options [nop,nop,TS val 410872582 ecr 412098918], length 2
23:36:25.382701 IP 10.10.100.133.1883 > 10.10.100.128.38686: Flags [.], ack 455, win 235, options [nop,nop,TS val 412098921 ecr 410872582], length 0
23:36:25.385607 IP 10.10.100.133.1883 > 10.10.100.128.38686: Flags [F.], seq 5, ack 455, win 235, options [nop,nop,TS val 412098922 ecr 410872582], length 0
23:36:25.398958 IP 10.10.100.128.38686 > 10.10.100.133.1883: Flags [.], ack 6, win 457, options [nop,nop,TS val 410872586 ecr 412098922], length 0
23:36:26.405192 IP 10.10.100.128.38688 > 10.10.100.133.1883: Flags [S], seq 4035202704, win 29200, options [mss 1460,sackOK,TS val 410872838 ecr 0,nop,wscale 6], length 0
23:36:26.405632 IP 10.10.100.133.1883 > 10.10.100.128.38688: Flags [S.], seq 3107163130, ack 4035202705, win 28960, options [mss 1460,sackOK,TS val 412099177 ecr 410872838,nop,wscale 7], length 0
23:36:26.418209 IP 10.10.100.128.38688 > 10.10.100.133.1883: Flags [.], ack 1, win 457, options [nop,nop,TS val 410872841 ecr 412099177], length 0
23:36:26.418324 IP 10.10.100.128.38688 > 10.10.100.133.1883: Flags [P.], seq 1:37, ack 1, win 457, options [nop,nop,TS val 410872841 ecr 412099177], length 36
23:36:26.418877 IP 10.10.100.133.1883 > 10.10.100.128.38688: Flags [.], ack 37, win 227, options [nop,nop,TS val 412099180 ecr 410872841], length 0
23:36:26.423416 IP 10.10.100.133.1883 > 10.10.100.128.38688: Flags [P.], seq 1:5, ack 37, win 227, options [nop,nop,TS val 412099181 ecr 410872841], length 4
23:36:26.436142 IP 10.10.100.128.38688 > 10.10.100.133.1883: Flags [.], ack 5, win 457, options [nop,nop,TS val 410872846 ecr 412099181], length 0
23:36:26.436149 IP 10.10.100.128.38688 > 10.10.100.133.1883: Flags [P.], seq 37:453, ack 5, win 457, options [nop,nop,TS val 410872846 ecr 412099181], length 416
23:36:26.436287 IP 10.10.100.128.38688 > 10.10.100.133.1883: Flags [FP.], seq 453:455, ack 5, win 457, options [nop,nop,TS val 410872846 ecr 412099181], length 2
23:36:26.436751 IP 10.10.100.133.1883 > 10.10.100.128.38688: Flags [.], ack 456, win 235, options [nop,nop,TS val 412099185 ecr 410872846], length 0
23:36:26.439157 IP 10.10.100.133.1883 > 10.10.100.128.38688: Flags [F.], seq 5, ack 456, win 235, options [nop,nop,TS val 412099185 ecr 410872846], length 0
23:36:26.452068 IP 10.10.100.128.38688 > 10.10.100.133.1883: Flags [.], ack 6, win 457, options [nop,nop,TS val 410872850 ecr 412099185], length 0
23:36:27.447639 IP 10.10.100.128.38690 > 10.10.100.133.1883: Flags [S], seq 1621587060, win 29200, options [mss 1460,sackOK,TS val 410873098 ecr 0,nop,wscale 6], length 0
23:36:27.448230 IP 10.10.100.133.1883 > 10.10.100.128.38690: Flags [S.], seq 1743546869, ack 1621587061, win 28960, options [mss 1460,sackOK,TS val 412099438 ecr 410873098,nop,wscale 7], length 0
23:36:27.461628 IP 10.10.100.128.38690 > 10.10.100.133.1883: Flags [.], ack 1, win 457, options [nop,nop,TS val 410873102 ecr 412099438], length 0
23:36:27.461637 IP 10.10.100.128.38690 > 10.10.100.133.1883: Flags [P.], seq 1:37, ack 1, win 457, options [nop,nop,TS val 410873102 ecr 412099438], length 36
23:36:27.462379 IP 10.10.100.133.1883 > 10.10.100.128.38690: Flags [.], ack 37, win 227, options [nop,nop,TS val 412099441 ecr 410873102], length 0
23:36:27.523265 IP 10.10.100.133.1883 > 10.10.100.128.38690: Flags [P.], seq 1:5, ack 37, win 227, options [nop,nop,TS val 412099456 ecr 410873102], length 4
23:36:27.537515 IP 10.10.100.128.38690 > 10.10.100.133.1883: Flags [.], ack 5, win 457, options [nop,nop,TS val 410873121 ecr 412099456], length 0
23:36:27.537521 IP 10.10.100.128.38690 > 10.10.100.133.1883: Flags [P.], seq 37:452, ack 5, win 457, options [nop,nop,TS val 410873121 ecr 412099456], length 415
23:36:27.537522 IP 10.10.100.128.38690 > 10.10.100.133.1883: Flags [FP.], seq 452:454, ack 5, win 457, options [nop,nop,TS val 410873121 ecr 412099456], length 2
23:36:27.538130 IP 10.10.100.133.1883 > 10.10.100.128.38690: Flags [.], ack 452, win 235, options [nop,nop,TS val 412099460 ecr 410873121], length 0
23:36:27.541515 IP 10.10.100.133.1883 > 10.10.100.128.38690: Flags [F.], seq 5, ack 455, win 235, options [nop,nop,TS val 412099461 ecr 410873121], length 0
23:36:27.555353 IP 10.10.100.128.38690 > 10.10.100.133.1883: Flags [.], ack 6, win 457, options [nop,nop,TS val 410873125 ecr 412099461], length 0
23:36:28.545274 IP 10.10.100.128.38692 > 10.10.100.133.1883: Flags [S], seq 3334354579, win 29200, options [mss 1460,sackOK,TS val 410873373 ecr 0,nop,wscale 6], length 0
23:36:28.545662 IP 10.10.100.133.1883 > 10.10.100.128.38692: Flags [S.], seq 173072438, ack 3334354580, win 28960, options [mss 1460,sackOK,TS val 412099712 ecr 410873373,nop,wscale 7], length 0
23:36:28.558751 IP 10.10.100.128.38692 > 10.10.100.133.1883: Flags [.], ack 1, win 457, options [nop,nop,TS val 410873376 ecr 412099712], length 0
23:36:28.558754 IP 10.10.100.128.38692 > 10.10.100.133.1883: Flags [P.], seq 1:37, ack 1, win 457, options [nop,nop,TS val 410873376 ecr 412099712], length 36
23:36:28.559140 IP 10.10.100.133.1883 > 10.10.100.128.38692: Flags [.], ack 37, win 227, options [nop,nop,TS val 412099715 ecr 410873376], length 0
23:36:28.563622 IP 10.10.100.133.1883 > 10.10.100.128.38692: Flags [P.], seq 1:5, ack 37, win 227, options [nop,nop,TS val 412099716 ecr 410873376], length 4
23:36:28.576483 IP 10.10.100.128.38692 > 10.10.100.133.1883: Flags [.], ack 5, win 457, options [nop,nop,TS val 410873381 ecr 412099716], length 0
23:36:28.576494 IP 10.10.100.128.38692 > 10.10.100.133.1883: Flags [P.], seq 37:453, ack 5, win 457, options [nop,nop,TS val 410873381 ecr 412099716], length 416
23:36:28.576495 IP 10.10.100.128.38692 > 10.10.100.133.1883: Flags [FP.], seq 453:455, ack 5, win 457, options [nop,nop,TS val 410873381 ecr 412099716], length 2
23:36:28.577546 IP 10.10.100.133.1883 > 10.10.100.128.38692: Flags [.], ack 456, win 235, options [nop,nop,TS val 412099720 ecr 410873381], length 0
23:36:28.638535 IP 10.10.100.133.1883 > 10.10.100.128.38692: Flags [F.], seq 5, ack 456, win 235, options [nop,nop,TS val 412099735 ecr 410873381], length 0
23:36:28.651530 IP 10.10.100.128.38692 > 10.10.100.133.1883: Flags [.], ack 6, win 457, options [nop,nop,TS val 410873400 ecr 412099735], length 0
23:36:29.583533 IP 10.10.100.128.38694 > 10.10.100.133.1883: Flags [S], seq 783009798, win 29200, options [mss 1460,sackOK,TS val 410873632 ecr 0,nop,wscale 6], length 0
23:36:29.584031 IP 10.10.100.133.1883 > 10.10.100.128.38694: Flags [S.], seq 351074430, ack 783009799, win 28960, options [mss 1460,sackOK,TS val 412099972 ecr 410873632,nop,wscale 7], length 0
23:36:29.597510 IP 10.10.100.128.38694 > 10.10.100.133.1883: Flags [.], ack 1, win 457, options [nop,nop,TS val 410873636 ecr 412099972], length 0
23:36:29.597517 IP 10.10.100.128.38694 > 10.10.100.133.1883: Flags [P.], seq 1:37, ack 1, win 457, options [nop,nop,TS val 410873636 ecr 412099972], length 36
23:36:29.598288 IP 10.10.100.133.1883 > 10.10.100.128.38694: Flags [.], ack 37, win 227, options [nop,nop,TS val 412099975 ecr 410873636], length 0
23:36:29.602848 IP 10.10.100.133.1883 > 10.10.100.128.38694: Flags [P.], seq 1:5, ack 37, win 227, options [nop,nop,TS val 412099976 ecr 410873636], length 4
23:36:29.616475 IP 10.10.100.128.38694 > 10.10.100.133.1883: Flags [.], ack 5, win 457, options [nop,nop,TS val 410873641 ecr 412099976], length 0
23:36:29.616484 IP 10.10.100.128.38694 > 10.10.100.133.1883: Flags [P.], seq 37:453, ack 5, win 457, options [nop,nop,TS val 410873641 ecr 412099976], length 416
23:36:29.616489 IP 10.10.100.128.38694 > 10.10.100.133.1883: Flags [FP.], seq 453:455, ack 5, win 457, options [nop,nop,TS val 410873641 ecr 412099976], length 2
23:36:29.617452 IP 10.10.100.133.1883 > 10.10.100.128.38694: Flags [.], ack 456, win 235, options [nop,nop,TS val 412099980 ecr 410873641], length 0
23:36:29.621526 IP 10.10.100.133.1883 > 10.10.100.128.38694: Flags [F.], seq 5, ack 456, win 235, options [nop,nop,TS val 412099981 ecr 410873641], length 0
23:36:29.634418 IP 10.10.100.128.38694 > 10.10.100.133.1883: Flags [.], ack 6, win 457, options [nop,nop,TS val 410873645 ecr 412099981], length 0
23:36:30.628488 IP 10.10.100.128.38696 > 10.10.100.133.1883: Flags [S], seq 1976951417, win 29200, options [mss 1460,sackOK,TS val 410873894 ecr 0,nop,wscale 6], length 0
23:36:30.629203 IP 10.10.100.133.1883 > 10.10.100.128.38696: Flags [S.], seq 2601472746, ack 1976951418, win 28960, options [mss 1460,sackOK,TS val 412100233 ecr 410873894,nop,wscale 7], length 0
23:36:30.652208 IP 10.10.100.128.38696 > 10.10.100.133.1883: Flags [.], ack 1, win 457, options [nop,nop,TS val 410873897 ecr 412100233], length 0
23:36:30.652214 IP 10.10.100.128.38696 > 10.10.100.133.1883: Flags [P.], seq 1:37, ack 1, win 457, options [nop,nop,TS val 410873897 ecr 412100233], length 36
23:36:30.683107 IP 10.10.100.133.1883 > 10.10.100.128.38696: Flags [.], ack 37, win 227, options [nop,nop,TS val 412100246 ecr 410873897], length 0
23:36:30.692389 IP 10.10.100.133.1883 > 10.10.100.128.38696: Flags [P.], seq 1:5, ack 37, win 227, options [nop,nop,TS val 412100249 ecr 410873897], length 4
23:36:30.705295 IP 10.10.100.128.38696 > 10.10.100.133.1883: Flags [.], ack 5, win 457, options [nop,nop,TS val 410873913 ecr 412100249], length 0
23:36:30.705304 IP 10.10.100.128.38696 > 10.10.100.133.1883: Flags [P.], seq 37:453, ack 5, win 457, options [nop,nop,TS val 410873913 ecr 412100249], length 416
23:36:30.705306 IP 10.10.100.128.38696 > 10.10.100.133.1883: Flags [FP.], seq 453:455, ack 5, win 457, options [nop,nop,TS val 410873913 ecr 412100249], length 2
23:36:30.706229 IP 10.10.100.133.1883 > 10.10.100.128.38696: Flags [.], ack 456, win 235, options [nop,nop,TS val 412100252 ecr 410873913], length 0
23:36:30.760517 IP 10.10.100.133.1883 > 10.10.100.128.38696: Flags [F.], seq 5, ack 456, win 235, options [nop,nop,TS val 412100266 ecr 410873913], length 0
23:36:30.773651 IP 10.10.100.128.38696 > 10.10.100.133.1883: Flags [.], ack 6, win 457, options [nop,nop,TS val 410873930 ecr 412100266], length 0

