23:35:51.591344 IP 10.10.100.135.47414 > 10.10.100.133.1883: Flags [S], seq 3323175846, win 29200, options [mss 1460,sackOK,TS val 409600323 ecr 0,nop,wscale 6], length 0
23:35:51.591732 IP 10.10.100.133.1883 > 10.10.100.135.47414: Flags [S.], seq 3383363217, ack 3323175847, win 28960, options [mss 1460,sackOK,TS val 412091239 ecr 409600323,nop,wscale 7], length 0
23:35:51.604426 IP 10.10.100.135.47414 > 10.10.100.133.1883: Flags [.], ack 1, win 457, options [nop,nop,TS val 409600327 ecr 412091239], length 0
23:35:51.604430 IP 10.10.100.135.47414 > 10.10.100.133.1883: Flags [P.], seq 1:40, ack 1, win 457, options [nop,nop,TS val 409600327 ecr 412091239], length 39
23:35:51.604872 IP 10.10.100.133.1883 > 10.10.100.135.47414: Flags [.], ack 40, win 227, options [nop,nop,TS val 412091242 ecr 409600327], length 0
23:35:51.626544 IP 10.10.100.133.1883 > 10.10.100.135.47414: Flags [P.], seq 1:5, ack 40, win 227, options [nop,nop,TS val 412091247 ecr 409600327], length 4
23:35:51.639209 IP 10.10.100.135.47414 > 10.10.100.133.1883: Flags [.], ack 5, win 457, options [nop,nop,TS val 409600335 ecr 412091247], length 0
23:35:51.639287 IP 10.10.100.135.47414 > 10.10.100.133.1883: Flags [P.], seq 40:423, ack 5, win 457, options [nop,nop,TS val 409600335 ecr 412091247], length 383
23:35:51.639288 IP 10.10.100.135.47414 > 10.10.100.133.1883: Flags [FP.], seq 423:425, ack 5, win 457, options [nop,nop,TS val 409600335 ecr 412091247], length 2
23:35:51.639728 IP 10.10.100.133.1883 > 10.10.100.135.47414: Flags [.], ack 426, win 235, options [nop,nop,TS val 412091251 ecr 409600335], length 0
23:35:51.641444 IP 10.10.100.133.1883 > 10.10.100.135.47414: Flags [F.], seq 5, ack 426, win 235, options [nop,nop,TS val 412091251 ecr 409600335], length 0
23:35:51.654165 IP 10.10.100.135.47414 > 10.10.100.133.1883: Flags [.], ack 6, win 457, options [nop,nop,TS val 409600339 ecr 412091251], length 0
23:35:52.661058 IP 10.10.100.135.47416 > 10.10.100.133.1883: Flags [S], seq 2268553166, win 29200, options [mss 1460,sackOK,TS val 409600591 ecr 0,nop,wscale 6], length 0
23:35:52.661569 IP 10.10.100.133.1883 > 10.10.100.135.47416: Flags [S.], seq 3707537594, ack 2268553167, win 28960, options [mss 1460,sackOK,TS val 412091506 ecr 409600591,nop,wscale 7], length 0
23:35:52.675336 IP 10.10.100.135.47416 > 10.10.100.133.1883: Flags [.], ack 1, win 457, options [nop,nop,TS val 409600594 ecr 412091506], length 0
23:35:52.675342 IP 10.10.100.135.47416 > 10.10.100.133.1883: Flags [P.], seq 1:40, ack 1, win 457, options [nop,nop,TS val 409600594 ecr 412091506], length 39
23:35:52.675853 IP 10.10.100.133.1883 > 10.10.100.135.47416: Flags [.], ack 40, win 227, options [nop,nop,TS val 412091510 ecr 409600594], length 0
23:35:52.679791 IP 10.10.100.133.1883 > 10.10.100.135.47416: Flags [P.], seq 1:5, ack 40, win 227, options [nop,nop,TS val 412091511 ecr 409600594], length 4
23:35:52.692758 IP 10.10.100.135.47416 > 10.10.100.133.1883: Flags [.], ack 5, win 457, options [nop,nop,TS val 409600599 ecr 412091511], length 0
23:35:52.692763 IP 10.10.100.135.47416 > 10.10.100.133.1883: Flags [P.], seq 40:456, ack 5, win 457, options [nop,nop,TS val 409600599 ecr 412091511], length 416
23:35:52.692764 IP 10.10.100.135.47416 > 10.10.100.133.1883: Flags [FP.], seq 456:458, ack 5, win 457, options [nop,nop,TS val 409600599 ecr 412091511], length 2
23:35:52.693424 IP 10.10.100.133.1883 > 10.10.100.135.47416: Flags [.], ack 459, win 235, options [nop,nop,TS val 412091514 ecr 409600599], length 0
23:35:52.696700 IP 10.10.100.133.1883 > 10.10.100.135.47416: Flags [F.], seq 5, ack 459, win 235, options [nop,nop,TS val 412091515 ecr 409600599], length 0
23:35:52.711263 IP 10.10.100.135.47416 > 10.10.100.133.1883: Flags [.], ack 6, win 457, options [nop,nop,TS val 409600603 ecr 412091515], length 0
23:35:53.700476 IP 10.10.100.135.47418 > 10.10.100.133.1883: Flags [S], seq 3369563956, win 29200, options [mss 1460,sackOK,TS val 409600851 ecr 0,nop,wscale 6], length 0
23:35:53.700798 IP 10.10.100.133.1883 > 10.10.100.135.47418: Flags [S.], seq 126775622, ack 3369563957, win 28960, options [mss 1460,sackOK,TS val 412091766 ecr 409600851,nop,wscale 7], length 0
23:35:53.714415 IP 10.10.100.135.47418 > 10.10.100.133.1883: Flags [.], ack 1, win 457, options [nop,nop,TS val 409600854 ecr 412091766], length 0
23:35:53.714421 IP 10.10.100.135.47418 > 10.10.100.133.1883: Flags [P.], seq 1:40, ack 1, win 457, options [nop,nop,TS val 409600854 ecr 412091766], length 39
23:35:53.714765 IP 10.10.100.133.1883 > 10.10.100.135.47418: Flags [.], ack 40, win 227, options [nop,nop,TS val 412091770 ecr 409600854], length 0
23:35:53.717522 IP 10.10.100.133.1883 > 10.10.100.135.47418: Flags [P.], seq 1:5, ack 40, win 227, options [nop,nop,TS val 412091770 ecr 409600854], length 4
23:35:53.730402 IP 10.10.100.135.47418 > 10.10.100.133.1883: Flags [.], ack 5, win 457, options [nop,nop,TS val 409600858 ecr 412091770], length 0
23:35:53.730407 IP 10.10.100.135.47418 > 10.10.100.133.1883: Flags [P.], seq 40:456, ack 5, win 457, options [nop,nop,TS val 409600858 ecr 412091770], length 416
23:35:53.730408 IP 10.10.100.135.47418 > 10.10.100.133.1883: Flags [FP.], seq 456:458, ack 5, win 457, options [nop,nop,TS val 409600858 ecr 412091770], length 2
23:35:53.730852 IP 10.10.100.133.1883 > 10.10.100.135.47418: Flags [.], ack 459, win 235, options [nop,nop,TS val 412091774 ecr 409600858], length 0
23:35:53.733503 IP 10.10.100.133.1883 > 10.10.100.135.47418: Flags [F.], seq 5, ack 459, win 235, options [nop,nop,TS val 412091774 ecr 409600858], length 0
23:35:53.746344 IP 10.10.100.135.47418 > 10.10.100.133.1883: Flags [.], ack 6, win 457, options [nop,nop,TS val 409600862 ecr 412091774], length 0
23:35:54.739612 IP 10.10.100.135.47420 > 10.10.100.133.1883: Flags [S], seq 3486371764, win 29200, options [mss 1460,sackOK,TS val 409601110 ecr 0,nop,wscale 6], length 0
23:35:54.740098 IP 10.10.100.133.1883 > 10.10.100.135.47420: Flags [S.], seq 904874056, ack 3486371765, win 28960, options [mss 1460,sackOK,TS val 412092026 ecr 409601110,nop,wscale 7], length 0
23:35:54.753625 IP 10.10.100.135.47420 > 10.10.100.133.1883: Flags [.], ack 1, win 457, options [nop,nop,TS val 409601114 ecr 412092026], length 0
23:35:54.753631 IP 10.10.100.135.47420 > 10.10.100.133.1883: Flags [P.], seq 1:40, ack 1, win 457, options [nop,nop,TS val 409601114 ecr 412092026], length 39
23:35:54.754479 IP 10.10.100.133.1883 > 10.10.100.135.47420: Flags [.], ack 40, win 227, options [nop,nop,TS val 412092029 ecr 409601114], length 0
23:35:54.762462 IP 10.10.100.133.1883 > 10.10.100.135.47420: Flags [P.], seq 1:5, ack 40, win 227, options [nop,nop,TS val 412092031 ecr 409601114], length 4
23:35:54.775497 IP 10.10.100.135.47420 > 10.10.100.133.1883: Flags [.], ack 5, win 457, options [nop,nop,TS val 409601119 ecr 412092031], length 0
23:35:54.775502 IP 10.10.100.135.47420 > 10.10.100.133.1883: Flags [P.], seq 40:456, ack 5, win 457, options [nop,nop,TS val 409601119 ecr 412092031], length 416
23:35:54.775611 IP 10.10.100.135.47420 > 10.10.100.133.1883: Flags [FP.], seq 456:458, ack 5, win 457, options [nop,nop,TS val 409601120 ecr 412092031], length 2
23:35:54.776015 IP 10.10.100.133.1883 > 10.10.100.135.47420: Flags [.], ack 459, win 235, options [nop,nop,TS val 412092035 ecr 409601119], length 0
23:35:54.777531 IP 10.10.100.133.1883 > 10.10.100.135.47420: Flags [F.], seq 5, ack 459, win 235, options [nop,nop,TS val 412092035 ecr 409601119], length 0
23:35:54.790439 IP 10.10.100.135.47420 > 10.10.100.133.1883: Flags [.], ack 6, win 457, options [nop,nop,TS val 409601123 ecr 412092035], length 0
23:35:55.784569 IP 10.10.100.135.47422 > 10.10.100.133.1883: Flags [S], seq 685641210, win 29200, options [mss 1460,sackOK,TS val 409601371 ecr 0,nop,wscale 6], length 0
23:35:55.785094 IP 10.10.100.133.1883 > 10.10.100.135.47422: Flags [S.], seq 1310128340, ack 685641211, win 28960, options [mss 1460,sackOK,TS val 412092287 ecr 409601371,nop,wscale 7], length 0
23:35:55.798577 IP 10.10.100.135.47422 > 10.10.100.133.1883: Flags [.], ack 1, win 457, options [nop,nop,TS val 409601375 ecr 412092287], length 0
23:35:55.798585 IP 10.10.100.135.47422 > 10.10.100.133.1883: Flags [P.], seq 1:40, ack 1, win 457, options [nop,nop,TS val 409601375 ecr 412092287], length 39
23:35:55.799322 IP 10.10.100.133.1883 > 10.10.100.135.47422: Flags [.], ack 40, win 227, options [nop,nop,TS val 412092291 ecr 409601375], length 0
23:35:55.802560 IP 10.10.100.133.1883 > 10.10.100.135.47422: Flags [P.], seq 1:5, ack 40, win 227, options [nop,nop,TS val 412092291 ecr 409601375], length 4
23:35:55.815514 IP 10.10.100.135.47422 > 10.10.100.133.1883: Flags [.], ack 5, win 457, options [nop,nop,TS val 409601379 ecr 412092291], length 0
23:35:55.815520 IP 10.10.100.135.47422 > 10.10.100.133.1883: Flags [P.], seq 40:456, ack 5, win 457, options [nop,nop,TS val 409601379 ecr 412092291], length 416
23:35:55.815521 IP 10.10.100.135.47422 > 10.10.100.133.1883: Flags [FP.], seq 456:458, ack 5, win 457, options [nop,nop,TS val 409601379 ecr 412092291], length 2
23:35:55.816373 IP 10.10.100.133.1883 > 10.10.100.135.47422: Flags [.], ack 459, win 235, options [nop,nop,TS val 412092295 ecr 409601379], length 0
23:35:55.819738 IP 10.10.100.133.1883 > 10.10.100.135.47422: Flags [F.], seq 5, ack 459, win 235, options [nop,nop,TS val 412092296 ecr 409601379], length 0
23:35:55.832496 IP 10.10.100.135.47422 > 10.10.100.133.1883: Flags [.], ack 6, win 457, options [nop,nop,TS val 409601384 ecr 412092296], length 0
23:35:56.841198 IP 10.10.100.135.47424 > 10.10.100.133.1883: Flags [S], seq 3307231203, win 29200, options [mss 1460,sackOK,TS val 409601636 ecr 0,nop,wscale 6], length 0
23:35:56.841653 IP 10.10.100.133.1883 > 10.10.100.135.47424: Flags [S.], seq 2815447618, ack 3307231204, win 28960, options [mss 1460,sackOK,TS val 412092551 ecr 409601636,nop,wscale 7], length 0
23:35:56.854283 IP 10.10.100.135.47424 > 10.10.100.133.1883: Flags [.], ack 1, win 457, options [nop,nop,TS val 409601639 ecr 412092551], length 0
23:35:56.854406 IP 10.10.100.135.47424 > 10.10.100.133.1883: Flags [P.], seq 1:40, ack 1, win 457, options [nop,nop,TS val 409601639 ecr 412092551], length 39
23:35:56.854770 IP 10.10.100.133.1883 > 10.10.100.135.47424: Flags [.], ack 40, win 227, options [nop,nop,TS val 412092554 ecr 409601639], length 0
23:35:56.856595 IP 10.10.100.133.1883 > 10.10.100.135.47424: Flags [P.], seq 1:5, ack 40, win 227, options [nop,nop,TS val 412092555 ecr 409601639], length 4
23:35:56.870243 IP 10.10.100.135.47424 > 10.10.100.133.1883: Flags [.], ack 5, win 457, options [nop,nop,TS val 409601643 ecr 412092555], length 0
23:35:56.870249 IP 10.10.100.135.47424 > 10.10.100.133.1883: Flags [P.], seq 40:456, ack 5, win 457, options [nop,nop,TS val 409601643 ecr 412092555], length 416
23:35:56.870249 IP 10.10.100.135.47424 > 10.10.100.133.1883: Flags [FP.], seq 456:458, ack 5, win 457, options [nop,nop,TS val 409601643 ecr 412092555], length 2
23:35:56.870755 IP 10.10.100.133.1883 > 10.10.100.135.47424: Flags [.], ack 459, win 235, options [nop,nop,TS val 412092559 ecr 409601643], length 0
23:35:56.872966 IP 10.10.100.133.1883 > 10.10.100.135.47424: Flags [F.], seq 5, ack 459, win 235, options [nop,nop,TS val 412092559 ecr 409601643], length 0
23:35:56.886122 IP 10.10.100.135.47424 > 10.10.100.133.1883: Flags [.], ack 6, win 457, options [nop,nop,TS val 409601647 ecr 412092559], length 0
23:35:57.878457 IP 10.10.100.135.47426 > 10.10.100.133.1883: Flags [S], seq 2291678430, win 29200, options [mss 1460,sackOK,TS val 409601895 ecr 0,nop,wscale 6], length 0
23:35:57.879097 IP 10.10.100.133.1883 > 10.10.100.135.47426: Flags [S.], seq 3690771868, ack 2291678431, win 28960, options [mss 1460,sackOK,TS val 412092811 ecr 409601895,nop,wscale 7], length 0
23:35:57.892361 IP 10.10.100.135.47426 > 10.10.100.133.1883: Flags [.], ack 1, win 457, options [nop,nop,TS val 409601899 ecr 412092811], length 0
23:35:57.892367 IP 10.10.100.135.47426 > 10.10.100.133.1883: Flags [P.], seq 1:40, ack 1, win 457, options [nop,nop,TS val 409601899 ecr 412092811], length 39
23:35:57.892902 IP 10.10.100.133.1883 > 10.10.100.135.47426: Flags [.], ack 40, win 227, options [nop,nop,TS val 412092814 ecr 409601899], length 0
23:35:57.897379 IP 10.10.100.133.1883 > 10.10.100.135.47426: Flags [P.], seq 1:5, ack 40, win 227, options [nop,nop,TS val 412092815 ecr 409601899], length 4
23:35:57.910311 IP 10.10.100.135.47426 > 10.10.100.133.1883: Flags [.], ack 5, win 457, options [nop,nop,TS val 409601903 ecr 412092815], length 0
23:35:57.910318 IP 10.10.100.135.47426 > 10.10.100.133.1883: Flags [P.], seq 40:456, ack 5, win 457, options [nop,nop,TS val 409601903 ecr 412092815], length 416
23:35:57.910319 IP 10.10.100.135.47426 > 10.10.100.133.1883: Flags [FP.], seq 456:458, ack 5, win 457, options [nop,nop,TS val 409601903 ecr 412092815], length 2
23:35:57.946216 IP 10.10.100.135.47426 > 10.10.100.133.1883: Flags [FP.], seq 456:458, ack 5, win 457, options [nop,nop,TS val 409601912 ecr 412092815], length 2
23:35:57.962486 IP 10.10.100.133.1883 > 10.10.100.135.47426: Flags [.], ack 459, win 235, options [nop,nop,TS val 412092831 ecr 409601903,nop,nop,sack 1 {456:459}], length 0
23:35:58.009801 IP 10.10.100.133.1883 > 10.10.100.135.47426: Flags [F.], seq 5, ack 459, win 235, options [nop,nop,TS val 412092843 ecr 409601903], length 0
23:35:58.022376 IP 10.10.100.135.47426 > 10.10.100.133.1883: Flags [.], ack 6, win 457, options [nop,nop,TS val 409601931 ecr 412092843], length 0
23:36:12.640373 IP 10.10.100.135.47458 > 10.10.100.133.1883: Flags [S], seq 2409897380, win 29200, options [mss 1460,sackOK,TS val 409605582 ecr 0,nop,wscale 6], length 0
23:36:12.664618 IP 10.10.100.133.1883 > 10.10.100.135.47458: Flags [S.], seq 2696033855, ack 2409897381, win 28960, options [mss 1460,sackOK,TS val 412096507 ecr 409605582,nop,wscale 7], length 0
23:36:12.677834 IP 10.10.100.135.47458 > 10.10.100.133.1883: Flags [.], ack 1, win 457, options [nop,nop,TS val 409605595 ecr 412096507], length 0
23:36:12.677839 IP 10.10.100.135.47458 > 10.10.100.133.1883: Flags [P.], seq 1:40, ack 1, win 457, options [nop,nop,TS val 409605595 ecr 412096507], length 39
23:36:12.678501 IP 10.10.100.133.1883 > 10.10.100.135.47458: Flags [.], ack 40, win 227, options [nop,nop,TS val 412096511 ecr 409605595], length 0
23:36:12.681322 IP 10.10.100.133.1883 > 10.10.100.135.47458: Flags [P.], seq 1:5, ack 40, win 227, options [nop,nop,TS val 412096511 ecr 409605595], length 4
23:36:12.694757 IP 10.10.100.135.47458 > 10.10.100.133.1883: Flags [.], ack 5, win 457, options [nop,nop,TS val 409605599 ecr 412096511], length 0
23:36:12.694762 IP 10.10.100.135.47458 > 10.10.100.133.1883: Flags [P.], seq 40:454, ack 5, win 457, options [nop,nop,TS val 409605599 ecr 412096511], length 414
23:36:12.694763 IP 10.10.100.135.47458 > 10.10.100.133.1883: Flags [FP.], seq 454:456, ack 5, win 457, options [nop,nop,TS val 409605599 ecr 412096511], length 2
23:36:12.695615 IP 10.10.100.133.1883 > 10.10.100.135.47458: Flags [.], ack 457, win 235, options [nop,nop,TS val 412096515 ecr 409605599], length 0
23:36:12.715943 IP 10.10.100.133.1883 > 10.10.100.135.47458: Flags [F.], seq 5, ack 457, win 235, options [nop,nop,TS val 412096520 ecr 409605599], length 0
23:36:12.728588 IP 10.10.100.135.47458 > 10.10.100.133.1883: Flags [.], ack 6, win 457, options [nop,nop,TS val 409605608 ecr 412096520], length 0
23:36:13.705274 IP 10.10.100.135.47460 > 10.10.100.133.1883: Flags [S], seq 3840171848, win 29200, options [mss 1460,sackOK,TS val 409605852 ecr 0,nop,wscale 6], length 0
23:36:13.705985 IP 10.10.100.133.1883 > 10.10.100.135.47460: Flags [S.], seq 2631782237, ack 3840171849, win 28960, options [mss 1460,sackOK,TS val 412096767 ecr 409605852,nop,wscale 7], length 0
23:36:13.719184 IP 10.10.100.135.47460 > 10.10.100.133.1883: Flags [.], ack 1, win 457, options [nop,nop,TS val 409605855 ecr 412096767], length 0
23:36:13.719192 IP 10.10.100.135.47460 > 10.10.100.133.1883: Flags [P.], seq 1:40, ack 1, win 457, options [nop,nop,TS val 409605855 ecr 412096767], length 39
23:36:13.719887 IP 10.10.100.133.1883 > 10.10.100.135.47460: Flags [.], ack 40, win 227, options [nop,nop,TS val 412096771 ecr 409605855], length 0
23:36:13.731379 IP 10.10.100.133.1883 > 10.10.100.135.47460: Flags [P.], seq 1:5, ack 40, win 227, options [nop,nop,TS val 412096774 ecr 409605855], length 4
23:36:13.744148 IP 10.10.100.135.47460 > 10.10.100.133.1883: Flags [.], ack 5, win 457, options [nop,nop,TS val 409605862 ecr 412096774], length 0
23:36:13.744153 IP 10.10.100.135.47460 > 10.10.100.133.1883: Flags [P.], seq 40:456, ack 5, win 457, options [nop,nop,TS val 409605862 ecr 412096774], length 416
23:36:13.744154 IP 10.10.100.135.47460 > 10.10.100.133.1883: Flags [FP.], seq 456:458, ack 5, win 457, options [nop,nop,TS val 409605862 ecr 412096774], length 2
23:36:13.744660 IP 10.10.100.133.1883 > 10.10.100.135.47460: Flags [.], ack 459, win 235, options [nop,nop,TS val 412096777 ecr 409605862], length 0
23:36:13.747530 IP 10.10.100.133.1883 > 10.10.100.135.47460: Flags [F.], seq 5, ack 459, win 235, options [nop,nop,TS val 412096778 ecr 409605862], length 0
23:36:13.761064 IP 10.10.100.135.47460 > 10.10.100.133.1883: Flags [.], ack 6, win 457, options [nop,nop,TS val 409605866 ecr 412096778], length 0
23:36:14.777708 IP 10.10.100.135.47462 > 10.10.100.133.1883: Flags [S], seq 1924488579, win 29200, options [mss 1460,sackOK,TS val 409606120 ecr 0,nop,wscale 6], length 0
23:36:14.778265 IP 10.10.100.133.1883 > 10.10.100.135.47462: Flags [S.], seq 2272140696, ack 1924488580, win 28960, options [mss 1460,sackOK,TS val 412097035 ecr 409606120,nop,wscale 7], length 0
23:36:14.791550 IP 10.10.100.135.47462 > 10.10.100.133.1883: Flags [.], ack 1, win 457, options [nop,nop,TS val 409606123 ecr 412097035], length 0
23:36:14.791554 IP 10.10.100.135.47462 > 10.10.100.133.1883: Flags [P.], seq 1:40, ack 1, win 457, options [nop,nop,TS val 409606123 ecr 412097035], length 39
23:36:14.792104 IP 10.10.100.133.1883 > 10.10.100.135.47462: Flags [.], ack 40, win 227, options [nop,nop,TS val 412097039 ecr 409606123], length 0
23:36:14.797312 IP 10.10.100.133.1883 > 10.10.100.135.47462: Flags [P.], seq 1:5, ack 40, win 227, options [nop,nop,TS val 412097040 ecr 409606123], length 4
23:36:14.810489 IP 10.10.100.135.47462 > 10.10.100.133.1883: Flags [.], ack 5, win 457, options [nop,nop,TS val 409606128 ecr 412097040], length 0
23:36:14.810493 IP 10.10.100.135.47462 > 10.10.100.133.1883: Flags [P.], seq 40:455, ack 5, win 457, options [nop,nop,TS val 409606128 ecr 412097040], length 415
23:36:14.810494 IP 10.10.100.135.47462 > 10.10.100.133.1883: Flags [FP.], seq 455:457, ack 5, win 457, options [nop,nop,TS val 409606128 ecr 412097040], length 2
23:36:14.811183 IP 10.10.100.133.1883 > 10.10.100.135.47462: Flags [.], ack 458, win 235, options [nop,nop,TS val 412097044 ecr 409606128], length 0
23:36:14.813383 IP 10.10.100.133.1883 > 10.10.100.135.47462: Flags [F.], seq 5, ack 458, win 235, options [nop,nop,TS val 412097044 ecr 409606128], length 0
23:36:14.826445 IP 10.10.100.135.47462 > 10.10.100.133.1883: Flags [.], ack 6, win 457, options [nop,nop,TS val 409606132 ecr 412097044], length 0
23:36:15.860988 IP 10.10.100.135.47464 > 10.10.100.133.1883: Flags [S], seq 1468417929, win 29200, options [mss 1460,sackOK,TS val 409606381 ecr 0,nop,wscale 6], length 0
23:36:15.866980 IP 10.10.100.133.1883 > 10.10.100.135.47464: Flags [S.], seq 1534156534, ack 1468417930, win 28960, options [mss 1460,sackOK,TS val 412097307 ecr 409606381,nop,wscale 7], length 0
23:36:15.879812 IP 10.10.100.135.47464 > 10.10.100.133.1883: Flags [.], ack 1, win 457, options [nop,nop,TS val 409606395 ecr 412097307], length 0
23:36:15.879818 IP 10.10.100.135.47464 > 10.10.100.133.1883: Flags [P.], seq 1:40, ack 1, win 457, options [nop,nop,TS val 409606395 ecr 412097307], length 39
23:36:15.880517 IP 10.10.100.133.1883 > 10.10.100.135.47464: Flags [.], ack 40, win 227, options [nop,nop,TS val 412097311 ecr 409606395], length 0
23:36:15.919642 IP 10.10.100.133.1883 > 10.10.100.135.47464: Flags [P.], seq 1:5, ack 40, win 227, options [nop,nop,TS val 412097321 ecr 409606395], length 4
23:36:15.933819 IP 10.10.100.135.47464 > 10.10.100.133.1883: Flags [.], ack 5, win 457, options [nop,nop,TS val 409606409 ecr 412097321], length 0
23:36:15.933825 IP 10.10.100.135.47464 > 10.10.100.133.1883: Flags [P.], seq 40:456, ack 5, win 457, options [nop,nop,TS val 409606409 ecr 412097321], length 416
23:36:15.933825 IP 10.10.100.135.47464 > 10.10.100.133.1883: Flags [FP.], seq 456:458, ack 5, win 457, options [nop,nop,TS val 409606409 ecr 412097321], length 2
23:36:15.934111 IP 10.10.100.133.1883 > 10.10.100.135.47464: Flags [.], ack 456, win 235, options [nop,nop,TS val 412097324 ecr 409606409], length 0
23:36:15.936385 IP 10.10.100.133.1883 > 10.10.100.135.47464: Flags [F.], seq 5, ack 459, win 235, options [nop,nop,TS val 412097325 ecr 409606409], length 0
23:36:15.950806 IP 10.10.100.135.47464 > 10.10.100.133.1883: Flags [.], ack 6, win 457, options [nop,nop,TS val 409606413 ecr 412097325], length 0
23:36:16.941850 IP 10.10.100.135.47466 > 10.10.100.133.1883: Flags [S], seq 2048427333, win 29200, options [mss 1460,sackOK,TS val 409606661 ecr 0,nop,wscale 6], length 0
23:36:16.942417 IP 10.10.100.133.1883 > 10.10.100.135.47466: Flags [S.], seq 1826280098, ack 2048427334, win 28960, options [mss 1460,sackOK,TS val 412097576 ecr 409606661,nop,wscale 7], length 0
23:36:16.955823 IP 10.10.100.135.47466 > 10.10.100.133.1883: Flags [.], ack 1, win 457, options [nop,nop,TS val 409606664 ecr 412097576], length 0
23:36:16.955829 IP 10.10.100.135.47466 > 10.10.100.133.1883: Flags [P.], seq 1:40, ack 1, win 457, options [nop,nop,TS val 409606664 ecr 412097576], length 39
23:36:16.956272 IP 10.10.100.133.1883 > 10.10.100.135.47466: Flags [.], ack 40, win 227, options [nop,nop,TS val 412097580 ecr 409606664], length 0
23:36:16.958593 IP 10.10.100.133.1883 > 10.10.100.135.47466: Flags [P.], seq 1:5, ack 40, win 227, options [nop,nop,TS val 412097581 ecr 409606664], length 4
23:36:16.971816 IP 10.10.100.135.47466 > 10.10.100.133.1883: Flags [.], ack 5, win 457, options [nop,nop,TS val 409606668 ecr 412097581], length 0
23:36:16.971821 IP 10.10.100.135.47466 > 10.10.100.133.1883: Flags [P.], seq 40:456, ack 5, win 457, options [nop,nop,TS val 409606668 ecr 412097581], length 416
23:36:16.971822 IP 10.10.100.135.47466 > 10.10.100.133.1883: Flags [FP.], seq 456:458, ack 5, win 457, options [nop,nop,TS val 409606668 ecr 412097581], length 2
23:36:16.972466 IP 10.10.100.133.1883 > 10.10.100.135.47466: Flags [.], ack 459, win 235, options [nop,nop,TS val 412097584 ecr 409606668], length 0
23:36:16.976157 IP 10.10.100.133.1883 > 10.10.100.135.47466: Flags [F.], seq 5, ack 459, win 235, options [nop,nop,TS val 412097585 ecr 409606668], length 0
23:36:16.988833 IP 10.10.100.135.47466 > 10.10.100.133.1883: Flags [.], ack 6, win 457, options [nop,nop,TS val 409606673 ecr 412097585], length 0
23:36:17.980820 IP 10.10.100.135.47468 > 10.10.100.133.1883: Flags [S], seq 2581939627, win 29200, options [mss 1460,sackOK,TS val 409606921 ecr 0,nop,wscale 6], length 0
23:36:17.981429 IP 10.10.100.133.1883 > 10.10.100.135.47468: Flags [S.], seq 2861200891, ack 2581939628, win 28960, options [mss 1460,sackOK,TS val 412097836 ecr 409606921,nop,wscale 7], length 0
23:36:17.994043 IP 10.10.100.135.47468 > 10.10.100.133.1883: Flags [.], ack 1, win 457, options [nop,nop,TS val 409606924 ecr 412097836], length 0
23:36:17.994156 IP 10.10.100.135.47468 > 10.10.100.133.1883: Flags [P.], seq 1:40, ack 1, win 457, options [nop,nop,TS val 409606924 ecr 412097836], length 39
23:36:18.033595 IP 10.10.100.133.1883 > 10.10.100.135.47468: Flags [.], ack 40, win 227, options [nop,nop,TS val 412097849 ecr 409606924], length 0
23:36:18.040226 IP 10.10.100.133.1883 > 10.10.100.135.47468: Flags [P.], seq 1:5, ack 40, win 227, options [nop,nop,TS val 412097851 ecr 409606924], length 4
23:36:18.054213 IP 10.10.100.135.47468 > 10.10.100.133.1883: Flags [.], ack 5, win 457, options [nop,nop,TS val 409606939 ecr 412097851], length 0
23:36:18.054219 IP 10.10.100.135.47468 > 10.10.100.133.1883: Flags [P.], seq 40:456, ack 5, win 457, options [nop,nop,TS val 409606939 ecr 412097851], length 416
23:36:18.054220 IP 10.10.100.135.47468 > 10.10.100.133.1883: Flags [FP.], seq 456:458, ack 5, win 457, options [nop,nop,TS val 409606939 ecr 412097851], length 2
23:36:18.054897 IP 10.10.100.133.1883 > 10.10.100.135.47468: Flags [.], ack 459, win 235, options [nop,nop,TS val 412097855 ecr 409606939], length 0
23:36:18.059025 IP 10.10.100.133.1883 > 10.10.100.135.47468: Flags [F.], seq 5, ack 459, win 235, options [nop,nop,TS val 412097856 ecr 409606939], length 0
23:36:18.072114 IP 10.10.100.135.47468 > 10.10.100.133.1883: Flags [.], ack 6, win 457, options [nop,nop,TS val 409606944 ecr 412097856], length 0
23:36:19.110586 IP 10.10.100.135.47470 > 10.10.100.133.1883: Flags [S], seq 3160685493, win 29200, options [mss 1460,sackOK,TS val 409607203 ecr 0,nop,wscale 6], length 0
23:36:19.111119 IP 10.10.100.133.1883 > 10.10.100.135.47470: Flags [S.], seq 970623547, ack 3160685494, win 28960, options [mss 1460,sackOK,TS val 412098119 ecr 409607203,nop,wscale 7], length 0
23:36:19.124526 IP 10.10.100.135.47470 > 10.10.100.133.1883: Flags [.], ack 1, win 457, options [nop,nop,TS val 409607207 ecr 412098119], length 0
23:36:19.124532 IP 10.10.100.135.47470 > 10.10.100.133.1883: Flags [P.], seq 1:40, ack 1, win 457, options [nop,nop,TS val 409607207 ecr 412098119], length 39
23:36:19.125124 IP 10.10.100.133.1883 > 10.10.100.135.47470: Flags [.], ack 40, win 227, options [nop,nop,TS val 412098122 ecr 409607207], length 0
23:36:19.131243 IP 10.10.100.133.1883 > 10.10.100.135.47470: Flags [P.], seq 1:5, ack 40, win 227, options [nop,nop,TS val 412098124 ecr 409607207], length 4
23:36:19.144515 IP 10.10.100.135.47470 > 10.10.100.133.1883: Flags [.], ack 5, win 457, options [nop,nop,TS val 409607212 ecr 412098124], length 0
23:36:19.144520 IP 10.10.100.135.47470 > 10.10.100.133.1883: Flags [P.], seq 40:455, ack 5, win 457, options [nop,nop,TS val 409607212 ecr 412098124], length 415
23:36:19.144521 IP 10.10.100.135.47470 > 10.10.100.133.1883: Flags [FP.], seq 455:457, ack 5, win 457, options [nop,nop,TS val 409607212 ecr 412098124], length 2
23:36:19.145158 IP 10.10.100.133.1883 > 10.10.100.135.47470: Flags [.], ack 458, win 235, options [nop,nop,TS val 412098127 ecr 409607212], length 0
23:36:19.147674 IP 10.10.100.133.1883 > 10.10.100.135.47470: Flags [F.], seq 5, ack 458, win 235, options [nop,nop,TS val 412098128 ecr 409607212], length 0
23:36:19.160449 IP 10.10.100.135.47470 > 10.10.100.133.1883: Flags [.], ack 6, win 457, options [nop,nop,TS val 409607216 ecr 412098128], length 0
23:36:20.154131 IP 10.10.100.135.47472 > 10.10.100.133.1883: Flags [S], seq 3802927320, win 29200, options [mss 1460,sackOK,TS val 409607464 ecr 0,nop,wscale 6], length 0
23:36:20.155085 IP 10.10.100.133.1883 > 10.10.100.135.47472: Flags [S.], seq 4204901299, ack 3802927321, win 28960, options [mss 1460,sackOK,TS val 412098380 ecr 409607464,nop,wscale 7], length 0
23:36:20.184709 IP 10.10.100.135.47472 > 10.10.100.133.1883: Flags [.], ack 1, win 457, options [nop,nop,TS val 409607468 ecr 412098380], length 0
23:36:20.184716 IP 10.10.100.135.47472 > 10.10.100.133.1883: Flags [P.], seq 1:40, ack 1, win 457, options [nop,nop,TS val 409607468 ecr 412098380], length 39
23:36:20.213635 IP 10.10.100.133.1883 > 10.10.100.135.47472: Flags [.], ack 40, win 227, options [nop,nop,TS val 412098394 ecr 409607468], length 0
23:36:20.227021 IP 10.10.100.133.1883 > 10.10.100.135.47472: Flags [P.], seq 1:5, ack 40, win 227, options [nop,nop,TS val 412098398 ecr 409607468], length 4
23:36:20.260026 IP 10.10.100.135.47472 > 10.10.100.133.1883: Flags [.], ack 5, win 457, options [nop,nop,TS val 409607485 ecr 412098398], length 0
23:36:20.260031 IP 10.10.100.135.47472 > 10.10.100.133.1883: Flags [P.], seq 40:456, ack 5, win 457, options [nop,nop,TS val 409607486 ecr 412098398], length 416
23:36:20.260032 IP 10.10.100.135.47472 > 10.10.100.133.1883: Flags [FP.], seq 456:458, ack 5, win 457, options [nop,nop,TS val 409607486 ecr 412098398], length 2
23:36:20.260851 IP 10.10.100.133.1883 > 10.10.100.135.47472: Flags [.], ack 459, win 235, options [nop,nop,TS val 412098406 ecr 409607486], length 0
23:36:20.265436 IP 10.10.100.133.1883 > 10.10.100.135.47472: Flags [F.], seq 5, ack 459, win 235, options [nop,nop,TS val 412098407 ecr 409607486], length 0
23:36:20.279182 IP 10.10.100.135.47472 > 10.10.100.133.1883: Flags [.], ack 6, win 457, options [nop,nop,TS val 409607495 ecr 412098407], length 0
23:36:21.284754 IP 10.10.100.135.47474 > 10.10.100.133.1883: Flags [S], seq 1058751776, win 29200, options [mss 1460,sackOK,TS val 409607747 ecr 0,nop,wscale 6], length 0
23:36:21.285456 IP 10.10.100.133.1883 > 10.10.100.135.47474: Flags [S.], seq 496789807, ack 1058751777, win 28960, options [mss 1460,sackOK,TS val 412098662 ecr 409607747,nop,wscale 7], length 0
23:36:21.298201 IP 10.10.100.135.47474 > 10.10.100.133.1883: Flags [.], ack 1, win 457, options [nop,nop,TS val 409607750 ecr 412098662], length 0
23:36:21.298366 IP 10.10.100.135.47474 > 10.10.100.133.1883: Flags [P.], seq 1:40, ack 1, win 457, options [nop,nop,TS val 409607750 ecr 412098662], length 39
23:36:21.298889 IP 10.10.100.133.1883 > 10.10.100.135.47474: Flags [.], ack 40, win 227, options [nop,nop,TS val 412098666 ecr 409607750], length 0
23:36:21.302739 IP 10.10.100.133.1883 > 10.10.100.135.47474: Flags [P.], seq 1:5, ack 40, win 227, options [nop,nop,TS val 412098667 ecr 409607750], length 4
23:36:21.315904 IP 10.10.100.135.47474 > 10.10.100.133.1883: Flags [.], ack 5, win 457, options [nop,nop,TS val 409607754 ecr 412098667], length 0
23:36:21.315910 IP 10.10.100.135.47474 > 10.10.100.133.1883: Flags [P.], seq 40:456, ack 5, win 457, options [nop,nop,TS val 409607754 ecr 412098667], length 416
23:36:21.315911 IP 10.10.100.135.47474 > 10.10.100.133.1883: Flags [FP.], seq 456:458, ack 5, win 457, options [nop,nop,TS val 409607755 ecr 412098667], length 2
23:36:21.317500 IP 10.10.100.133.1883 > 10.10.100.135.47474: Flags [.], ack 459, win 235, options [nop,nop,TS val 412098670 ecr 409607754], length 0
23:36:21.328977 IP 10.10.100.133.1883 > 10.10.100.135.47474: Flags [F.], seq 5, ack 459, win 235, options [nop,nop,TS val 412098673 ecr 409607754], length 0
23:36:21.341998 IP 10.10.100.135.47474 > 10.10.100.133.1883: Flags [.], ack 6, win 457, options [nop,nop,TS val 409607761 ecr 412098673], length 0
23:36:22.325548 IP 10.10.100.135.47476 > 10.10.100.133.1883: Flags [S], seq 959168293, win 29200, options [mss 1460,sackOK,TS val 409608007 ecr 0,nop,wscale 6], length 0
23:36:22.325971 IP 10.10.100.133.1883 > 10.10.100.135.47476: Flags [S.], seq 155439318, ack 959168294, win 28960, options [mss 1460,sackOK,TS val 412098922 ecr 409608007,nop,wscale 7], length 0
23:36:22.339529 IP 10.10.100.135.47476 > 10.10.100.133.1883: Flags [.], ack 1, win 457, options [nop,nop,TS val 409608010 ecr 412098922], length 0
23:36:22.339540 IP 10.10.100.135.47476 > 10.10.100.133.1883: Flags [P.], seq 1:40, ack 1, win 457, options [nop,nop,TS val 409608010 ecr 412098922], length 39
23:36:22.340033 IP 10.10.100.133.1883 > 10.10.100.135.47476: Flags [.], ack 40, win 227, options [nop,nop,TS val 412098926 ecr 409608010], length 0
23:36:22.344711 IP 10.10.100.133.1883 > 10.10.100.135.47476: Flags [P.], seq 1:5, ack 40, win 227, options [nop,nop,TS val 412098927 ecr 409608010], length 4
23:36:22.357441 IP 10.10.100.135.47476 > 10.10.100.133.1883: Flags [.], ack 5, win 457, options [nop,nop,TS val 409608015 ecr 412098927], length 0
23:36:22.357446 IP 10.10.100.135.47476 > 10.10.100.133.1883: Flags [P.], seq 40:455, ack 5, win 457, options [nop,nop,TS val 409608015 ecr 412098927], length 415
23:36:22.357446 IP 10.10.100.135.47476 > 10.10.100.133.1883: Flags [FP.], seq 455:457, ack 5, win 457, options [nop,nop,TS val 409608015 ecr 412098927], length 2
23:36:22.358084 IP 10.10.100.133.1883 > 10.10.100.135.47476: Flags [.], ack 458, win 235, options [nop,nop,TS val 412098931 ecr 409608015], length 0
23:36:22.359981 IP 10.10.100.133.1883 > 10.10.100.135.47476: Flags [F.], seq 5, ack 458, win 235, options [nop,nop,TS val 412098931 ecr 409608015], length 0
23:36:22.373438 IP 10.10.100.135.47476 > 10.10.100.133.1883: Flags [.], ack 6, win 457, options [nop,nop,TS val 409608019 ecr 412098931], length 0
23:36:23.366707 IP 10.10.100.135.47478 > 10.10.100.133.1883: Flags [S], seq 3668410044, win 29200, options [mss 1460,sackOK,TS val 409608267 ecr 0,nop,wscale 6], length 0
23:36:23.367262 IP 10.10.100.133.1883 > 10.10.100.135.47478: Flags [S.], seq 849482385, ack 3668410045, win 28960, options [mss 1460,sackOK,TS val 412099183 ecr 409608267,nop,wscale 7], length 0
23:36:23.379838 IP 10.10.100.135.47478 > 10.10.100.133.1883: Flags [.], ack 1, win 457, options [nop,nop,TS val 409608271 ecr 412099183], length 0
23:36:23.380007 IP 10.10.100.135.47478 > 10.10.100.133.1883: Flags [P.], seq 1:40, ack 1, win 457, options [nop,nop,TS val 409608271 ecr 412099183], length 39
23:36:23.380537 IP 10.10.100.133.1883 > 10.10.100.135.47478: Flags [.], ack 40, win 227, options [nop,nop,TS val 412099186 ecr 409608271], length 0
23:36:23.383819 IP 10.10.100.133.1883 > 10.10.100.135.47478: Flags [P.], seq 1:5, ack 40, win 227, options [nop,nop,TS val 412099187 ecr 409608271], length 4
23:36:23.396541 IP 10.10.100.135.47478 > 10.10.100.133.1883: Flags [.], ack 5, win 457, options [nop,nop,TS val 409608275 ecr 412099187], length 0
23:36:23.396548 IP 10.10.100.135.47478 > 10.10.100.133.1883: Flags [P.], seq 40:455, ack 5, win 457, options [nop,nop,TS val 409608275 ecr 412099187], length 415
23:36:23.396549 IP 10.10.100.135.47478 > 10.10.100.133.1883: Flags [FP.], seq 455:457, ack 5, win 457, options [nop,nop,TS val 409608275 ecr 412099187], length 2
23:36:23.397227 IP 10.10.100.133.1883 > 10.10.100.135.47478: Flags [.], ack 458, win 235, options [nop,nop,TS val 412099190 ecr 409608275], length 0
23:36:23.418074 IP 10.10.100.133.1883 > 10.10.100.135.47478: Flags [F.], seq 5, ack 458, win 235, options [nop,nop,TS val 412099195 ecr 409608275], length 0
23:36:23.431487 IP 10.10.100.135.47478 > 10.10.100.133.1883: Flags [.], ack 6, win 457, options [nop,nop,TS val 409608283 ecr 412099195], length 0

