23:32:46.842678 IP 10.10.100.135.47292 > 10.10.100.133.1883: Flags [S], seq 1316056994, win 29200, options [mss 1460,sackOK,TS val 409554136 ecr 0,nop,wscale 6], length 0
23:32:46.844875 IP 10.10.100.133.1883 > 10.10.100.135.47292: Flags [S.], seq 3515429913, ack 1316056995, win 28960, options [mss 1460,sackOK,TS val 412045051 ecr 409554136,nop,wscale 7], length 0
23:32:46.858226 IP 10.10.100.135.47292 > 10.10.100.133.1883: Flags [.], ack 1, win 457, options [nop,nop,TS val 409554140 ecr 412045051], length 0
23:32:46.858233 IP 10.10.100.135.47292 > 10.10.100.133.1883: Flags [P.], seq 1:40, ack 1, win 457, options [nop,nop,TS val 409554140 ecr 412045051], length 39
23:32:46.859309 IP 10.10.100.133.1883 > 10.10.100.135.47292: Flags [.], ack 40, win 227, options [nop,nop,TS val 412045055 ecr 409554140], length 0
23:32:46.912333 IP 10.10.100.133.1883 > 10.10.100.135.47292: Flags [P.], seq 1:5, ack 40, win 227, options [nop,nop,TS val 412045068 ecr 409554140], length 4
23:32:46.926074 IP 10.10.100.135.47292 > 10.10.100.133.1883: Flags [.], ack 5, win 457, options [nop,nop,TS val 409554157 ecr 412045068], length 0
23:32:46.926083 IP 10.10.100.135.47292 > 10.10.100.133.1883: Flags [P.], seq 40:423, ack 5, win 457, options [nop,nop,TS val 409554157 ecr 412045068], length 383
23:32:46.926084 IP 10.10.100.135.47292 > 10.10.100.133.1883: Flags [FP.], seq 423:425, ack 5, win 457, options [nop,nop,TS val 409554157 ecr 412045068], length 2
23:32:46.927054 IP 10.10.100.133.1883 > 10.10.100.135.47292: Flags [.], ack 423, win 235, options [nop,nop,TS val 412045072 ecr 409554157], length 0
23:32:46.965910 IP 10.10.100.133.1883 > 10.10.100.135.47292: Flags [.], ack 426, win 235, options [nop,nop,TS val 412045082 ecr 409554157], length 0
23:32:46.984941 IP 10.10.100.133.1883 > 10.10.100.135.47292: Flags [F.], seq 5, ack 426, win 235, options [nop,nop,TS val 412045086 ecr 409554157], length 0
23:32:46.997588 IP 10.10.100.135.47292 > 10.10.100.133.1883: Flags [.], ack 6, win 457, options [nop,nop,TS val 409554175 ecr 412045086], length 0
23:32:47.935511 IP 10.10.100.135.47294 > 10.10.100.133.1883: Flags [S], seq 2730027598, win 29200, options [mss 1460,sackOK,TS val 409554409 ecr 0,nop,wscale 6], length 0
23:32:47.935924 IP 10.10.100.133.1883 > 10.10.100.135.47294: Flags [S.], seq 3357259399, ack 2730027599, win 28960, options [mss 1460,sackOK,TS val 412045324 ecr 409554409,nop,wscale 7], length 0
23:32:47.949545 IP 10.10.100.135.47294 > 10.10.100.133.1883: Flags [.], ack 1, win 457, options [nop,nop,TS val 409554413 ecr 412045324], length 0
23:32:47.949552 IP 10.10.100.135.47294 > 10.10.100.133.1883: Flags [P.], seq 1:40, ack 1, win 457, options [nop,nop,TS val 409554413 ecr 412045324], length 39
23:32:47.950004 IP 10.10.100.133.1883 > 10.10.100.135.47294: Flags [.], ack 40, win 227, options [nop,nop,TS val 412045328 ecr 409554413], length 0
23:32:47.953121 IP 10.10.100.133.1883 > 10.10.100.135.47294: Flags [P.], seq 1:5, ack 40, win 227, options [nop,nop,TS val 412045328 ecr 409554413], length 4
23:32:47.966442 IP 10.10.100.135.47294 > 10.10.100.133.1883: Flags [.], ack 5, win 457, options [nop,nop,TS val 409554417 ecr 412045328], length 0
23:32:47.966445 IP 10.10.100.135.47294 > 10.10.100.133.1883: Flags [P.], seq 40:456, ack 5, win 457, options [nop,nop,TS val 409554417 ecr 412045328], length 416
23:32:47.966446 IP 10.10.100.135.47294 > 10.10.100.133.1883: Flags [FP.], seq 456:458, ack 5, win 457, options [nop,nop,TS val 409554417 ecr 412045328], length 2
23:32:47.966889 IP 10.10.100.133.1883 > 10.10.100.135.47294: Flags [.], ack 459, win 235, options [nop,nop,TS val 412045332 ecr 409554417], length 0
23:32:47.968713 IP 10.10.100.133.1883 > 10.10.100.135.47294: Flags [F.], seq 5, ack 459, win 235, options [nop,nop,TS val 412045332 ecr 409554417], length 0
23:32:47.981425 IP 10.10.100.135.47294 > 10.10.100.133.1883: Flags [.], ack 6, win 457, options [nop,nop,TS val 409554421 ecr 412045332], length 0
23:32:48.978140 IP 10.10.100.135.47296 > 10.10.100.133.1883: Flags [S], seq 2172084894, win 29200, options [mss 1460,sackOK,TS val 409554670 ecr 0,nop,wscale 6], length 0
23:32:48.979023 IP 10.10.100.133.1883 > 10.10.100.135.47296: Flags [S.], seq 852828696, ack 2172084895, win 28960, options [mss 1460,sackOK,TS val 412045585 ecr 409554670,nop,wscale 7], length 0
23:32:48.992808 IP 10.10.100.135.47296 > 10.10.100.133.1883: Flags [.], ack 1, win 457, options [nop,nop,TS val 409554674 ecr 412045585], length 0
23:32:48.992812 IP 10.10.100.135.47296 > 10.10.100.133.1883: Flags [P.], seq 1:40, ack 1, win 457, options [nop,nop,TS val 409554674 ecr 412045585], length 39
23:32:48.993313 IP 10.10.100.133.1883 > 10.10.100.135.47296: Flags [.], ack 40, win 227, options [nop,nop,TS val 412045588 ecr 409554674], length 0
23:32:48.999338 IP 10.10.100.133.1883 > 10.10.100.135.47296: Flags [P.], seq 1:5, ack 40, win 227, options [nop,nop,TS val 412045590 ecr 409554674], length 4
23:32:49.011911 IP 10.10.100.135.47296 > 10.10.100.133.1883: Flags [.], ack 5, win 457, options [nop,nop,TS val 409554679 ecr 412045590], length 0
23:32:49.012021 IP 10.10.100.135.47296 > 10.10.100.133.1883: Flags [P.], seq 40:456, ack 5, win 457, options [nop,nop,TS val 409554679 ecr 412045590], length 416
23:32:49.012075 IP 10.10.100.135.47296 > 10.10.100.133.1883: Flags [FP.], seq 456:458, ack 5, win 457, options [nop,nop,TS val 409554679 ecr 412045590], length 2
23:32:49.012377 IP 10.10.100.133.1883 > 10.10.100.135.47296: Flags [.], ack 459, win 235, options [nop,nop,TS val 412045593 ecr 409554679], length 0
23:32:49.014564 IP 10.10.100.133.1883 > 10.10.100.135.47296: Flags [F.], seq 5, ack 459, win 235, options [nop,nop,TS val 412045594 ecr 409554679], length 0
23:32:49.027957 IP 10.10.100.135.47296 > 10.10.100.133.1883: Flags [.], ack 6, win 457, options [nop,nop,TS val 409554682 ecr 412045594], length 0
23:32:50.035365 IP 10.10.100.135.47298 > 10.10.100.133.1883: Flags [S], seq 446291905, win 29200, options [mss 1460,sackOK,TS val 409554934 ecr 0,nop,wscale 6], length 0
23:32:50.035874 IP 10.10.100.133.1883 > 10.10.100.135.47298: Flags [S.], seq 1972210071, ack 446291906, win 28960, options [mss 1460,sackOK,TS val 412045849 ecr 409554934,nop,wscale 7], length 0
23:32:50.049329 IP 10.10.100.135.47298 > 10.10.100.133.1883: Flags [.], ack 1, win 457, options [nop,nop,TS val 409554938 ecr 412045849], length 0
23:32:50.049334 IP 10.10.100.135.47298 > 10.10.100.133.1883: Flags [P.], seq 1:40, ack 1, win 457, options [nop,nop,TS val 409554938 ecr 412045849], length 39
23:32:50.049773 IP 10.10.100.133.1883 > 10.10.100.135.47298: Flags [.], ack 40, win 227, options [nop,nop,TS val 412045853 ecr 409554938], length 0
23:32:50.055095 IP 10.10.100.133.1883 > 10.10.100.135.47298: Flags [P.], seq 1:5, ack 40, win 227, options [nop,nop,TS val 412045854 ecr 409554938], length 4
23:32:50.068257 IP 10.10.100.135.47298 > 10.10.100.133.1883: Flags [.], ack 5, win 457, options [nop,nop,TS val 409554943 ecr 412045854], length 0
23:32:50.068262 IP 10.10.100.135.47298 > 10.10.100.133.1883: Flags [P.], seq 40:456, ack 5, win 457, options [nop,nop,TS val 409554943 ecr 412045854], length 416
23:32:50.068263 IP 10.10.100.135.47298 > 10.10.100.133.1883: Flags [FP.], seq 456:458, ack 5, win 457, options [nop,nop,TS val 409554943 ecr 412045854], length 2
23:32:50.068890 IP 10.10.100.133.1883 > 10.10.100.135.47298: Flags [.], ack 459, win 235, options [nop,nop,TS val 412045857 ecr 409554943], length 0
23:32:50.071514 IP 10.10.100.133.1883 > 10.10.100.135.47298: Flags [F.], seq 5, ack 459, win 235, options [nop,nop,TS val 412045858 ecr 409554943], length 0
23:32:50.084250 IP 10.10.100.135.47298 > 10.10.100.133.1883: Flags [.], ack 6, win 457, options [nop,nop,TS val 409554947 ecr 412045858], length 0
23:32:51.076822 IP 10.10.100.135.47300 > 10.10.100.133.1883: Flags [S], seq 482407411, win 29200, options [mss 1460,sackOK,TS val 409555195 ecr 0,nop,wscale 6], length 0
23:32:51.077363 IP 10.10.100.133.1883 > 10.10.100.135.47300: Flags [S.], seq 499519323, ack 482407412, win 28960, options [mss 1460,sackOK,TS val 412046109 ecr 409555195,nop,wscale 7], length 0
23:32:51.090434 IP 10.10.100.135.47300 > 10.10.100.133.1883: Flags [.], ack 1, win 457, options [nop,nop,TS val 409555198 ecr 412046109], length 0
23:32:51.090440 IP 10.10.100.135.47300 > 10.10.100.133.1883: Flags [P.], seq 1:40, ack 1, win 457, options [nop,nop,TS val 409555198 ecr 412046109], length 39
23:32:51.091441 IP 10.10.100.133.1883 > 10.10.100.135.47300: Flags [.], ack 40, win 227, options [nop,nop,TS val 412046113 ecr 409555198], length 0
23:32:51.097842 IP 10.10.100.133.1883 > 10.10.100.135.47300: Flags [P.], seq 1:5, ack 40, win 227, options [nop,nop,TS val 412046114 ecr 409555198], length 4
23:32:51.111284 IP 10.10.100.135.47300 > 10.10.100.133.1883: Flags [.], ack 5, win 457, options [nop,nop,TS val 409555203 ecr 412046114], length 0
23:32:51.111291 IP 10.10.100.135.47300 > 10.10.100.133.1883: Flags [P.], seq 40:456, ack 5, win 457, options [nop,nop,TS val 409555203 ecr 412046114], length 416
23:32:51.111292 IP 10.10.100.135.47300 > 10.10.100.133.1883: Flags [FP.], seq 456:458, ack 5, win 457, options [nop,nop,TS val 409555203 ecr 412046114], length 2
23:32:51.112523 IP 10.10.100.133.1883 > 10.10.100.135.47300: Flags [.], ack 459, win 235, options [nop,nop,TS val 412046118 ecr 409555203], length 0
23:32:51.118054 IP 10.10.100.133.1883 > 10.10.100.135.47300: Flags [F.], seq 5, ack 459, win 235, options [nop,nop,TS val 412046119 ecr 409555203], length 0
23:32:51.132077 IP 10.10.100.135.47300 > 10.10.100.133.1883: Flags [.], ack 6, win 457, options [nop,nop,TS val 409555208 ecr 412046119], length 0
23:32:52.125661 IP 10.10.100.135.47302 > 10.10.100.133.1883: Flags [S], seq 3015163875, win 29200, options [mss 1460,sackOK,TS val 409555457 ecr 0,nop,wscale 6], length 0
23:32:52.126835 IP 10.10.100.133.1883 > 10.10.100.135.47302: Flags [S.], seq 778086354, ack 3015163876, win 28960, options [mss 1460,sackOK,TS val 412046372 ecr 409555457,nop,wscale 7], length 0
23:32:52.139580 IP 10.10.100.135.47302 > 10.10.100.133.1883: Flags [.], ack 1, win 457, options [nop,nop,TS val 409555460 ecr 412046372], length 0
23:32:52.139584 IP 10.10.100.135.47302 > 10.10.100.133.1883: Flags [P.], seq 1:40, ack 1, win 457, options [nop,nop,TS val 409555460 ecr 412046372], length 39
23:32:52.140088 IP 10.10.100.133.1883 > 10.10.100.135.47302: Flags [.], ack 40, win 227, options [nop,nop,TS val 412046375 ecr 409555460], length 0
23:32:52.145836 IP 10.10.100.133.1883 > 10.10.100.135.47302: Flags [P.], seq 1:5, ack 40, win 227, options [nop,nop,TS val 412046377 ecr 409555460], length 4
23:32:52.158513 IP 10.10.100.135.47302 > 10.10.100.133.1883: Flags [.], ack 5, win 457, options [nop,nop,TS val 409555465 ecr 412046377], length 0
23:32:52.158518 IP 10.10.100.135.47302 > 10.10.100.133.1883: Flags [P.], seq 40:456, ack 5, win 457, options [nop,nop,TS val 409555465 ecr 412046377], length 416
23:32:52.158622 IP 10.10.100.135.47302 > 10.10.100.133.1883: Flags [FP.], seq 456:458, ack 5, win 457, options [nop,nop,TS val 409555465 ecr 412046377], length 2
23:32:52.159156 IP 10.10.100.133.1883 > 10.10.100.135.47302: Flags [.], ack 459, win 235, options [nop,nop,TS val 412046380 ecr 409555465], length 0
23:32:52.161448 IP 10.10.100.133.1883 > 10.10.100.135.47302: Flags [F.], seq 5, ack 459, win 235, options [nop,nop,TS val 412046380 ecr 409555465], length 0
23:32:52.174475 IP 10.10.100.135.47302 > 10.10.100.133.1883: Flags [.], ack 6, win 457, options [nop,nop,TS val 409555469 ecr 412046380], length 0
23:32:53.179557 IP 10.10.100.135.47304 > 10.10.100.133.1883: Flags [S], seq 3174597022, win 29200, options [mss 1460,sackOK,TS val 409555720 ecr 0,nop,wscale 6], length 0
23:32:53.180936 IP 10.10.100.133.1883 > 10.10.100.135.47304: Flags [S.], seq 937568067, ack 3174597023, win 28960, options [mss 1460,sackOK,TS val 412046635 ecr 409555720,nop,wscale 7], length 0
23:32:53.194339 IP 10.10.100.135.47304 > 10.10.100.133.1883: Flags [.], ack 1, win 457, options [nop,nop,TS val 409555724 ecr 412046635], length 0
23:32:53.194350 IP 10.10.100.135.47304 > 10.10.100.133.1883: Flags [P.], seq 1:40, ack 1, win 457, options [nop,nop,TS val 409555724 ecr 412046635], length 39
23:32:53.195801 IP 10.10.100.133.1883 > 10.10.100.135.47304: Flags [.], ack 40, win 227, options [nop,nop,TS val 412046639 ecr 409555724], length 0
23:32:53.202871 IP 10.10.100.133.1883 > 10.10.100.135.47304: Flags [P.], seq 1:5, ack 40, win 227, options [nop,nop,TS val 412046641 ecr 409555724], length 4
23:32:53.216206 IP 10.10.100.135.47304 > 10.10.100.133.1883: Flags [.], ack 5, win 457, options [nop,nop,TS val 409555729 ecr 412046641], length 0
23:32:53.216217 IP 10.10.100.135.47304 > 10.10.100.133.1883: Flags [P.], seq 40:455, ack 5, win 457, options [nop,nop,TS val 409555730 ecr 412046641], length 415
23:32:53.216219 IP 10.10.100.135.47304 > 10.10.100.133.1883: Flags [FP.], seq 455:457, ack 5, win 457, options [nop,nop,TS val 409555730 ecr 412046641], length 2
23:32:53.217814 IP 10.10.100.133.1883 > 10.10.100.135.47304: Flags [.], ack 458, win 235, options [nop,nop,TS val 412046644 ecr 409555730], length 0
23:32:53.226213 IP 10.10.100.133.1883 > 10.10.100.135.47304: Flags [F.], seq 5, ack 458, win 235, options [nop,nop,TS val 412046647 ecr 409555730], length 0
23:32:53.239493 IP 10.10.100.135.47304 > 10.10.100.133.1883: Flags [.], ack 6, win 457, options [nop,nop,TS val 409555735 ecr 412046647], length 0
23:33:07.980483 IP 10.10.100.135.47332 > 10.10.100.133.1883: Flags [S], seq 1759024292, win 29200, options [mss 1460,sackOK,TS val 409559420 ecr 0,nop,wscale 6], length 0
23:33:07.981545 IP 10.10.100.133.1883 > 10.10.100.135.47332: Flags [S.], seq 3283750137, ack 1759024293, win 28960, options [mss 1460,sackOK,TS val 412050335 ecr 409559420,nop,wscale 7], length 0
23:33:07.994428 IP 10.10.100.135.47332 > 10.10.100.133.1883: Flags [.], ack 1, win 457, options [nop,nop,TS val 409559424 ecr 412050335], length 0
23:33:07.994440 IP 10.10.100.135.47332 > 10.10.100.133.1883: Flags [P.], seq 1:40, ack 1, win 457, options [nop,nop,TS val 409559424 ecr 412050335], length 39
23:33:07.995943 IP 10.10.100.133.1883 > 10.10.100.135.47332: Flags [.], ack 40, win 227, options [nop,nop,TS val 412050339 ecr 409559424], length 0
23:33:08.014625 IP 10.10.100.133.1883 > 10.10.100.135.47332: Flags [P.], seq 1:5, ack 40, win 227, options [nop,nop,TS val 412050344 ecr 409559424], length 4
23:33:08.027452 IP 10.10.100.135.47332 > 10.10.100.133.1883: Flags [.], ack 5, win 457, options [nop,nop,TS val 409559432 ecr 412050344], length 0
23:33:08.027728 IP 10.10.100.135.47332 > 10.10.100.133.1883: Flags [P.], seq 40:456, ack 5, win 457, options [nop,nop,TS val 409559432 ecr 412050344], length 416
23:33:08.027732 IP 10.10.100.135.47332 > 10.10.100.133.1883: Flags [FP.], seq 456:458, ack 5, win 457, options [nop,nop,TS val 409559432 ecr 412050344], length 2
23:33:08.033962 IP 10.10.100.133.1883 > 10.10.100.135.47332: Flags [.], ack 459, win 235, options [nop,nop,TS val 412050349 ecr 409559432], length 0
23:33:08.050599 IP 10.10.100.133.1883 > 10.10.100.135.47332: Flags [F.], seq 5, ack 459, win 235, options [nop,nop,TS val 412050353 ecr 409559432], length 0
23:33:08.064306 IP 10.10.100.135.47332 > 10.10.100.133.1883: Flags [.], ack 6, win 457, options [nop,nop,TS val 409559441 ecr 412050353], length 0
23:33:09.054733 IP 10.10.100.135.47334 > 10.10.100.133.1883: Flags [S], seq 780720166, win 29200, options [mss 1460,sackOK,TS val 409559689 ecr 0,nop,wscale 6], length 0
23:33:09.056321 IP 10.10.100.133.1883 > 10.10.100.135.47334: Flags [S.], seq 4160402962, ack 780720167, win 28960, options [mss 1460,sackOK,TS val 412050604 ecr 409559689,nop,wscale 7], length 0
23:33:09.069912 IP 10.10.100.135.47334 > 10.10.100.133.1883: Flags [.], ack 1, win 457, options [nop,nop,TS val 409559693 ecr 412050604], length 0
23:33:09.069926 IP 10.10.100.135.47334 > 10.10.100.133.1883: Flags [P.], seq 1:40, ack 1, win 457, options [nop,nop,TS val 409559693 ecr 412050604], length 39
23:33:09.071670 IP 10.10.100.133.1883 > 10.10.100.135.47334: Flags [.], ack 40, win 227, options [nop,nop,TS val 412050608 ecr 409559693], length 0
23:33:09.146817 IP 10.10.100.133.1883 > 10.10.100.135.47334: Flags [P.], seq 1:5, ack 40, win 227, options [nop,nop,TS val 412050627 ecr 409559693], length 4
23:33:09.160295 IP 10.10.100.135.47334 > 10.10.100.133.1883: Flags [.], ack 5, win 457, options [nop,nop,TS val 409559715 ecr 412050627], length 0
23:33:09.160301 IP 10.10.100.135.47334 > 10.10.100.133.1883: Flags [P.], seq 40:455, ack 5, win 457, options [nop,nop,TS val 409559715 ecr 412050627], length 415
23:33:09.160302 IP 10.10.100.135.47334 > 10.10.100.133.1883: Flags [FP.], seq 455:457, ack 5, win 457, options [nop,nop,TS val 409559715 ecr 412050627], length 2
23:33:09.160898 IP 10.10.100.133.1883 > 10.10.100.135.47334: Flags [.], ack 455, win 235, options [nop,nop,TS val 412050630 ecr 409559715], length 0
23:33:09.170165 IP 10.10.100.133.1883 > 10.10.100.135.47334: Flags [F.], seq 5, ack 458, win 235, options [nop,nop,TS val 412050633 ecr 409559715], length 0
23:33:09.183222 IP 10.10.100.135.47334 > 10.10.100.133.1883: Flags [.], ack 6, win 457, options [nop,nop,TS val 409559721 ecr 412050633], length 0
23:33:10.183701 IP 10.10.100.135.47336 > 10.10.100.133.1883: Flags [S], seq 3995814477, win 29200, options [mss 1460,sackOK,TS val 409559971 ecr 0,nop,wscale 6], length 0
23:33:10.185040 IP 10.10.100.133.1883 > 10.10.100.135.47336: Flags [S.], seq 2154954507, ack 3995814478, win 28960, options [mss 1460,sackOK,TS val 412050886 ecr 409559971,nop,wscale 7], length 0
23:33:10.198562 IP 10.10.100.135.47336 > 10.10.100.133.1883: Flags [.], ack 1, win 457, options [nop,nop,TS val 409559975 ecr 412050886], length 0
23:33:10.198573 IP 10.10.100.135.47336 > 10.10.100.133.1883: Flags [P.], seq 1:40, ack 1, win 457, options [nop,nop,TS val 409559975 ecr 412050886], length 39
23:33:10.200101 IP 10.10.100.133.1883 > 10.10.100.135.47336: Flags [.], ack 40, win 227, options [nop,nop,TS val 412050890 ecr 409559975], length 0
23:33:10.214923 IP 10.10.100.133.1883 > 10.10.100.135.47336: Flags [P.], seq 1:5, ack 40, win 227, options [nop,nop,TS val 412050894 ecr 409559975], length 4
23:33:10.227662 IP 10.10.100.135.47336 > 10.10.100.133.1883: Flags [.], ack 5, win 457, options [nop,nop,TS val 409559982 ecr 412050894], length 0
23:33:10.228046 IP 10.10.100.135.47336 > 10.10.100.133.1883: Flags [P.], seq 40:456, ack 5, win 457, options [nop,nop,TS val 409559983 ecr 412050894], length 416
23:33:10.228052 IP 10.10.100.135.47336 > 10.10.100.133.1883: Flags [FP.], seq 456:458, ack 5, win 457, options [nop,nop,TS val 409559983 ecr 412050894], length 2
23:33:10.229410 IP 10.10.100.133.1883 > 10.10.100.135.47336: Flags [.], ack 459, win 235, options [nop,nop,TS val 412050897 ecr 409559983], length 0
23:33:10.238539 IP 10.10.100.133.1883 > 10.10.100.135.47336: Flags [F.], seq 5, ack 459, win 235, options [nop,nop,TS val 412050900 ecr 409559983], length 0
23:33:10.252012 IP 10.10.100.135.47336 > 10.10.100.133.1883: Flags [.], ack 6, win 457, options [nop,nop,TS val 409559988 ecr 412050900], length 0
23:33:11.256161 IP 10.10.100.135.47338 > 10.10.100.133.1883: Flags [S], seq 940092416, win 29200, options [mss 1460,sackOK,TS val 409560239 ecr 0,nop,wscale 6], length 0
23:33:11.257201 IP 10.10.100.133.1883 > 10.10.100.135.47338: Flags [S.], seq 925888513, ack 940092417, win 28960, options [mss 1460,sackOK,TS val 412051154 ecr 409560239,nop,wscale 7], length 0
23:33:11.270080 IP 10.10.100.135.47338 > 10.10.100.133.1883: Flags [.], ack 1, win 457, options [nop,nop,TS val 409560243 ecr 412051154], length 0
23:33:11.270086 IP 10.10.100.135.47338 > 10.10.100.133.1883: Flags [P.], seq 1:40, ack 1, win 457, options [nop,nop,TS val 409560243 ecr 412051154], length 39
23:33:11.270615 IP 10.10.100.133.1883 > 10.10.100.135.47338: Flags [.], ack 40, win 227, options [nop,nop,TS val 412051158 ecr 409560243], length 0
23:33:11.286015 IP 10.10.100.133.1883 > 10.10.100.135.47338: Flags [P.], seq 1:5, ack 40, win 227, options [nop,nop,TS val 412051162 ecr 409560243], length 4
23:33:11.298949 IP 10.10.100.135.47338 > 10.10.100.133.1883: Flags [.], ack 5, win 457, options [nop,nop,TS val 409560250 ecr 412051162], length 0
23:33:11.298954 IP 10.10.100.135.47338 > 10.10.100.133.1883: Flags [P.], seq 40:456, ack 5, win 457, options [nop,nop,TS val 409560250 ecr 412051162], length 416
23:33:11.298954 IP 10.10.100.135.47338 > 10.10.100.133.1883: Flags [FP.], seq 456:458, ack 5, win 457, options [nop,nop,TS val 409560250 ecr 412051162], length 2
23:33:11.302014 IP 10.10.100.133.1883 > 10.10.100.135.47338: Flags [.], ack 459, win 235, options [nop,nop,TS val 412051166 ecr 409560250], length 0
23:33:11.310023 IP 10.10.100.133.1883 > 10.10.100.135.47338: Flags [F.], seq 5, ack 459, win 235, options [nop,nop,TS val 412051168 ecr 409560250], length 0
23:33:11.322911 IP 10.10.100.135.47338 > 10.10.100.133.1883: Flags [.], ack 6, win 457, options [nop,nop,TS val 409560256 ecr 412051168], length 0
23:33:12.322933 IP 10.10.100.135.47340 > 10.10.100.133.1883: Flags [S], seq 1464645193, win 29200, options [mss 1460,sackOK,TS val 409560506 ecr 0,nop,wscale 6], length 0
23:33:12.324732 IP 10.10.100.133.1883 > 10.10.100.135.47340: Flags [S.], seq 657867036, ack 1464645194, win 28960, options [mss 1460,sackOK,TS val 412051421 ecr 409560506,nop,wscale 7], length 0
23:33:12.337934 IP 10.10.100.135.47340 > 10.10.100.133.1883: Flags [.], ack 1, win 457, options [nop,nop,TS val 409560510 ecr 412051421], length 0
23:33:12.337946 IP 10.10.100.135.47340 > 10.10.100.133.1883: Flags [P.], seq 1:40, ack 1, win 457, options [nop,nop,TS val 409560510 ecr 412051421], length 39
23:33:12.339531 IP 10.10.100.133.1883 > 10.10.100.135.47340: Flags [.], ack 40, win 227, options [nop,nop,TS val 412051425 ecr 409560510], length 0
23:33:12.374592 IP 10.10.100.133.1883 > 10.10.100.135.47340: Flags [P.], seq 1:5, ack 40, win 227, options [nop,nop,TS val 412051434 ecr 409560510], length 4
23:33:12.387705 IP 10.10.100.135.47340 > 10.10.100.133.1883: Flags [.], ack 5, win 457, options [nop,nop,TS val 409560522 ecr 412051434], length 0
23:33:12.387719 IP 10.10.100.135.47340 > 10.10.100.133.1883: Flags [P.], seq 40:455, ack 5, win 457, options [nop,nop,TS val 409560522 ecr 412051434], length 415
23:33:12.388013 IP 10.10.100.135.47340 > 10.10.100.133.1883: Flags [FP.], seq 455:457, ack 5, win 457, options [nop,nop,TS val 409560523 ecr 412051434], length 2
23:33:12.390011 IP 10.10.100.133.1883 > 10.10.100.135.47340: Flags [.], ack 458, win 235, options [nop,nop,TS val 412051438 ecr 409560522], length 0
23:33:12.400272 IP 10.10.100.133.1883 > 10.10.100.135.47340: Flags [F.], seq 5, ack 458, win 235, options [nop,nop,TS val 412051440 ecr 409560522], length 0
23:33:12.413166 IP 10.10.100.135.47340 > 10.10.100.133.1883: Flags [.], ack 6, win 457, options [nop,nop,TS val 409560529 ecr 412051440], length 0
23:33:13.413929 IP 10.10.100.135.47342 > 10.10.100.133.1883: Flags [S], seq 454516209, win 29200, options [mss 1460,sackOK,TS val 409560779 ecr 0,nop,wscale 6], length 0
23:33:13.415499 IP 10.10.100.133.1883 > 10.10.100.135.47342: Flags [S.], seq 502346060, ack 454516210, win 28960, options [mss 1460,sackOK,TS val 412051694 ecr 409560779,nop,wscale 7], length 0
23:33:13.428906 IP 10.10.100.135.47342 > 10.10.100.133.1883: Flags [.], ack 1, win 457, options [nop,nop,TS val 409560783 ecr 412051694], length 0
23:33:13.428920 IP 10.10.100.135.47342 > 10.10.100.133.1883: Flags [P.], seq 1:40, ack 1, win 457, options [nop,nop,TS val 409560783 ecr 412051694], length 39
23:33:13.430277 IP 10.10.100.133.1883 > 10.10.100.135.47342: Flags [.], ack 40, win 227, options [nop,nop,TS val 412051698 ecr 409560783], length 0
23:33:13.455817 IP 10.10.100.133.1883 > 10.10.100.135.47342: Flags [P.], seq 1:5, ack 40, win 227, options [nop,nop,TS val 412051704 ecr 409560783], length 4
23:33:13.468445 IP 10.10.100.135.47342 > 10.10.100.133.1883: Flags [.], ack 5, win 457, options [nop,nop,TS val 409560793 ecr 412051704], length 0
23:33:13.468578 IP 10.10.100.135.47342 > 10.10.100.133.1883: Flags [P.], seq 40:456, ack 5, win 457, options [nop,nop,TS val 409560793 ecr 412051704], length 416
23:33:13.468580 IP 10.10.100.135.47342 > 10.10.100.133.1883: Flags [FP.], seq 456:458, ack 5, win 457, options [nop,nop,TS val 409560793 ecr 412051704], length 2
23:33:13.469209 IP 10.10.100.133.1883 > 10.10.100.135.47342: Flags [.], ack 459, win 235, options [nop,nop,TS val 412051708 ecr 409560793], length 0
23:33:13.474517 IP 10.10.100.133.1883 > 10.10.100.135.47342: Flags [F.], seq 5, ack 459, win 235, options [nop,nop,TS val 412051709 ecr 409560793], length 0
23:33:13.487370 IP 10.10.100.135.47342 > 10.10.100.133.1883: Flags [.], ack 6, win 457, options [nop,nop,TS val 409560797 ecr 412051709], length 0
23:33:14.491807 IP 10.10.100.135.47344 > 10.10.100.133.1883: Flags [S], seq 355315710, win 29200, options [mss 1460,sackOK,TS val 409561048 ecr 0,nop,wscale 6], length 0
23:33:14.492504 IP 10.10.100.133.1883 > 10.10.100.135.47344: Flags [S.], seq 3907188046, ack 355315711, win 28960, options [mss 1460,sackOK,TS val 412051963 ecr 409561048,nop,wscale 7], length 0
23:33:14.505729 IP 10.10.100.135.47344 > 10.10.100.133.1883: Flags [.], ack 1, win 457, options [nop,nop,TS val 409561052 ecr 412051963], length 0
23:33:14.505735 IP 10.10.100.135.47344 > 10.10.100.133.1883: Flags [P.], seq 1:40, ack 1, win 457, options [nop,nop,TS val 409561052 ecr 412051963], length 39
23:33:14.506270 IP 10.10.100.133.1883 > 10.10.100.135.47344: Flags [.], ack 40, win 227, options [nop,nop,TS val 412051967 ecr 409561052], length 0
23:33:14.518981 IP 10.10.100.133.1883 > 10.10.100.135.47344: Flags [P.], seq 1:5, ack 40, win 227, options [nop,nop,TS val 412051970 ecr 409561052], length 4
23:33:14.532696 IP 10.10.100.135.47344 > 10.10.100.133.1883: Flags [.], ack 5, win 457, options [nop,nop,TS val 409561058 ecr 412051970], length 0
23:33:14.532704 IP 10.10.100.135.47344 > 10.10.100.133.1883: Flags [P.], seq 40:455, ack 5, win 457, options [nop,nop,TS val 409561059 ecr 412051970], length 415
23:33:14.532705 IP 10.10.100.135.47344 > 10.10.100.133.1883: Flags [FP.], seq 455:457, ack 5, win 457, options [nop,nop,TS val 409561059 ecr 412051970], length 2
23:33:14.533458 IP 10.10.100.133.1883 > 10.10.100.135.47344: Flags [.], ack 458, win 235, options [nop,nop,TS val 412051974 ecr 409561059], length 0
23:33:14.539986 IP 10.10.100.133.1883 > 10.10.100.135.47344: Flags [F.], seq 5, ack 458, win 235, options [nop,nop,TS val 412051975 ecr 409561059], length 0
23:33:14.552739 IP 10.10.100.135.47344 > 10.10.100.133.1883: Flags [.], ack 6, win 457, options [nop,nop,TS val 409561064 ecr 412051975], length 0
23:33:15.543267 IP 10.10.100.135.47346 > 10.10.100.133.1883: Flags [S], seq 2069187028, win 29200, options [mss 1460,sackOK,TS val 409561311 ecr 0,nop,wscale 6], length 0
23:33:15.543788 IP 10.10.100.133.1883 > 10.10.100.135.47346: Flags [S.], seq 2657925671, ack 2069187029, win 28960, options [mss 1460,sackOK,TS val 412052226 ecr 409561311,nop,wscale 7], length 0
23:33:15.557379 IP 10.10.100.135.47346 > 10.10.100.133.1883: Flags [.], ack 1, win 457, options [nop,nop,TS val 409561315 ecr 412052226], length 0
23:33:15.557387 IP 10.10.100.135.47346 > 10.10.100.133.1883: Flags [P.], seq 1:40, ack 1, win 457, options [nop,nop,TS val 409561315 ecr 412052226], length 39
23:33:15.557980 IP 10.10.100.133.1883 > 10.10.100.135.47346: Flags [.], ack 40, win 227, options [nop,nop,TS val 412052230 ecr 409561315], length 0
23:33:15.561535 IP 10.10.100.133.1883 > 10.10.100.135.47346: Flags [P.], seq 1:5, ack 40, win 227, options [nop,nop,TS val 412052231 ecr 409561315], length 4
23:33:15.574350 IP 10.10.100.135.47346 > 10.10.100.133.1883: Flags [.], ack 5, win 457, options [nop,nop,TS val 409561319 ecr 412052231], length 0
23:33:15.574357 IP 10.10.100.135.47346 > 10.10.100.133.1883: Flags [P.], seq 40:456, ack 5, win 457, options [nop,nop,TS val 409561319 ecr 412052231], length 416
23:33:15.574357 IP 10.10.100.135.47346 > 10.10.100.133.1883: Flags [FP.], seq 456:458, ack 5, win 457, options [nop,nop,TS val 409561319 ecr 412052231], length 2
23:33:15.575446 IP 10.10.100.133.1883 > 10.10.100.135.47346: Flags [.], ack 459, win 235, options [nop,nop,TS val 412052234 ecr 409561319], length 0
23:33:15.580753 IP 10.10.100.133.1883 > 10.10.100.135.47346: Flags [F.], seq 5, ack 459, win 235, options [nop,nop,TS val 412052235 ecr 409561319], length 0
23:33:15.594329 IP 10.10.100.135.47346 > 10.10.100.133.1883: Flags [.], ack 6, win 457, options [nop,nop,TS val 409561324 ecr 412052235], length 0
23:33:16.597226 IP 10.10.100.135.47348 > 10.10.100.133.1883: Flags [S], seq 2819460282, win 29200, options [mss 1460,sackOK,TS val 409561575 ecr 0,nop,wscale 6], length 0
23:33:16.598235 IP 10.10.100.133.1883 > 10.10.100.135.47348: Flags [S.], seq 4073902665, ack 2819460283, win 28960, options [mss 1460,sackOK,TS val 412052490 ecr 409561575,nop,wscale 7], length 0
23:33:16.611020 IP 10.10.100.135.47348 > 10.10.100.133.1883: Flags [.], ack 1, win 457, options [nop,nop,TS val 409561578 ecr 412052490], length 0
23:33:16.611028 IP 10.10.100.135.47348 > 10.10.100.133.1883: Flags [P.], seq 1:40, ack 1, win 457, options [nop,nop,TS val 409561578 ecr 412052490], length 39
23:33:16.611938 IP 10.10.100.133.1883 > 10.10.100.135.47348: Flags [.], ack 40, win 227, options [nop,nop,TS val 412052493 ecr 409561578], length 0
23:33:16.618237 IP 10.10.100.133.1883 > 10.10.100.135.47348: Flags [P.], seq 1:5, ack 40, win 227, options [nop,nop,TS val 412052495 ecr 409561578], length 4
23:33:16.630974 IP 10.10.100.135.47348 > 10.10.100.133.1883: Flags [.], ack 5, win 457, options [nop,nop,TS val 409561583 ecr 412052495], length 0
23:33:16.631170 IP 10.10.100.135.47348 > 10.10.100.133.1883: Flags [P.], seq 40:456, ack 5, win 457, options [nop,nop,TS val 409561583 ecr 412052495], length 416
23:33:16.631174 IP 10.10.100.135.47348 > 10.10.100.133.1883: Flags [FP.], seq 456:458, ack 5, win 457, options [nop,nop,TS val 409561583 ecr 412052495], length 2
23:33:16.631933 IP 10.10.100.133.1883 > 10.10.100.135.47348: Flags [.], ack 459, win 235, options [nop,nop,TS val 412052498 ecr 409561583], length 0
23:33:16.640124 IP 10.10.100.133.1883 > 10.10.100.135.47348: Flags [F.], seq 5, ack 459, win 235, options [nop,nop,TS val 412052500 ecr 409561583], length 0
23:33:16.652956 IP 10.10.100.135.47348 > 10.10.100.133.1883: Flags [.], ack 6, win 457, options [nop,nop,TS val 409561589 ecr 412052500], length 0
23:33:17.657894 IP 10.10.100.135.47350 > 10.10.100.133.1883: Flags [S], seq 697856800, win 29200, options [mss 1460,sackOK,TS val 409561840 ecr 0,nop,wscale 6], length 0
23:33:17.659815 IP 10.10.100.133.1883 > 10.10.100.135.47350: Flags [S.], seq 560150873, ack 697856801, win 28960, options [mss 1460,sackOK,TS val 412052755 ecr 409561840,nop,wscale 7], length 0
23:33:17.673196 IP 10.10.100.135.47350 > 10.10.100.133.1883: Flags [.], ack 1, win 457, options [nop,nop,TS val 409561844 ecr 412052755], length 0
23:33:17.673212 IP 10.10.100.135.47350 > 10.10.100.133.1883: Flags [P.], seq 1:40, ack 1, win 457, options [nop,nop,TS val 409561844 ecr 412052755], length 39
23:33:17.674339 IP 10.10.100.133.1883 > 10.10.100.135.47350: Flags [.], ack 40, win 227, options [nop,nop,TS val 412052759 ecr 409561844], length 0
23:33:17.680932 IP 10.10.100.133.1883 > 10.10.100.135.47350: Flags [P.], seq 1:5, ack 40, win 227, options [nop,nop,TS val 412052760 ecr 409561844], length 4
23:33:17.694352 IP 10.10.100.135.47350 > 10.10.100.133.1883: Flags [.], ack 5, win 457, options [nop,nop,TS val 409561849 ecr 412052760], length 0
23:33:17.694363 IP 10.10.100.135.47350 > 10.10.100.133.1883: Flags [P.], seq 40:456, ack 5, win 457, options [nop,nop,TS val 409561849 ecr 412052760], length 416
23:33:17.694364 IP 10.10.100.135.47350 > 10.10.100.133.1883: Flags [FP.], seq 456:458, ack 5, win 457, options [nop,nop,TS val 409561849 ecr 412052760], length 2
23:33:17.695899 IP 10.10.100.133.1883 > 10.10.100.135.47350: Flags [.], ack 459, win 235, options [nop,nop,TS val 412052764 ecr 409561849], length 0
23:33:17.717327 IP 10.10.100.133.1883 > 10.10.100.135.47350: Flags [F.], seq 5, ack 459, win 235, options [nop,nop,TS val 412052769 ecr 409561849], length 0
23:33:17.730220 IP 10.10.100.135.47350 > 10.10.100.133.1883: Flags [.], ack 6, win 457, options [nop,nop,TS val 409561858 ecr 412052769], length 0
23:33:18.707743 IP 10.10.100.135.47352 > 10.10.100.133.1883: Flags [S], seq 1651764968, win 29200, options [mss 1460,sackOK,TS val 409562102 ecr 0,nop,wscale 6], length 0
23:33:18.708554 IP 10.10.100.133.1883 > 10.10.100.135.47352: Flags [S.], seq 337620032, ack 1651764969, win 28960, options [mss 1460,sackOK,TS val 412053017 ecr 409562102,nop,wscale 7], length 0
23:33:18.721489 IP 10.10.100.135.47352 > 10.10.100.133.1883: Flags [.], ack 1, win 457, options [nop,nop,TS val 409562106 ecr 412053017], length 0
23:33:18.721498 IP 10.10.100.135.47352 > 10.10.100.133.1883: Flags [P.], seq 1:40, ack 1, win 457, options [nop,nop,TS val 409562106 ecr 412053017], length 39
23:33:18.722254 IP 10.10.100.133.1883 > 10.10.100.135.47352: Flags [.], ack 40, win 227, options [nop,nop,TS val 412053021 ecr 409562106], length 0
23:33:18.734959 IP 10.10.100.133.1883 > 10.10.100.135.47352: Flags [P.], seq 1:5, ack 40, win 227, options [nop,nop,TS val 412053024 ecr 409562106], length 4
23:33:18.748426 IP 10.10.100.135.47352 > 10.10.100.133.1883: Flags [.], ack 5, win 457, options [nop,nop,TS val 409562112 ecr 412053024], length 0
23:33:18.748437 IP 10.10.100.135.47352 > 10.10.100.133.1883: Flags [P.], seq 40:455, ack 5, win 457, options [nop,nop,TS val 409562113 ecr 412053024], length 415
23:33:18.748439 IP 10.10.100.135.47352 > 10.10.100.133.1883: Flags [FP.], seq 455:457, ack 5, win 457, options [nop,nop,TS val 409562113 ecr 412053024], length 2
23:33:18.749577 IP 10.10.100.133.1883 > 10.10.100.135.47352: Flags [.], ack 458, win 235, options [nop,nop,TS val 412053028 ecr 409562113], length 0
23:33:18.764164 IP 10.10.100.133.1883 > 10.10.100.135.47352: Flags [F.], seq 5, ack 458, win 235, options [nop,nop,TS val 412053031 ecr 409562113], length 0
23:33:18.777303 IP 10.10.100.135.47352 > 10.10.100.133.1883: Flags [.], ack 6, win 457, options [nop,nop,TS val 409562120 ecr 412053031], length 0
23:33:19.760095 IP 10.10.100.135.47354 > 10.10.100.133.1883: Flags [S], seq 816307835, win 29200, options [mss 1460,sackOK,TS val 409562365 ecr 0,nop,wscale 6], length 0
23:33:19.760851 IP 10.10.100.133.1883 > 10.10.100.135.47354: Flags [S.], seq 2056648410, ack 816307836, win 28960, options [mss 1460,sackOK,TS val 412053280 ecr 409562365,nop,wscale 7], length 0
23:33:19.774030 IP 10.10.100.135.47354 > 10.10.100.133.1883: Flags [.], ack 1, win 457, options [nop,nop,TS val 409562369 ecr 412053280], length 0
23:33:19.774036 IP 10.10.100.135.47354 > 10.10.100.133.1883: Flags [P.], seq 1:40, ack 1, win 457, options [nop,nop,TS val 409562369 ecr 412053280], length 39
23:33:19.774923 IP 10.10.100.133.1883 > 10.10.100.135.47354: Flags [.], ack 40, win 227, options [nop,nop,TS val 412053284 ecr 409562369], length 0
23:33:19.780807 IP 10.10.100.133.1883 > 10.10.100.135.47354: Flags [P.], seq 1:5, ack 40, win 227, options [nop,nop,TS val 412053285 ecr 409562369], length 4
23:33:19.793976 IP 10.10.100.135.47354 > 10.10.100.133.1883: Flags [.], ack 5, win 457, options [nop,nop,TS val 409562374 ecr 412053285], length 0
23:33:19.793982 IP 10.10.100.135.47354 > 10.10.100.133.1883: Flags [P.], seq 40:456, ack 5, win 457, options [nop,nop,TS val 409562374 ecr 412053285], length 416
23:33:19.793983 IP 10.10.100.135.47354 > 10.10.100.133.1883: Flags [FP.], seq 456:458, ack 5, win 457, options [nop,nop,TS val 409562374 ecr 412053285], length 2
23:33:19.794963 IP 10.10.100.133.1883 > 10.10.100.135.47354: Flags [.], ack 459, win 235, options [nop,nop,TS val 412053289 ecr 409562374], length 0
23:33:19.798565 IP 10.10.100.133.1883 > 10.10.100.135.47354: Flags [F.], seq 5, ack 459, win 235, options [nop,nop,TS val 412053290 ecr 409562374], length 0
23:33:19.811759 IP 10.10.100.135.47354 > 10.10.100.133.1883: Flags [.], ack 6, win 457, options [nop,nop,TS val 409562378 ecr 412053290], length 0
23:33:20.813246 IP 10.10.100.135.47356 > 10.10.100.133.1883: Flags [S], seq 2664548398, win 29200, options [mss 1460,sackOK,TS val 409562629 ecr 0,nop,wscale 6], length 0
23:33:20.814302 IP 10.10.100.133.1883 > 10.10.100.135.47356: Flags [S.], seq 2037678793, ack 2664548399, win 28960, options [mss 1460,sackOK,TS val 412053544 ecr 409562629,nop,wscale 7], length 0
23:33:20.827248 IP 10.10.100.135.47356 > 10.10.100.133.1883: Flags [.], ack 1, win 457, options [nop,nop,TS val 409562632 ecr 412053544], length 0
23:33:20.827261 IP 10.10.100.135.47356 > 10.10.100.133.1883: Flags [P.], seq 1:40, ack 1, win 457, options [nop,nop,TS val 409562632 ecr 412053544], length 39
23:33:20.828736 IP 10.10.100.133.1883 > 10.10.100.135.47356: Flags [.], ack 40, win 227, options [nop,nop,TS val 412053547 ecr 409562632], length 0
23:33:20.837205 IP 10.10.100.133.1883 > 10.10.100.135.47356: Flags [P.], seq 1:5, ack 40, win 227, options [nop,nop,TS val 412053549 ecr 409562632], length 4
23:33:20.851146 IP 10.10.100.135.47356 > 10.10.100.133.1883: Flags [.], ack 5, win 457, options [nop,nop,TS val 409562638 ecr 412053549], length 0
23:33:20.851158 IP 10.10.100.135.47356 > 10.10.100.133.1883: Flags [P.], seq 40:456, ack 5, win 457, options [nop,nop,TS val 409562638 ecr 412053549], length 416
23:33:20.851160 IP 10.10.100.135.47356 > 10.10.100.133.1883: Flags [FP.], seq 456:458, ack 5, win 457, options [nop,nop,TS val 409562638 ecr 412053549], length 2
23:33:20.852734 IP 10.10.100.133.1883 > 10.10.100.135.47356: Flags [.], ack 459, win 235, options [nop,nop,TS val 412053553 ecr 409562638], length 0
23:33:20.860605 IP 10.10.100.133.1883 > 10.10.100.135.47356: Flags [F.], seq 5, ack 459, win 235, options [nop,nop,TS val 412053555 ecr 409562638], length 0
23:33:20.874143 IP 10.10.100.135.47356 > 10.10.100.133.1883: Flags [.], ack 6, win 457, options [nop,nop,TS val 409562644 ecr 412053555], length 0
23:33:21.876482 IP 10.10.100.135.47358 > 10.10.100.133.1883: Flags [S], seq 1080950058, win 29200, options [mss 1460,sackOK,TS val 409562895 ecr 0,nop,wscale 6], length 0
23:33:21.878082 IP 10.10.100.133.1883 > 10.10.100.135.47358: Flags [S.], seq 95272544, ack 1080950059, win 28960, options [mss 1460,sackOK,TS val 412053810 ecr 409562895,nop,wscale 7], length 0
23:33:21.891326 IP 10.10.100.135.47358 > 10.10.100.133.1883: Flags [.], ack 1, win 457, options [nop,nop,TS val 409562898 ecr 412053810], length 0
23:33:21.891334 IP 10.10.100.135.47358 > 10.10.100.133.1883: Flags [P.], seq 1:40, ack 1, win 457, options [nop,nop,TS val 409562898 ecr 412053810], length 39
23:33:21.891870 IP 10.10.100.133.1883 > 10.10.100.135.47358: Flags [.], ack 40, win 227, options [nop,nop,TS val 412053813 ecr 409562898], length 0
23:33:21.902543 IP 10.10.100.133.1883 > 10.10.100.135.47358: Flags [P.], seq 1:5, ack 40, win 227, options [nop,nop,TS val 412053816 ecr 409562898], length 4
23:33:21.915321 IP 10.10.100.135.47358 > 10.10.100.133.1883: Flags [.], ack 5, win 457, options [nop,nop,TS val 409562904 ecr 412053816], length 0
23:33:21.915328 IP 10.10.100.135.47358 > 10.10.100.133.1883: Flags [P.], seq 40:456, ack 5, win 457, options [nop,nop,TS val 409562904 ecr 412053816], length 416
23:33:21.915329 IP 10.10.100.135.47358 > 10.10.100.133.1883: Flags [FP.], seq 456:458, ack 5, win 457, options [nop,nop,TS val 409562904 ecr 412053816], length 2
23:33:21.944347 IP 10.10.100.135.47358 > 10.10.100.133.1883: Flags [FP.], seq 456:458, ack 5, win 457, options [nop,nop,TS val 409562912 ecr 412053816], length 2
23:33:21.944883 IP 10.10.100.133.1883 > 10.10.100.135.47358: Flags [.], ack 459, win 235, options [nop,nop,TS val 412053826 ecr 409562904,nop,nop,sack 1 {456:459}], length 0
23:33:21.950662 IP 10.10.100.133.1883 > 10.10.100.135.47358: Flags [F.], seq 5, ack 459, win 235, options [nop,nop,TS val 412053828 ecr 409562904], length 0
23:33:21.964253 IP 10.10.100.135.47358 > 10.10.100.133.1883: Flags [.], ack 6, win 457, options [nop,nop,TS val 409562916 ecr 412053828], length 0
23:33:22.939244 IP 10.10.100.135.47360 > 10.10.100.133.1883: Flags [S], seq 795585726, win 29200, options [mss 1460,sackOK,TS val 409563160 ecr 0,nop,wscale 6], length 0
23:33:22.940734 IP 10.10.100.133.1883 > 10.10.100.135.47360: Flags [S.], seq 2541890847, ack 795585727, win 28960, options [mss 1460,sackOK,TS val 412054075 ecr 409563160,nop,wscale 7], length 0
23:33:22.953602 IP 10.10.100.135.47360 > 10.10.100.133.1883: Flags [.], ack 1, win 457, options [nop,nop,TS val 409563164 ecr 412054075], length 0
23:33:22.953618 IP 10.10.100.135.47360 > 10.10.100.133.1883: Flags [P.], seq 1:40, ack 1, win 457, options [nop,nop,TS val 409563164 ecr 412054075], length 39
23:33:22.955426 IP 10.10.100.133.1883 > 10.10.100.135.47360: Flags [.], ack 40, win 227, options [nop,nop,TS val 412054079 ecr 409563164], length 0
23:33:22.981896 IP 10.10.100.133.1883 > 10.10.100.135.47360: Flags [P.], seq 1:5, ack 40, win 227, options [nop,nop,TS val 412054086 ecr 409563164], length 4
23:33:22.994712 IP 10.10.100.135.47360 > 10.10.100.133.1883: Flags [.], ack 5, win 457, options [nop,nop,TS val 409563174 ecr 412054086], length 0
23:33:22.995162 IP 10.10.100.135.47360 > 10.10.100.133.1883: Flags [P.], seq 40:455, ack 5, win 457, options [nop,nop,TS val 409563174 ecr 412054086], length 415
23:33:22.995169 IP 10.10.100.135.47360 > 10.10.100.133.1883: Flags [FP.], seq 455:457, ack 5, win 457, options [nop,nop,TS val 409563174 ecr 412054086], length 2
23:33:22.996816 IP 10.10.100.133.1883 > 10.10.100.135.47360: Flags [.], ack 458, win 235, options [nop,nop,TS val 412054089 ecr 409563174], length 0
23:33:23.037918 IP 10.10.100.133.1883 > 10.10.100.135.47360: Flags [F.], seq 5, ack 458, win 235, options [nop,nop,TS val 412054100 ecr 409563174], length 0
23:33:23.051566 IP 10.10.100.135.47360 > 10.10.100.133.1883: Flags [.], ack 6, win 457, options [nop,nop,TS val 409563188 ecr 412054100], length 0
23:33:24.022240 IP 10.10.100.135.47362 > 10.10.100.133.1883: Flags [S], seq 3506878985, win 29200, options [mss 1460,sackOK,TS val 409563431 ecr 0,nop,wscale 6], length 0
23:33:24.023341 IP 10.10.100.133.1883 > 10.10.100.135.47362: Flags [S.], seq 2677890027, ack 3506878986, win 28960, options [mss 1460,sackOK,TS val 412054346 ecr 409563431,nop,wscale 7], length 0
23:33:24.036730 IP 10.10.100.135.47362 > 10.10.100.133.1883: Flags [.], ack 1, win 457, options [nop,nop,TS val 409563435 ecr 412054346], length 0
23:33:24.036741 IP 10.10.100.135.47362 > 10.10.100.133.1883: Flags [P.], seq 1:40, ack 1, win 457, options [nop,nop,TS val 409563435 ecr 412054346], length 39
23:33:24.038464 IP 10.10.100.133.1883 > 10.10.100.135.47362: Flags [.], ack 40, win 227, options [nop,nop,TS val 412054350 ecr 409563435], length 0
23:33:24.048995 IP 10.10.100.133.1883 > 10.10.100.135.47362: Flags [P.], seq 1:5, ack 40, win 227, options [nop,nop,TS val 412054352 ecr 409563435], length 4
23:33:24.061817 IP 10.10.100.135.47362 > 10.10.100.133.1883: Flags [.], ack 5, win 457, options [nop,nop,TS val 409563441 ecr 412054352], length 0
23:33:24.062091 IP 10.10.100.135.47362 > 10.10.100.133.1883: Flags [P.], seq 40:456, ack 5, win 457, options [nop,nop,TS val 409563441 ecr 412054352], length 416
23:33:24.062097 IP 10.10.100.135.47362 > 10.10.100.133.1883: Flags [FP.], seq 456:458, ack 5, win 457, options [nop,nop,TS val 409563441 ecr 412054352], length 2
23:33:24.063664 IP 10.10.100.133.1883 > 10.10.100.135.47362: Flags [.], ack 459, win 235, options [nop,nop,TS val 412054356 ecr 409563441], length 0
23:33:24.070305 IP 10.10.100.133.1883 > 10.10.100.135.47362: Flags [F.], seq 5, ack 459, win 235, options [nop,nop,TS val 412054358 ecr 409563441], length 0
23:33:24.083310 IP 10.10.100.135.47362 > 10.10.100.133.1883: Flags [.], ack 6, win 457, options [nop,nop,TS val 409563446 ecr 412054358], length 0
23:33:25.084045 IP 10.10.100.135.47364 > 10.10.100.133.1883: Flags [S], seq 1543789778, win 29200, options [mss 1460,sackOK,TS val 409563696 ecr 0,nop,wscale 6], length 0
23:33:25.085506 IP 10.10.100.133.1883 > 10.10.100.135.47364: Flags [S.], seq 1975082374, ack 1543789779, win 28960, options [mss 1460,sackOK,TS val 412054611 ecr 409563696,nop,wscale 7], length 0
23:33:25.099024 IP 10.10.100.135.47364 > 10.10.100.133.1883: Flags [.], ack 1, win 457, options [nop,nop,TS val 409563700 ecr 412054611], length 0
23:33:25.099035 IP 10.10.100.135.47364 > 10.10.100.133.1883: Flags [P.], seq 1:40, ack 1, win 457, options [nop,nop,TS val 409563700 ecr 412054611], length 39
23:33:25.100284 IP 10.10.100.133.1883 > 10.10.100.135.47364: Flags [.], ack 40, win 227, options [nop,nop,TS val 412054615 ecr 409563700], length 0
23:33:25.114585 IP 10.10.100.133.1883 > 10.10.100.135.47364: Flags [P.], seq 1:5, ack 40, win 227, options [nop,nop,TS val 412054619 ecr 409563700], length 4
23:33:25.128551 IP 10.10.100.135.47364 > 10.10.100.133.1883: Flags [.], ack 5, win 457, options [nop,nop,TS val 409563707 ecr 412054619], length 0
23:33:25.128566 IP 10.10.100.135.47364 > 10.10.100.133.1883: Flags [P.], seq 40:457, ack 5, win 457, options [nop,nop,TS val 409563707 ecr 412054619], length 417
23:33:25.128568 IP 10.10.100.135.47364 > 10.10.100.133.1883: Flags [FP.], seq 457:459, ack 5, win 457, options [nop,nop,TS val 409563707 ecr 412054619], length 2
23:33:25.131888 IP 10.10.100.133.1883 > 10.10.100.135.47364: Flags [.], ack 460, win 235, options [nop,nop,TS val 412054623 ecr 409563707], length 0
23:33:25.138542 IP 10.10.100.133.1883 > 10.10.100.135.47364: Flags [F.], seq 5, ack 460, win 235, options [nop,nop,TS val 412054625 ecr 409563707], length 0
23:33:25.151438 IP 10.10.100.135.47364 > 10.10.100.133.1883: Flags [.], ack 6, win 457, options [nop,nop,TS val 409563713 ecr 412054625], length 0
23:33:26.154363 IP 10.10.100.135.47366 > 10.10.100.133.1883: Flags [S], seq 4110197803, win 29200, options [mss 1460,sackOK,TS val 409563964 ecr 0,nop,wscale 6], length 0
23:33:26.155966 IP 10.10.100.133.1883 > 10.10.100.135.47366: Flags [S.], seq 3070021187, ack 4110197804, win 28960, options [mss 1460,sackOK,TS val 412054879 ecr 409563964,nop,wscale 7], length 0
23:33:26.169362 IP 10.10.100.135.47366 > 10.10.100.133.1883: Flags [.], ack 1, win 457, options [nop,nop,TS val 409563968 ecr 412054879], length 0
23:33:26.169377 IP 10.10.100.135.47366 > 10.10.100.133.1883: Flags [P.], seq 1:40, ack 1, win 457, options [nop,nop,TS val 409563968 ecr 412054879], length 39
23:33:26.171116 IP 10.10.100.133.1883 > 10.10.100.135.47366: Flags [.], ack 40, win 227, options [nop,nop,TS val 412054883 ecr 409563968], length 0
23:33:26.225781 IP 10.10.100.133.1883 > 10.10.100.135.47366: Flags [P.], seq 1:5, ack 40, win 227, options [nop,nop,TS val 412054897 ecr 409563968], length 4
23:33:26.239302 IP 10.10.100.135.47366 > 10.10.100.133.1883: Flags [.], ack 5, win 457, options [nop,nop,TS val 409563985 ecr 412054897], length 0
23:33:26.239315 IP 10.10.100.135.47366 > 10.10.100.133.1883: Flags [P.], seq 40:455, ack 5, win 457, options [nop,nop,TS val 409563985 ecr 412054897], length 415
23:33:26.239318 IP 10.10.100.135.47366 > 10.10.100.133.1883: Flags [FP.], seq 455:457, ack 5, win 457, options [nop,nop,TS val 409563985 ecr 412054897], length 2
23:33:26.240790 IP 10.10.100.133.1883 > 10.10.100.135.47366: Flags [.], ack 455, win 235, options [nop,nop,TS val 412054900 ecr 409563985], length 0
23:33:26.252678 IP 10.10.100.133.1883 > 10.10.100.135.47366: Flags [F.], seq 5, ack 458, win 235, options [nop,nop,TS val 412054903 ecr 409563985], length 0
23:33:26.266220 IP 10.10.100.135.47366 > 10.10.100.133.1883: Flags [.], ack 6, win 457, options [nop,nop,TS val 409563992 ecr 412054903], length 0
23:33:27.251593 IP 10.10.100.135.47368 > 10.10.100.133.1883: Flags [S], seq 922161593, win 29200, options [mss 1460,sackOK,TS val 409564238 ecr 0,nop,wscale 6], length 0
23:33:27.252325 IP 10.10.100.133.1883 > 10.10.100.135.47368: Flags [S.], seq 1372755664, ack 922161594, win 28960, options [mss 1460,sackOK,TS val 412055153 ecr 409564238,nop,wscale 7], length 0
23:33:27.265030 IP 10.10.100.135.47368 > 10.10.100.133.1883: Flags [.], ack 1, win 457, options [nop,nop,TS val 409564242 ecr 412055153], length 0
23:33:27.265042 IP 10.10.100.135.47368 > 10.10.100.133.1883: Flags [P.], seq 1:40, ack 1, win 457, options [nop,nop,TS val 409564242 ecr 412055153], length 39
23:33:27.266226 IP 10.10.100.133.1883 > 10.10.100.135.47368: Flags [.], ack 40, win 227, options [nop,nop,TS val 412055157 ecr 409564242], length 0
23:33:27.279774 IP 10.10.100.133.1883 > 10.10.100.135.47368: Flags [P.], seq 1:5, ack 40, win 227, options [nop,nop,TS val 412055160 ecr 409564242], length 4
23:33:27.292916 IP 10.10.100.135.47368 > 10.10.100.133.1883: Flags [.], ack 5, win 457, options [nop,nop,TS val 409564249 ecr 412055160], length 0
23:33:27.292926 IP 10.10.100.135.47368 > 10.10.100.133.1883: Flags [P.], seq 40:456, ack 5, win 457, options [nop,nop,TS val 409564249 ecr 412055160], length 416
23:33:27.292928 IP 10.10.100.135.47368 > 10.10.100.133.1883: Flags [FP.], seq 456:458, ack 5, win 457, options [nop,nop,TS val 409564249 ecr 412055160], length 2
23:33:27.295342 IP 10.10.100.133.1883 > 10.10.100.135.47368: Flags [.], ack 459, win 235, options [nop,nop,TS val 412055164 ecr 409564249], length 0
23:33:27.303521 IP 10.10.100.133.1883 > 10.10.100.135.47368: Flags [F.], seq 5, ack 459, win 235, options [nop,nop,TS val 412055166 ecr 409564249], length 0
23:33:27.316923 IP 10.10.100.135.47368 > 10.10.100.133.1883: Flags [.], ack 6, win 457, options [nop,nop,TS val 409564255 ecr 412055166], length 0
23:33:28.304944 IP 10.10.100.135.47370 > 10.10.100.133.1883: Flags [S], seq 217754838, win 29200, options [mss 1460,sackOK,TS val 409564502 ecr 0,nop,wscale 6], length 0
23:33:28.305523 IP 10.10.100.133.1883 > 10.10.100.135.47370: Flags [S.], seq 2843218715, ack 217754839, win 28960, options [mss 1460,sackOK,TS val 412055417 ecr 409564502,nop,wscale 7], length 0
23:33:28.318890 IP 10.10.100.135.47370 > 10.10.100.133.1883: Flags [.], ack 1, win 457, options [nop,nop,TS val 409564505 ecr 412055417], length 0
23:33:28.318895 IP 10.10.100.135.47370 > 10.10.100.133.1883: Flags [P.], seq 1:40, ack 1, win 457, options [nop,nop,TS val 409564505 ecr 412055417], length 39
23:33:28.319547 IP 10.10.100.133.1883 > 10.10.100.135.47370: Flags [.], ack 40, win 227, options [nop,nop,TS val 412055420 ecr 409564505], length 0
23:33:28.326163 IP 10.10.100.133.1883 > 10.10.100.135.47370: Flags [P.], seq 1:5, ack 40, win 227, options [nop,nop,TS val 412055422 ecr 409564505], length 4
23:33:28.338917 IP 10.10.100.135.47370 > 10.10.100.133.1883: Flags [.], ack 5, win 457, options [nop,nop,TS val 409564510 ecr 412055422], length 0
23:33:28.338922 IP 10.10.100.135.47370 > 10.10.100.133.1883: Flags [P.], seq 40:456, ack 5, win 457, options [nop,nop,TS val 409564510 ecr 412055422], length 416
23:33:28.338922 IP 10.10.100.135.47370 > 10.10.100.133.1883: Flags [FP.], seq 456:458, ack 5, win 457, options [nop,nop,TS val 409564510 ecr 412055422], length 2
23:33:28.339742 IP 10.10.100.133.1883 > 10.10.100.135.47370: Flags [.], ack 459, win 235, options [nop,nop,TS val 412055425 ecr 409564510], length 0
23:33:28.358817 IP 10.10.100.133.1883 > 10.10.100.135.47370: Flags [F.], seq 5, ack 459, win 235, options [nop,nop,TS val 412055430 ecr 409564510], length 0
23:33:28.371657 IP 10.10.100.135.47370 > 10.10.100.133.1883: Flags [.], ack 6, win 457, options [nop,nop,TS val 409564518 ecr 412055430], length 0
23:33:29.351640 IP 10.10.100.135.47372 > 10.10.100.133.1883: Flags [S], seq 2477901203, win 29200, options [mss 1460,sackOK,TS val 409564763 ecr 0,nop,wscale 6], length 0
23:33:29.352108 IP 10.10.100.133.1883 > 10.10.100.135.47372: Flags [S.], seq 1347335695, ack 2477901204, win 28960, options [mss 1460,sackOK,TS val 412055678 ecr 409564763,nop,wscale 7], length 0
23:33:29.365601 IP 10.10.100.135.47372 > 10.10.100.133.1883: Flags [.], ack 1, win 457, options [nop,nop,TS val 409564767 ecr 412055678], length 0
23:33:29.365607 IP 10.10.100.135.47372 > 10.10.100.133.1883: Flags [P.], seq 1:40, ack 1, win 457, options [nop,nop,TS val 409564767 ecr 412055678], length 39
23:33:29.366092 IP 10.10.100.133.1883 > 10.10.100.135.47372: Flags [.], ack 40, win 227, options [nop,nop,TS val 412055682 ecr 409564767], length 0
23:33:29.371985 IP 10.10.100.133.1883 > 10.10.100.135.47372: Flags [P.], seq 1:5, ack 40, win 227, options [nop,nop,TS val 412055683 ecr 409564767], length 4
23:33:29.385538 IP 10.10.100.135.47372 > 10.10.100.133.1883: Flags [.], ack 5, win 457, options [nop,nop,TS val 409564772 ecr 412055683], length 0
23:33:29.385545 IP 10.10.100.135.47372 > 10.10.100.133.1883: Flags [P.], seq 40:456, ack 5, win 457, options [nop,nop,TS val 409564772 ecr 412055683], length 416
23:33:29.385546 IP 10.10.100.135.47372 > 10.10.100.133.1883: Flags [FP.], seq 456:458, ack 5, win 457, options [nop,nop,TS val 409564772 ecr 412055683], length 2
23:33:29.386131 IP 10.10.100.133.1883 > 10.10.100.135.47372: Flags [.], ack 459, win 235, options [nop,nop,TS val 412055687 ecr 409564772], length 0
23:33:29.388247 IP 10.10.100.133.1883 > 10.10.100.135.47372: Flags [F.], seq 5, ack 459, win 235, options [nop,nop,TS val 412055687 ecr 409564772], length 0
23:33:29.401647 IP 10.10.100.135.47372 > 10.10.100.133.1883: Flags [.], ack 6, win 457, options [nop,nop,TS val 409564776 ecr 412055687], length 0
23:33:30.395449 IP 10.10.100.135.47374 > 10.10.100.133.1883: Flags [S], seq 2942225696, win 29200, options [mss 1460,sackOK,TS val 409565024 ecr 0,nop,wscale 6], length 0
23:33:30.396018 IP 10.10.100.133.1883 > 10.10.100.135.47374: Flags [S.], seq 2445617971, ack 2942225697, win 28960, options [mss 1460,sackOK,TS val 412055939 ecr 409565024,nop,wscale 7], length 0
23:33:30.409675 IP 10.10.100.135.47374 > 10.10.100.133.1883: Flags [.], ack 1, win 457, options [nop,nop,TS val 409565028 ecr 412055939], length 0
23:33:30.409698 IP 10.10.100.135.47374 > 10.10.100.133.1883: Flags [P.], seq 1:40, ack 1, win 457, options [nop,nop,TS val 409565028 ecr 412055939], length 39
23:33:30.410408 IP 10.10.100.133.1883 > 10.10.100.135.47374: Flags [.], ack 40, win 227, options [nop,nop,TS val 412055943 ecr 409565028], length 0
23:33:30.417945 IP 10.10.100.133.1883 > 10.10.100.135.47374: Flags [P.], seq 1:5, ack 40, win 227, options [nop,nop,TS val 412055945 ecr 409565028], length 4
23:33:30.431258 IP 10.10.100.135.47374 > 10.10.100.133.1883: Flags [.], ack 5, win 457, options [nop,nop,TS val 409565033 ecr 412055945], length 0
23:33:30.431265 IP 10.10.100.135.47374 > 10.10.100.133.1883: Flags [P.], seq 40:456, ack 5, win 457, options [nop,nop,TS val 409565033 ecr 412055945], length 416
23:33:30.431266 IP 10.10.100.135.47374 > 10.10.100.133.1883: Flags [FP.], seq 456:458, ack 5, win 457, options [nop,nop,TS val 409565033 ecr 412055945], length 2
23:33:30.433024 IP 10.10.100.133.1883 > 10.10.100.135.47374: Flags [.], ack 459, win 235, options [nop,nop,TS val 412055949 ecr 409565033], length 0
23:33:30.436407 IP 10.10.100.133.1883 > 10.10.100.135.47374: Flags [F.], seq 5, ack 459, win 235, options [nop,nop,TS val 412055949 ecr 409565033], length 0
23:33:30.449214 IP 10.10.100.135.47374 > 10.10.100.133.1883: Flags [.], ack 6, win 457, options [nop,nop,TS val 409565038 ecr 412055949], length 0
23:33:31.447633 IP 10.10.100.135.47376 > 10.10.100.133.1883: Flags [S], seq 1964588995, win 29200, options [mss 1460,sackOK,TS val 409565287 ecr 0,nop,wscale 6], length 0
23:33:31.448722 IP 10.10.100.133.1883 > 10.10.100.135.47376: Flags [S.], seq 2360188162, ack 1964588996, win 28960, options [mss 1460,sackOK,TS val 412056202 ecr 409565287,nop,wscale 7], length 0
23:33:31.461611 IP 10.10.100.135.47376 > 10.10.100.133.1883: Flags [.], ack 1, win 457, options [nop,nop,TS val 409565291 ecr 412056202], length 0
23:33:31.461926 IP 10.10.100.135.47376 > 10.10.100.133.1883: Flags [P.], seq 1:40, ack 1, win 457, options [nop,nop,TS val 409565291 ecr 412056202], length 39
23:33:31.462969 IP 10.10.100.133.1883 > 10.10.100.135.47376: Flags [.], ack 40, win 227, options [nop,nop,TS val 412056206 ecr 409565291], length 0
23:33:31.475600 IP 10.10.100.133.1883 > 10.10.100.135.47376: Flags [P.], seq 1:5, ack 40, win 227, options [nop,nop,TS val 412056209 ecr 409565291], length 4
23:33:31.488558 IP 10.10.100.135.47376 > 10.10.100.133.1883: Flags [.], ack 5, win 457, options [nop,nop,TS val 409565298 ecr 412056209], length 0
23:33:31.488569 IP 10.10.100.135.47376 > 10.10.100.133.1883: Flags [P.], seq 40:455, ack 5, win 457, options [nop,nop,TS val 409565298 ecr 412056209], length 415
23:33:31.488570 IP 10.10.100.135.47376 > 10.10.100.133.1883: Flags [FP.], seq 455:457, ack 5, win 457, options [nop,nop,TS val 409565298 ecr 412056209], length 2
23:33:31.490113 IP 10.10.100.133.1883 > 10.10.100.135.47376: Flags [.], ack 458, win 235, options [nop,nop,TS val 412056213 ecr 409565298], length 0
23:33:31.506402 IP 10.10.100.133.1883 > 10.10.100.135.47376: Flags [F.], seq 5, ack 458, win 235, options [nop,nop,TS val 412056217 ecr 409565298], length 0
23:33:31.520363 IP 10.10.100.135.47376 > 10.10.100.133.1883: Flags [.], ack 6, win 457, options [nop,nop,TS val 409565305 ecr 412056217], length 0
23:33:32.513221 IP 10.10.100.135.47378 > 10.10.100.133.1883: Flags [S], seq 2453880644, win 29200, options [mss 1460,sackOK,TS val 409565554 ecr 0,nop,wscale 6], length 0
23:33:32.514523 IP 10.10.100.133.1883 > 10.10.100.135.47378: Flags [S.], seq 4180160451, ack 2453880645, win 28960, options [mss 1460,sackOK,TS val 412056469 ecr 409565554,nop,wscale 7], length 0
23:33:32.527946 IP 10.10.100.135.47378 > 10.10.100.133.1883: Flags [.], ack 1, win 457, options [nop,nop,TS val 409565557 ecr 412056469], length 0
23:33:32.527959 IP 10.10.100.135.47378 > 10.10.100.133.1883: Flags [P.], seq 1:40, ack 1, win 457, options [nop,nop,TS val 409565557 ecr 412056469], length 39
23:33:32.529657 IP 10.10.100.133.1883 > 10.10.100.135.47378: Flags [.], ack 40, win 227, options [nop,nop,TS val 412056472 ecr 409565557], length 0
23:33:32.567669 IP 10.10.100.133.1883 > 10.10.100.135.47378: Flags [P.], seq 1:5, ack 40, win 227, options [nop,nop,TS val 412056482 ecr 409565557], length 4
23:33:32.580706 IP 10.10.100.135.47378 > 10.10.100.133.1883: Flags [.], ack 5, win 457, options [nop,nop,TS val 409565571 ecr 412056482], length 0
23:33:32.580714 IP 10.10.100.135.47378 > 10.10.100.133.1883: Flags [P.], seq 40:456, ack 5, win 457, options [nop,nop,TS val 409565571 ecr 412056482], length 416
23:33:32.580715 IP 10.10.100.135.47378 > 10.10.100.133.1883: Flags [FP.], seq 456:458, ack 5, win 457, options [nop,nop,TS val 409565571 ecr 412056482], length 2
23:33:32.581357 IP 10.10.100.133.1883 > 10.10.100.135.47378: Flags [.], ack 456, win 235, options [nop,nop,TS val 412056486 ecr 409565571], length 0
23:33:32.587398 IP 10.10.100.133.1883 > 10.10.100.135.47378: Flags [F.], seq 5, ack 459, win 235, options [nop,nop,TS val 412056487 ecr 409565571], length 0
23:33:32.600798 IP 10.10.100.135.47378 > 10.10.100.133.1883: Flags [.], ack 6, win 457, options [nop,nop,TS val 409565576 ecr 412056487], length 0
23:33:33.600064 IP 10.10.100.135.47380 > 10.10.100.133.1883: Flags [S], seq 2002361528, win 29200, options [mss 1460,sackOK,TS val 409565825 ecr 0,nop,wscale 6], length 0
23:33:33.601235 IP 10.10.100.133.1883 > 10.10.100.135.47380: Flags [S.], seq 2239526432, ack 2002361529, win 28960, options [mss 1460,sackOK,TS val 412056740 ecr 409565825,nop,wscale 7], length 0
23:33:33.614038 IP 10.10.100.135.47380 > 10.10.100.133.1883: Flags [.], ack 1, win 457, options [nop,nop,TS val 409565829 ecr 412056740], length 0
23:33:33.614328 IP 10.10.100.135.47380 > 10.10.100.133.1883: Flags [P.], seq 1:40, ack 1, win 457, options [nop,nop,TS val 409565829 ecr 412056740], length 39
23:33:33.615316 IP 10.10.100.133.1883 > 10.10.100.135.47380: Flags [.], ack 40, win 227, options [nop,nop,TS val 412056744 ecr 409565829], length 0
23:33:33.621371 IP 10.10.100.133.1883 > 10.10.100.135.47380: Flags [P.], seq 1:5, ack 40, win 227, options [nop,nop,TS val 412056746 ecr 409565829], length 4
23:33:33.635013 IP 10.10.100.135.47380 > 10.10.100.133.1883: Flags [.], ack 5, win 457, options [nop,nop,TS val 409565834 ecr 412056746], length 0
23:33:33.635023 IP 10.10.100.135.47380 > 10.10.100.133.1883: Flags [P.], seq 40:456, ack 5, win 457, options [nop,nop,TS val 409565834 ecr 412056746], length 416
23:33:33.635025 IP 10.10.100.135.47380 > 10.10.100.133.1883: Flags [FP.], seq 456:458, ack 5, win 457, options [nop,nop,TS val 409565834 ecr 412056746], length 2
23:33:33.637319 IP 10.10.100.133.1883 > 10.10.100.135.47380: Flags [.], ack 459, win 235, options [nop,nop,TS val 412056749 ecr 409565834], length 0
23:33:33.646894 IP 10.10.100.133.1883 > 10.10.100.135.47380: Flags [F.], seq 5, ack 459, win 235, options [nop,nop,TS val 412056752 ecr 409565834], length 0
23:33:33.659970 IP 10.10.100.135.47380 > 10.10.100.133.1883: Flags [.], ack 6, win 457, options [nop,nop,TS val 409565840 ecr 412056752], length 0
23:33:34.659375 IP 10.10.100.135.47382 > 10.10.100.133.1883: Flags [S], seq 608914280, win 29200, options [mss 1460,sackOK,TS val 409566090 ecr 0,nop,wscale 6], length 0
23:33:34.660498 IP 10.10.100.133.1883 > 10.10.100.135.47382: Flags [S.], seq 2870971385, ack 608914281, win 28960, options [mss 1460,sackOK,TS val 412057005 ecr 409566090,nop,wscale 7], length 0
23:33:34.673336 IP 10.10.100.135.47382 > 10.10.100.133.1883: Flags [.], ack 1, win 457, options [nop,nop,TS val 409566094 ecr 412057005], length 0
23:33:34.673348 IP 10.10.100.135.47382 > 10.10.100.133.1883: Flags [P.], seq 1:40, ack 1, win 457, options [nop,nop,TS val 409566094 ecr 412057005], length 39
23:33:34.674904 IP 10.10.100.133.1883 > 10.10.100.135.47382: Flags [.], ack 40, win 227, options [nop,nop,TS val 412057009 ecr 409566094], length 0
23:33:34.683758 IP 10.10.100.133.1883 > 10.10.100.135.47382: Flags [P.], seq 1:5, ack 40, win 227, options [nop,nop,TS val 412057011 ecr 409566094], length 4
23:33:34.696547 IP 10.10.100.135.47382 > 10.10.100.133.1883: Flags [.], ack 5, win 457, options [nop,nop,TS val 409566100 ecr 412057011], length 0
23:33:34.696794 IP 10.10.100.135.47382 > 10.10.100.133.1883: Flags [P.], seq 40:456, ack 5, win 457, options [nop,nop,TS val 409566100 ecr 412057011], length 416
23:33:34.696799 IP 10.10.100.135.47382 > 10.10.100.133.1883: Flags [FP.], seq 456:458, ack 5, win 457, options [nop,nop,TS val 409566100 ecr 412057011], length 2
23:33:34.698335 IP 10.10.100.133.1883 > 10.10.100.135.47382: Flags [.], ack 459, win 235, options [nop,nop,TS val 412057015 ecr 409566100], length 0
23:33:34.760107 IP 10.10.100.133.1883 > 10.10.100.135.47382: Flags [F.], seq 5, ack 459, win 235, options [nop,nop,TS val 412057030 ecr 409566100], length 0
23:33:34.773075 IP 10.10.100.135.47382 > 10.10.100.133.1883: Flags [.], ack 6, win 457, options [nop,nop,TS val 409566119 ecr 412057030], length 0
23:33:35.718418 IP 10.10.100.135.47384 > 10.10.100.133.1883: Flags [S], seq 2546043302, win 29200, options [mss 1460,sackOK,TS val 409566355 ecr 0,nop,wscale 6], length 0
23:33:35.719826 IP 10.10.100.133.1883 > 10.10.100.135.47384: Flags [S.], seq 3573332085, ack 2546043303, win 28960, options [mss 1460,sackOK,TS val 412057270 ecr 409566355,nop,wscale 7], length 0
23:33:35.733215 IP 10.10.100.135.47384 > 10.10.100.133.1883: Flags [.], ack 1, win 457, options [nop,nop,TS val 409566359 ecr 412057270], length 0
23:33:35.733228 IP 10.10.100.135.47384 > 10.10.100.133.1883: Flags [P.], seq 1:40, ack 1, win 457, options [nop,nop,TS val 409566359 ecr 412057270], length 39
23:33:35.735102 IP 10.10.100.133.1883 > 10.10.100.135.47384: Flags [.], ack 40, win 227, options [nop,nop,TS val 412057274 ecr 409566359], length 0
23:33:35.742471 IP 10.10.100.133.1883 > 10.10.100.135.47384: Flags [P.], seq 1:5, ack 40, win 227, options [nop,nop,TS val 412057276 ecr 409566359], length 4
23:33:35.755396 IP 10.10.100.135.47384 > 10.10.100.133.1883: Flags [.], ack 5, win 457, options [nop,nop,TS val 409566364 ecr 412057276], length 0
23:33:35.755407 IP 10.10.100.135.47384 > 10.10.100.133.1883: Flags [P.], seq 40:456, ack 5, win 457, options [nop,nop,TS val 409566364 ecr 412057276], length 416
23:33:35.755409 IP 10.10.100.135.47384 > 10.10.100.133.1883: Flags [FP.], seq 456:458, ack 5, win 457, options [nop,nop,TS val 409566364 ecr 412057276], length 2
23:33:35.757106 IP 10.10.100.133.1883 > 10.10.100.135.47384: Flags [.], ack 459, win 235, options [nop,nop,TS val 412057279 ecr 409566364], length 0
23:33:35.763771 IP 10.10.100.133.1883 > 10.10.100.135.47384: Flags [F.], seq 5, ack 459, win 235, options [nop,nop,TS val 412057281 ecr 409566364], length 0
23:33:35.777002 IP 10.10.100.135.47384 > 10.10.100.133.1883: Flags [.], ack 6, win 457, options [nop,nop,TS val 409566370 ecr 412057281], length 0
23:33:36.780179 IP 10.10.100.135.47386 > 10.10.100.133.1883: Flags [S], seq 986047929, win 29200, options [mss 1460,sackOK,TS val 409566620 ecr 0,nop,wscale 6], length 0
23:33:36.781404 IP 10.10.100.133.1883 > 10.10.100.135.47386: Flags [S.], seq 1893292281, ack 986047930, win 28960, options [mss 1460,sackOK,TS val 412057536 ecr 409566620,nop,wscale 7], length 0
23:33:36.794529 IP 10.10.100.135.47386 > 10.10.100.133.1883: Flags [.], ack 1, win 457, options [nop,nop,TS val 409566624 ecr 412057536], length 0
23:33:36.794539 IP 10.10.100.135.47386 > 10.10.100.133.1883: Flags [P.], seq 1:40, ack 1, win 457, options [nop,nop,TS val 409566624 ecr 412057536], length 39
23:33:36.795809 IP 10.10.100.133.1883 > 10.10.100.135.47386: Flags [.], ack 40, win 227, options [nop,nop,TS val 412057539 ecr 409566624], length 0
23:33:36.803941 IP 10.10.100.133.1883 > 10.10.100.135.47386: Flags [P.], seq 1:5, ack 40, win 227, options [nop,nop,TS val 412057541 ecr 409566624], length 4
23:33:36.817300 IP 10.10.100.135.47386 > 10.10.100.133.1883: Flags [.], ack 5, win 457, options [nop,nop,TS val 409566630 ecr 412057541], length 0
23:33:36.817306 IP 10.10.100.135.47386 > 10.10.100.133.1883: Flags [P.], seq 40:456, ack 5, win 457, options [nop,nop,TS val 409566630 ecr 412057541], length 416
23:33:36.817307 IP 10.10.100.135.47386 > 10.10.100.133.1883: Flags [FP.], seq 456:458, ack 5, win 457, options [nop,nop,TS val 409566630 ecr 412057541], length 2
23:33:36.818000 IP 10.10.100.133.1883 > 10.10.100.135.47386: Flags [.], ack 459, win 235, options [nop,nop,TS val 412057545 ecr 409566630], length 0
23:33:36.820557 IP 10.10.100.133.1883 > 10.10.100.135.47386: Flags [F.], seq 5, ack 459, win 235, options [nop,nop,TS val 412057545 ecr 409566630], length 0
23:33:36.833210 IP 10.10.100.135.47386 > 10.10.100.133.1883: Flags [.], ack 6, win 457, options [nop,nop,TS val 409566634 ecr 412057545], length 0
23:33:37.836557 IP 10.10.100.135.47388 > 10.10.100.133.1883: Flags [S], seq 1026816451, win 29200, options [mss 1460,sackOK,TS val 409566885 ecr 0,nop,wscale 6], length 0
23:33:37.839926 IP 10.10.100.133.1883 > 10.10.100.135.47388: Flags [S.], seq 251935015, ack 1026816452, win 28960, options [mss 1460,sackOK,TS val 412057800 ecr 409566885,nop,wscale 7], length 0
23:33:37.853345 IP 10.10.100.135.47388 > 10.10.100.133.1883: Flags [.], ack 1, win 457, options [nop,nop,TS val 409566889 ecr 412057800], length 0
23:33:37.853356 IP 10.10.100.135.47388 > 10.10.100.133.1883: Flags [P.], seq 1:40, ack 1, win 457, options [nop,nop,TS val 409566889 ecr 412057800], length 39
23:33:37.854996 IP 10.10.100.133.1883 > 10.10.100.135.47388: Flags [.], ack 40, win 227, options [nop,nop,TS val 412057804 ecr 409566889], length 0
23:33:37.866241 IP 10.10.100.133.1883 > 10.10.100.135.47388: Flags [P.], seq 1:5, ack 40, win 227, options [nop,nop,TS val 412057807 ecr 409566889], length 4
23:33:37.879293 IP 10.10.100.135.47388 > 10.10.100.133.1883: Flags [.], ack 5, win 457, options [nop,nop,TS val 409566895 ecr 412057807], length 0
23:33:37.879310 IP 10.10.100.135.47388 > 10.10.100.133.1883: Flags [P.], seq 40:456, ack 5, win 457, options [nop,nop,TS val 409566895 ecr 412057807], length 416
23:33:37.879312 IP 10.10.100.135.47388 > 10.10.100.133.1883: Flags [FP.], seq 456:458, ack 5, win 457, options [nop,nop,TS val 409566895 ecr 412057807], length 2
23:33:37.882501 IP 10.10.100.133.1883 > 10.10.100.135.47388: Flags [.], ack 459, win 235, options [nop,nop,TS val 412057811 ecr 409566895], length 0
23:33:37.900249 IP 10.10.100.133.1883 > 10.10.100.135.47388: Flags [F.], seq 5, ack 459, win 235, options [nop,nop,TS val 412057815 ecr 409566895], length 0
23:33:37.913273 IP 10.10.100.135.47388 > 10.10.100.133.1883: Flags [.], ack 6, win 457, options [nop,nop,TS val 409566904 ecr 412057815], length 0
23:33:38.895573 IP 10.10.100.135.47390 > 10.10.100.133.1883: Flags [S], seq 3075367175, win 29200, options [mss 1460,sackOK,TS val 409567149 ecr 0,nop,wscale 6], length 0
23:33:38.896468 IP 10.10.100.133.1883 > 10.10.100.135.47390: Flags [S.], seq 89084742, ack 3075367176, win 28960, options [mss 1460,sackOK,TS val 412058064 ecr 409567149,nop,wscale 7], length 0
23:33:38.909281 IP 10.10.100.135.47390 > 10.10.100.133.1883: Flags [.], ack 1, win 457, options [nop,nop,TS val 409567153 ecr 412058064], length 0
23:33:38.909289 IP 10.10.100.135.47390 > 10.10.100.133.1883: Flags [P.], seq 1:40, ack 1, win 457, options [nop,nop,TS val 409567153 ecr 412058064], length 39
23:33:38.910109 IP 10.10.100.133.1883 > 10.10.100.135.47390: Flags [.], ack 40, win 227, options [nop,nop,TS val 412058068 ecr 409567153], length 0
23:33:38.918169 IP 10.10.100.133.1883 > 10.10.100.135.47390: Flags [P.], seq 1:5, ack 40, win 227, options [nop,nop,TS val 412058070 ecr 409567153], length 4
23:33:38.931253 IP 10.10.100.135.47390 > 10.10.100.133.1883: Flags [.], ack 5, win 457, options [nop,nop,TS val 409567158 ecr 412058070], length 0
23:33:38.931261 IP 10.10.100.135.47390 > 10.10.100.133.1883: Flags [P.], seq 40:454, ack 5, win 457, options [nop,nop,TS val 409567158 ecr 412058070], length 414
23:33:38.931262 IP 10.10.100.135.47390 > 10.10.100.133.1883: Flags [FP.], seq 454:456, ack 5, win 457, options [nop,nop,TS val 409567158 ecr 412058070], length 2
23:33:38.932279 IP 10.10.100.133.1883 > 10.10.100.135.47390: Flags [.], ack 457, win 235, options [nop,nop,TS val 412058073 ecr 409567158], length 0
23:33:38.936242 IP 10.10.100.133.1883 > 10.10.100.135.47390: Flags [F.], seq 5, ack 457, win 235, options [nop,nop,TS val 412058074 ecr 409567158], length 0
23:33:38.949168 IP 10.10.100.135.47390 > 10.10.100.133.1883: Flags [.], ack 6, win 457, options [nop,nop,TS val 409567163 ecr 412058074], length 0
23:33:39.946401 IP 10.10.100.135.47392 > 10.10.100.133.1883: Flags [S], seq 1297067421, win 29200, options [mss 1460,sackOK,TS val 409567412 ecr 0,nop,wscale 6], length 0
23:33:39.947226 IP 10.10.100.133.1883 > 10.10.100.135.47392: Flags [S.], seq 554009990, ack 1297067422, win 28960, options [mss 1460,sackOK,TS val 412058327 ecr 409567412,nop,wscale 7], length 0
23:33:39.960548 IP 10.10.100.135.47392 > 10.10.100.133.1883: Flags [.], ack 1, win 457, options [nop,nop,TS val 409567416 ecr 412058327], length 0
23:33:39.960560 IP 10.10.100.135.47392 > 10.10.100.133.1883: Flags [P.], seq 1:40, ack 1, win 457, options [nop,nop,TS val 409567416 ecr 412058327], length 39
23:33:39.961616 IP 10.10.100.133.1883 > 10.10.100.135.47392: Flags [.], ack 40, win 227, options [nop,nop,TS val 412058331 ecr 409567416], length 0
23:33:39.970721 IP 10.10.100.133.1883 > 10.10.100.135.47392: Flags [P.], seq 1:5, ack 40, win 227, options [nop,nop,TS val 412058333 ecr 409567416], length 4
23:33:39.983339 IP 10.10.100.135.47392 > 10.10.100.133.1883: Flags [.], ack 5, win 457, options [nop,nop,TS val 409567421 ecr 412058333], length 0
23:33:39.983547 IP 10.10.100.135.47392 > 10.10.100.133.1883: Flags [P.], seq 40:456, ack 5, win 457, options [nop,nop,TS val 409567421 ecr 412058333], length 416
23:33:39.983662 IP 10.10.100.135.47392 > 10.10.100.133.1883: Flags [FP.], seq 456:458, ack 5, win 457, options [nop,nop,TS val 409567421 ecr 412058333], length 2
23:33:39.984725 IP 10.10.100.133.1883 > 10.10.100.135.47392: Flags [.], ack 459, win 235, options [nop,nop,TS val 412058336 ecr 409567421], length 0
23:33:39.989148 IP 10.10.100.133.1883 > 10.10.100.135.47392: Flags [F.], seq 5, ack 459, win 235, options [nop,nop,TS val 412058337 ecr 409567421], length 0
23:33:40.001763 IP 10.10.100.135.47392 > 10.10.100.133.1883: Flags [.], ack 6, win 457, options [nop,nop,TS val 409567426 ecr 412058337], length 0
23:33:40.995068 IP 10.10.100.135.47394 > 10.10.100.133.1883: Flags [S], seq 1392683858, win 29200, options [mss 1460,sackOK,TS val 409567674 ecr 0,nop,wscale 6], length 0
23:33:40.995606 IP 10.10.100.133.1883 > 10.10.100.135.47394: Flags [S.], seq 4275154975, ack 1392683859, win 28960, options [mss 1460,sackOK,TS val 412058589 ecr 409567674,nop,wscale 7], length 0
23:33:41.009013 IP 10.10.100.135.47394 > 10.10.100.133.1883: Flags [.], ack 1, win 457, options [nop,nop,TS val 409567678 ecr 412058589], length 0
23:33:41.009021 IP 10.10.100.135.47394 > 10.10.100.133.1883: Flags [P.], seq 1:40, ack 1, win 457, options [nop,nop,TS val 409567678 ecr 412058589], length 39
23:33:41.009563 IP 10.10.100.133.1883 > 10.10.100.135.47394: Flags [.], ack 40, win 227, options [nop,nop,TS val 412058593 ecr 409567678], length 0
23:33:41.022704 IP 10.10.100.133.1883 > 10.10.100.135.47394: Flags [P.], seq 1:5, ack 40, win 227, options [nop,nop,TS val 412058596 ecr 409567678], length 4
23:33:41.036109 IP 10.10.100.135.47394 > 10.10.100.133.1883: Flags [.], ack 5, win 457, options [nop,nop,TS val 409567684 ecr 412058596], length 0
23:33:41.036113 IP 10.10.100.135.47394 > 10.10.100.133.1883: Flags [P.], seq 40:456, ack 5, win 457, options [nop,nop,TS val 409567684 ecr 412058596], length 416
23:33:41.036114 IP 10.10.100.135.47394 > 10.10.100.133.1883: Flags [FP.], seq 456:458, ack 5, win 457, options [nop,nop,TS val 409567684 ecr 412058596], length 2
23:33:41.037015 IP 10.10.100.133.1883 > 10.10.100.135.47394: Flags [.], ack 459, win 235, options [nop,nop,TS val 412058599 ecr 409567684], length 0
23:33:41.039604 IP 10.10.100.133.1883 > 10.10.100.135.47394: Flags [F.], seq 5, ack 459, win 235, options [nop,nop,TS val 412058600 ecr 409567684], length 0
23:33:41.052843 IP 10.10.100.135.47394 > 10.10.100.133.1883: Flags [.], ack 6, win 457, options [nop,nop,TS val 409567689 ecr 412058600], length 0
23:33:42.044710 IP 10.10.100.135.47396 > 10.10.100.133.1883: Flags [S], seq 2132458137, win 29200, options [mss 1460,sackOK,TS val 409567937 ecr 0,nop,wscale 6], length 0
23:33:42.045122 IP 10.10.100.133.1883 > 10.10.100.135.47396: Flags [S.], seq 1395947519, ack 2132458138, win 28960, options [mss 1460,sackOK,TS val 412058852 ecr 409567937,nop,wscale 7], length 0
23:33:42.057883 IP 10.10.100.135.47396 > 10.10.100.133.1883: Flags [.], ack 1, win 457, options [nop,nop,TS val 409567940 ecr 412058852], length 0
23:33:42.057887 IP 10.10.100.135.47396 > 10.10.100.133.1883: Flags [P.], seq 1:40, ack 1, win 457, options [nop,nop,TS val 409567940 ecr 412058852], length 39
23:33:42.058451 IP 10.10.100.133.1883 > 10.10.100.135.47396: Flags [.], ack 40, win 227, options [nop,nop,TS val 412058855 ecr 409567940], length 0
23:33:42.060442 IP 10.10.100.133.1883 > 10.10.100.135.47396: Flags [P.], seq 1:5, ack 40, win 227, options [nop,nop,TS val 412058855 ecr 409567940], length 4
23:33:42.073684 IP 10.10.100.135.47396 > 10.10.100.133.1883: Flags [.], ack 5, win 457, options [nop,nop,TS val 409567944 ecr 412058855], length 0
23:33:42.073690 IP 10.10.100.135.47396 > 10.10.100.133.1883: Flags [P.], seq 40:455, ack 5, win 457, options [nop,nop,TS val 409567944 ecr 412058855], length 415
23:33:42.073690 IP 10.10.100.135.47396 > 10.10.100.133.1883: Flags [FP.], seq 455:457, ack 5, win 457, options [nop,nop,TS val 409567944 ecr 412058855], length 2
23:33:42.074245 IP 10.10.100.133.1883 > 10.10.100.135.47396: Flags [.], ack 458, win 235, options [nop,nop,TS val 412058859 ecr 409567944], length 0
23:33:42.076638 IP 10.10.100.133.1883 > 10.10.100.135.47396: Flags [F.], seq 5, ack 458, win 235, options [nop,nop,TS val 412058859 ecr 409567944], length 0
23:33:42.089606 IP 10.10.100.135.47396 > 10.10.100.133.1883: Flags [.], ack 6, win 457, options [nop,nop,TS val 409567948 ecr 412058859], length 0
23:33:43.083447 IP 10.10.100.135.47398 > 10.10.100.133.1883: Flags [S], seq 3605211676, win 29200, options [mss 1460,sackOK,TS val 409568196 ecr 0,nop,wscale 6], length 0
23:33:43.084237 IP 10.10.100.133.1883 > 10.10.100.135.47398: Flags [S.], seq 1518462305, ack 3605211677, win 28960, options [mss 1460,sackOK,TS val 412059111 ecr 409568196,nop,wscale 7], length 0
23:33:43.097490 IP 10.10.100.135.47398 > 10.10.100.133.1883: Flags [.], ack 1, win 457, options [nop,nop,TS val 409568200 ecr 412059111], length 0
23:33:43.097497 IP 10.10.100.135.47398 > 10.10.100.133.1883: Flags [P.], seq 1:40, ack 1, win 457, options [nop,nop,TS val 409568200 ecr 412059111], length 39
23:33:43.098286 IP 10.10.100.133.1883 > 10.10.100.135.47398: Flags [.], ack 40, win 227, options [nop,nop,TS val 412059115 ecr 409568200], length 0
23:33:43.103682 IP 10.10.100.133.1883 > 10.10.100.135.47398: Flags [P.], seq 1:5, ack 40, win 227, options [nop,nop,TS val 412059116 ecr 409568200], length 4
23:33:43.116348 IP 10.10.100.135.47398 > 10.10.100.133.1883: Flags [.], ack 5, win 457, options [nop,nop,TS val 409568205 ecr 412059116], length 0
23:33:43.116508 IP 10.10.100.135.47398 > 10.10.100.133.1883: Flags [P.], seq 40:455, ack 5, win 457, options [nop,nop,TS val 409568205 ecr 412059116], length 415
23:33:43.116511 IP 10.10.100.135.47398 > 10.10.100.133.1883: Flags [FP.], seq 455:457, ack 5, win 457, options [nop,nop,TS val 409568205 ecr 412059116], length 2
23:33:43.117320 IP 10.10.100.133.1883 > 10.10.100.135.47398: Flags [.], ack 458, win 235, options [nop,nop,TS val 412059120 ecr 409568205], length 0
23:33:43.180191 IP 10.10.100.133.1883 > 10.10.100.135.47398: Flags [F.], seq 5, ack 458, win 235, options [nop,nop,TS val 412059135 ecr 409568205], length 0
23:33:43.192993 IP 10.10.100.135.47398 > 10.10.100.133.1883: Flags [.], ack 6, win 457, options [nop,nop,TS val 409568224 ecr 412059135], length 0
23:33:44.136654 IP 10.10.100.135.47400 > 10.10.100.133.1883: Flags [S], seq 190928967, win 29200, options [mss 1460,sackOK,TS val 409568460 ecr 0,nop,wscale 6], length 0
23:33:44.139699 IP 10.10.100.133.1883 > 10.10.100.135.47400: Flags [S.], seq 582493092, ack 190928968, win 28960, options [mss 1460,sackOK,TS val 412059375 ecr 409568460,nop,wscale 7], length 0
23:33:44.152518 IP 10.10.100.135.47400 > 10.10.100.133.1883: Flags [.], ack 1, win 457, options [nop,nop,TS val 409568464 ecr 412059375], length 0
23:33:44.152532 IP 10.10.100.135.47400 > 10.10.100.133.1883: Flags [P.], seq 1:40, ack 1, win 457, options [nop,nop,TS val 409568464 ecr 412059375], length 39
23:33:44.153778 IP 10.10.100.133.1883 > 10.10.100.135.47400: Flags [.], ack 40, win 227, options [nop,nop,TS val 412059379 ecr 409568464], length 0
23:33:44.167995 IP 10.10.100.133.1883 > 10.10.100.135.47400: Flags [P.], seq 1:5, ack 40, win 227, options [nop,nop,TS val 412059382 ecr 409568464], length 4
23:33:44.181463 IP 10.10.100.135.47400 > 10.10.100.133.1883: Flags [.], ack 5, win 457, options [nop,nop,TS val 409568471 ecr 412059382], length 0
23:33:44.181477 IP 10.10.100.135.47400 > 10.10.100.133.1883: Flags [P.], seq 40:456, ack 5, win 457, options [nop,nop,TS val 409568471 ecr 412059382], length 416
23:33:44.181479 IP 10.10.100.135.47400 > 10.10.100.133.1883: Flags [FP.], seq 456:458, ack 5, win 457, options [nop,nop,TS val 409568471 ecr 412059382], length 2
23:33:44.183431 IP 10.10.100.133.1883 > 10.10.100.135.47400: Flags [.], ack 459, win 235, options [nop,nop,TS val 412059386 ecr 409568471], length 0
23:33:44.191416 IP 10.10.100.133.1883 > 10.10.100.135.47400: Flags [F.], seq 5, ack 459, win 235, options [nop,nop,TS val 412059388 ecr 409568471], length 0
23:33:44.204314 IP 10.10.100.135.47400 > 10.10.100.133.1883: Flags [.], ack 6, win 457, options [nop,nop,TS val 409568477 ecr 412059388], length 0
23:33:45.203099 IP 10.10.100.135.47402 > 10.10.100.133.1883: Flags [S], seq 1199402080, win 29200, options [mss 1460,sackOK,TS val 409568726 ecr 0,nop,wscale 6], length 0
23:33:45.204436 IP 10.10.100.133.1883 > 10.10.100.135.47402: Flags [S.], seq 3759010066, ack 1199402081, win 28960, options [mss 1460,sackOK,TS val 412059641 ecr 409568726,nop,wscale 7], length 0
23:33:45.218116 IP 10.10.100.135.47402 > 10.10.100.133.1883: Flags [.], ack 1, win 457, options [nop,nop,TS val 409568730 ecr 412059641], length 0
23:33:45.218127 IP 10.10.100.135.47402 > 10.10.100.133.1883: Flags [P.], seq 1:40, ack 1, win 457, options [nop,nop,TS val 409568730 ecr 412059641], length 39
23:33:45.219460 IP 10.10.100.133.1883 > 10.10.100.135.47402: Flags [.], ack 40, win 227, options [nop,nop,TS val 412059645 ecr 409568730], length 0
23:33:45.227305 IP 10.10.100.133.1883 > 10.10.100.135.47402: Flags [P.], seq 1:5, ack 40, win 227, options [nop,nop,TS val 412059647 ecr 409568730], length 4
23:33:45.240156 IP 10.10.100.135.47402 > 10.10.100.133.1883: Flags [.], ack 5, win 457, options [nop,nop,TS val 409568736 ecr 412059647], length 0
23:33:45.240167 IP 10.10.100.135.47402 > 10.10.100.133.1883: Flags [P.], seq 40:456, ack 5, win 457, options [nop,nop,TS val 409568736 ecr 412059647], length 416
23:33:45.240168 IP 10.10.100.135.47402 > 10.10.100.133.1883: Flags [FP.], seq 456:458, ack 5, win 457, options [nop,nop,TS val 409568736 ecr 412059647], length 2
23:33:45.242085 IP 10.10.100.133.1883 > 10.10.100.135.47402: Flags [.], ack 459, win 235, options [nop,nop,TS val 412059651 ecr 409568736], length 0
23:33:45.248733 IP 10.10.100.133.1883 > 10.10.100.135.47402: Flags [F.], seq 5, ack 459, win 235, options [nop,nop,TS val 412059652 ecr 409568736], length 0
23:33:45.261935 IP 10.10.100.135.47402 > 10.10.100.133.1883: Flags [.], ack 6, win 457, options [nop,nop,TS val 409568741 ecr 412059652], length 0
23:33:46.268470 IP 10.10.100.135.47404 > 10.10.100.133.1883: Flags [S], seq 3745694504, win 29200, options [mss 1460,sackOK,TS val 409568992 ecr 0,nop,wscale 6], length 0
23:33:46.269618 IP 10.10.100.133.1883 > 10.10.100.135.47404: Flags [S.], seq 643749993, ack 3745694505, win 28960, options [mss 1460,sackOK,TS val 412059908 ecr 409568992,nop,wscale 7], length 0
23:33:46.282557 IP 10.10.100.135.47404 > 10.10.100.133.1883: Flags [.], ack 1, win 457, options [nop,nop,TS val 409568996 ecr 412059908], length 0
23:33:46.282568 IP 10.10.100.135.47404 > 10.10.100.133.1883: Flags [P.], seq 1:40, ack 1, win 457, options [nop,nop,TS val 409568996 ecr 412059908], length 39
23:33:46.284023 IP 10.10.100.133.1883 > 10.10.100.135.47404: Flags [.], ack 40, win 227, options [nop,nop,TS val 412059911 ecr 409568996], length 0
23:33:46.295356 IP 10.10.100.133.1883 > 10.10.100.135.47404: Flags [P.], seq 1:5, ack 40, win 227, options [nop,nop,TS val 412059914 ecr 409568996], length 4
23:33:46.308056 IP 10.10.100.135.47404 > 10.10.100.133.1883: Flags [.], ack 5, win 457, options [nop,nop,TS val 409569003 ecr 412059914], length 0
23:33:46.308385 IP 10.10.100.135.47404 > 10.10.100.133.1883: Flags [P.], seq 40:456, ack 5, win 457, options [nop,nop,TS val 409569003 ecr 412059914], length 416
23:33:46.308389 IP 10.10.100.135.47404 > 10.10.100.133.1883: Flags [FP.], seq 456:458, ack 5, win 457, options [nop,nop,TS val 409569003 ecr 412059914], length 2
23:33:46.309830 IP 10.10.100.133.1883 > 10.10.100.135.47404: Flags [.], ack 459, win 235, options [nop,nop,TS val 412059918 ecr 409569003], length 0
23:33:46.320057 IP 10.10.100.133.1883 > 10.10.100.135.47404: Flags [F.], seq 5, ack 459, win 235, options [nop,nop,TS val 412059920 ecr 409569003], length 0
23:33:46.332729 IP 10.10.100.135.47404 > 10.10.100.133.1883: Flags [.], ack 6, win 457, options [nop,nop,TS val 409569009 ecr 412059920], length 0
23:33:47.338380 IP 10.10.100.135.47406 > 10.10.100.133.1883: Flags [S], seq 2577330205, win 29200, options [mss 1460,sackOK,TS val 409569260 ecr 0,nop,wscale 6], length 0
23:33:47.339954 IP 10.10.100.133.1883 > 10.10.100.135.47406: Flags [S.], seq 2578344448, ack 2577330206, win 28960, options [mss 1460,sackOK,TS val 412060175 ecr 409569260,nop,wscale 7], length 0
23:33:47.353425 IP 10.10.100.135.47406 > 10.10.100.133.1883: Flags [.], ack 1, win 457, options [nop,nop,TS val 409569264 ecr 412060175], length 0
23:33:47.353442 IP 10.10.100.135.47406 > 10.10.100.133.1883: Flags [P.], seq 1:40, ack 1, win 457, options [nop,nop,TS val 409569264 ecr 412060175], length 39
23:33:47.354673 IP 10.10.100.133.1883 > 10.10.100.135.47406: Flags [.], ack 40, win 227, options [nop,nop,TS val 412060179 ecr 409569264], length 0
23:33:47.403963 IP 10.10.100.133.1883 > 10.10.100.135.47406: Flags [P.], seq 1:5, ack 40, win 227, options [nop,nop,TS val 412060191 ecr 409569264], length 4
23:33:47.417123 IP 10.10.100.135.47406 > 10.10.100.133.1883: Flags [.], ack 5, win 457, options [nop,nop,TS val 409569280 ecr 412060191], length 0
23:33:47.417135 IP 10.10.100.135.47406 > 10.10.100.133.1883: Flags [P.], seq 40:455, ack 5, win 457, options [nop,nop,TS val 409569280 ecr 412060191], length 415
23:33:47.417136 IP 10.10.100.135.47406 > 10.10.100.133.1883: Flags [FP.], seq 455:457, ack 5, win 457, options [nop,nop,TS val 409569280 ecr 412060191], length 2
23:33:47.417861 IP 10.10.100.133.1883 > 10.10.100.135.47406: Flags [.], ack 455, win 235, options [nop,nop,TS val 412060195 ecr 409569280], length 0
23:33:47.429391 IP 10.10.100.133.1883 > 10.10.100.135.47406: Flags [F.], seq 5, ack 458, win 235, options [nop,nop,TS val 412060198 ecr 409569280], length 0
23:33:47.442070 IP 10.10.100.135.47406 > 10.10.100.133.1883: Flags [.], ack 6, win 457, options [nop,nop,TS val 409569286 ecr 412060198], length 0
23:33:48.429317 IP 10.10.100.135.47408 > 10.10.100.133.1883: Flags [S], seq 3488651599, win 29200, options [mss 1460,sackOK,TS val 409569533 ecr 0,nop,wscale 6], length 0
23:33:48.429922 IP 10.10.100.133.1883 > 10.10.100.135.47408: Flags [S.], seq 3531209686, ack 3488651600, win 28960, options [mss 1460,sackOK,TS val 412060448 ecr 409569533,nop,wscale 7], length 0
23:33:48.443285 IP 10.10.100.135.47408 > 10.10.100.133.1883: Flags [.], ack 1, win 457, options [nop,nop,TS val 409569536 ecr 412060448], length 0
23:33:48.443290 IP 10.10.100.135.47408 > 10.10.100.133.1883: Flags [P.], seq 1:40, ack 1, win 457, options [nop,nop,TS val 409569536 ecr 412060448], length 39
23:33:48.443635 IP 10.10.100.133.1883 > 10.10.100.135.47408: Flags [.], ack 40, win 227, options [nop,nop,TS val 412060451 ecr 409569536], length 0
23:33:48.446541 IP 10.10.100.133.1883 > 10.10.100.135.47408: Flags [P.], seq 1:5, ack 40, win 227, options [nop,nop,TS val 412060452 ecr 409569536], length 4
23:33:48.459184 IP 10.10.100.135.47408 > 10.10.100.133.1883: Flags [.], ack 5, win 457, options [nop,nop,TS val 409569540 ecr 412060452], length 0
23:33:48.459335 IP 10.10.100.135.47408 > 10.10.100.133.1883: Flags [P.], seq 40:456, ack 5, win 457, options [nop,nop,TS val 409569540 ecr 412060452], length 416
23:33:48.459337 IP 10.10.100.135.47408 > 10.10.100.133.1883: Flags [FP.], seq 456:458, ack 5, win 457, options [nop,nop,TS val 409569540 ecr 412060452], length 2
23:33:48.459759 IP 10.10.100.133.1883 > 10.10.100.135.47408: Flags [.], ack 459, win 235, options [nop,nop,TS val 412060455 ecr 409569540], length 0
23:33:48.461777 IP 10.10.100.133.1883 > 10.10.100.135.47408: Flags [F.], seq 5, ack 459, win 235, options [nop,nop,TS val 412060456 ecr 409569540], length 0
23:33:48.475226 IP 10.10.100.135.47408 > 10.10.100.133.1883: Flags [.], ack 6, win 457, options [nop,nop,TS val 409569544 ecr 412060456], length 0
23:33:49.470640 IP 10.10.100.135.47410 > 10.10.100.133.1883: Flags [S], seq 2493057677, win 29200, options [mss 1460,sackOK,TS val 409569793 ecr 0,nop,wscale 6], length 0
23:33:49.471086 IP 10.10.100.133.1883 > 10.10.100.135.47410: Flags [S.], seq 4071513638, ack 2493057678, win 28960, options [mss 1460,sackOK,TS val 412060708 ecr 409569793,nop,wscale 7], length 0
23:33:49.485272 IP 10.10.100.135.47410 > 10.10.100.133.1883: Flags [.], ack 1, win 457, options [nop,nop,TS val 409569797 ecr 412060708], length 0
23:33:49.485280 IP 10.10.100.135.47410 > 10.10.100.133.1883: Flags [P.], seq 1:40, ack 1, win 457, options [nop,nop,TS val 409569797 ecr 412060708], length 39
23:33:49.486578 IP 10.10.100.133.1883 > 10.10.100.135.47410: Flags [.], ack 40, win 227, options [nop,nop,TS val 412060712 ecr 409569797], length 0
23:33:49.491630 IP 10.10.100.133.1883 > 10.10.100.135.47410: Flags [P.], seq 1:5, ack 40, win 227, options [nop,nop,TS val 412060713 ecr 409569797], length 4
23:33:49.504554 IP 10.10.100.135.47410 > 10.10.100.133.1883: Flags [.], ack 5, win 457, options [nop,nop,TS val 409569802 ecr 412060713], length 0
23:33:49.504562 IP 10.10.100.135.47410 > 10.10.100.133.1883: Flags [P.], seq 40:456, ack 5, win 457, options [nop,nop,TS val 409569802 ecr 412060713], length 416
23:33:49.504563 IP 10.10.100.135.47410 > 10.10.100.133.1883: Flags [FP.], seq 456:458, ack 5, win 457, options [nop,nop,TS val 409569802 ecr 412060713], length 2
23:33:49.505739 IP 10.10.100.133.1883 > 10.10.100.135.47410: Flags [.], ack 459, win 235, options [nop,nop,TS val 412060717 ecr 409569802], length 0
23:33:49.509401 IP 10.10.100.133.1883 > 10.10.100.135.47410: Flags [F.], seq 5, ack 459, win 235, options [nop,nop,TS val 412060718 ecr 409569802], length 0
23:33:49.522534 IP 10.10.100.135.47410 > 10.10.100.133.1883: Flags [.], ack 6, win 457, options [nop,nop,TS val 409569806 ecr 412060718], length 0
23:33:50.513021 IP 10.10.100.135.47412 > 10.10.100.133.1883: Flags [S], seq 1904808035, win 29200, options [mss 1460,sackOK,TS val 409570054 ecr 0,nop,wscale 6], length 0
23:33:50.513480 IP 10.10.100.133.1883 > 10.10.100.135.47412: Flags [S.], seq 975712474, ack 1904808036, win 28960, options [mss 1460,sackOK,TS val 412060969 ecr 409570054,nop,wscale 7], length 0
23:33:50.526148 IP 10.10.100.135.47412 > 10.10.100.133.1883: Flags [.], ack 1, win 457, options [nop,nop,TS val 409570057 ecr 412060969], length 0
23:33:50.526152 IP 10.10.100.135.47412 > 10.10.100.133.1883: Flags [P.], seq 1:40, ack 1, win 457, options [nop,nop,TS val 409570057 ecr 412060969], length 39
23:33:50.526782 IP 10.10.100.133.1883 > 10.10.100.135.47412: Flags [.], ack 40, win 227, options [nop,nop,TS val 412060972 ecr 409570057], length 0
23:33:50.528487 IP 10.10.100.133.1883 > 10.10.100.135.47412: Flags [P.], seq 1:5, ack 40, win 227, options [nop,nop,TS val 412060972 ecr 409570057], length 4
23:33:50.541198 IP 10.10.100.135.47412 > 10.10.100.133.1883: Flags [.], ack 5, win 457, options [nop,nop,TS val 409570061 ecr 412060972], length 0
23:33:50.541204 IP 10.10.100.135.47412 > 10.10.100.133.1883: Flags [P.], seq 40:455, ack 5, win 457, options [nop,nop,TS val 409570061 ecr 412060972], length 415
23:33:50.541205 IP 10.10.100.135.47412 > 10.10.100.133.1883: Flags [FP.], seq 455:457, ack 5, win 457, options [nop,nop,TS val 409570061 ecr 412060972], length 2
23:33:50.541989 IP 10.10.100.133.1883 > 10.10.100.135.47412: Flags [.], ack 458, win 235, options [nop,nop,TS val 412060976 ecr 409570061], length 0
23:33:50.543955 IP 10.10.100.133.1883 > 10.10.100.135.47412: Flags [F.], seq 5, ack 458, win 235, options [nop,nop,TS val 412060976 ecr 409570061], length 0
23:33:50.556919 IP 10.10.100.135.47412 > 10.10.100.133.1883: Flags [.], ack 6, win 457, options [nop,nop,TS val 409570065 ecr 412060976], length 0

