23:32:59.295635 IP 10.10.100.128.38514 > 10.10.100.133.1883: Flags [S], seq 2701217073, win 29200, options [mss 1460,sackOK,TS val 410821060 ecr 0,nop,wscale 6], length 0
23:32:59.296476 IP 10.10.100.133.1883 > 10.10.100.128.38514: Flags [S.], seq 911677216, ack 2701217074, win 28960, options [mss 1460,sackOK,TS val 412047400 ecr 410821060,nop,wscale 7], length 0
23:32:59.309664 IP 10.10.100.128.38514 > 10.10.100.133.1883: Flags [.], ack 1, win 457, options [nop,nop,TS val 410821064 ecr 412047400], length 0
23:32:59.309671 IP 10.10.100.128.38514 > 10.10.100.133.1883: Flags [P.], seq 1:37, ack 1, win 457, options [nop,nop,TS val 410821064 ecr 412047400], length 36
23:32:59.310409 IP 10.10.100.133.1883 > 10.10.100.128.38514: Flags [.], ack 37, win 227, options [nop,nop,TS val 412047403 ecr 410821064], length 0
23:32:59.316524 IP 10.10.100.133.1883 > 10.10.100.128.38514: Flags [P.], seq 1:5, ack 37, win 227, options [nop,nop,TS val 412047405 ecr 410821064], length 4
23:32:59.329474 IP 10.10.100.128.38514 > 10.10.100.133.1883: Flags [.], ack 5, win 457, options [nop,nop,TS val 410821069 ecr 412047405], length 0
23:32:59.329480 IP 10.10.100.128.38514 > 10.10.100.133.1883: Flags [P.], seq 37:419, ack 5, win 457, options [nop,nop,TS val 410821069 ecr 412047405], length 382
23:32:59.329481 IP 10.10.100.128.38514 > 10.10.100.133.1883: Flags [FP.], seq 419:421, ack 5, win 457, options [nop,nop,TS val 410821069 ecr 412047405], length 2
23:32:59.330624 IP 10.10.100.133.1883 > 10.10.100.128.38514: Flags [.], ack 422, win 235, options [nop,nop,TS val 412047408 ecr 410821069], length 0
23:32:59.333889 IP 10.10.100.133.1883 > 10.10.100.128.38514: Flags [F.], seq 5, ack 422, win 235, options [nop,nop,TS val 412047409 ecr 410821069], length 0
23:32:59.346564 IP 10.10.100.128.38514 > 10.10.100.133.1883: Flags [.], ack 6, win 457, options [nop,nop,TS val 410821073 ecr 412047409], length 0
23:33:00.346366 IP 10.10.100.128.38516 > 10.10.100.133.1883: Flags [S], seq 377905598, win 29200, options [mss 1460,sackOK,TS val 410821323 ecr 0,nop,wscale 6], length 0
23:33:00.347389 IP 10.10.100.133.1883 > 10.10.100.128.38516: Flags [S.], seq 416619695, ack 377905599, win 28960, options [mss 1460,sackOK,TS val 412047662 ecr 410821323,nop,wscale 7], length 0
23:33:00.360183 IP 10.10.100.128.38516 > 10.10.100.133.1883: Flags [.], ack 1, win 457, options [nop,nop,TS val 410821327 ecr 412047662], length 0
23:33:00.360193 IP 10.10.100.128.38516 > 10.10.100.133.1883: Flags [P.], seq 1:37, ack 1, win 457, options [nop,nop,TS val 410821327 ecr 412047662], length 36
23:33:00.361372 IP 10.10.100.133.1883 > 10.10.100.128.38516: Flags [.], ack 37, win 227, options [nop,nop,TS val 412047666 ecr 410821327], length 0
23:33:00.371017 IP 10.10.100.133.1883 > 10.10.100.128.38516: Flags [P.], seq 1:5, ack 37, win 227, options [nop,nop,TS val 412047668 ecr 410821327], length 4
23:33:00.384353 IP 10.10.100.128.38516 > 10.10.100.133.1883: Flags [.], ack 5, win 457, options [nop,nop,TS val 410821333 ecr 412047668], length 0
23:33:00.384365 IP 10.10.100.128.38516 > 10.10.100.133.1883: Flags [P.], seq 37:453, ack 5, win 457, options [nop,nop,TS val 410821333 ecr 412047668], length 416
23:33:00.384367 IP 10.10.100.128.38516 > 10.10.100.133.1883: Flags [FP.], seq 453:455, ack 5, win 457, options [nop,nop,TS val 410821333 ecr 412047668], length 2
23:33:00.385393 IP 10.10.100.133.1883 > 10.10.100.128.38516: Flags [.], ack 456, win 235, options [nop,nop,TS val 412047672 ecr 410821333], length 0
23:33:00.389630 IP 10.10.100.133.1883 > 10.10.100.128.38516: Flags [F.], seq 5, ack 456, win 235, options [nop,nop,TS val 412047673 ecr 410821333], length 0
23:33:00.403091 IP 10.10.100.128.38516 > 10.10.100.133.1883: Flags [.], ack 6, win 457, options [nop,nop,TS val 410821337 ecr 412047673], length 0
23:33:01.396587 IP 10.10.100.128.38518 > 10.10.100.133.1883: Flags [S], seq 2747363917, win 29200, options [mss 1460,sackOK,TS val 410821586 ecr 0,nop,wscale 6], length 0
23:33:01.397463 IP 10.10.100.133.1883 > 10.10.100.128.38518: Flags [S.], seq 128293671, ack 2747363918, win 28960, options [mss 1460,sackOK,TS val 412047925 ecr 410821586,nop,wscale 7], length 0
23:33:01.410544 IP 10.10.100.128.38518 > 10.10.100.133.1883: Flags [.], ack 1, win 457, options [nop,nop,TS val 410821589 ecr 412047925], length 0
23:33:01.410554 IP 10.10.100.128.38518 > 10.10.100.133.1883: Flags [P.], seq 1:37, ack 1, win 457, options [nop,nop,TS val 410821589 ecr 412047925], length 36
23:33:01.411754 IP 10.10.100.133.1883 > 10.10.100.128.38518: Flags [.], ack 37, win 227, options [nop,nop,TS val 412047928 ecr 410821589], length 0
23:33:01.423586 IP 10.10.100.133.1883 > 10.10.100.128.38518: Flags [P.], seq 1:5, ack 37, win 227, options [nop,nop,TS val 412047931 ecr 410821589], length 4
23:33:01.437327 IP 10.10.100.128.38518 > 10.10.100.133.1883: Flags [.], ack 5, win 457, options [nop,nop,TS val 410821596 ecr 412047931], length 0
23:33:01.437338 IP 10.10.100.128.38518 > 10.10.100.133.1883: Flags [P.], seq 37:453, ack 5, win 457, options [nop,nop,TS val 410821596 ecr 412047931], length 416
23:33:01.437340 IP 10.10.100.128.38518 > 10.10.100.133.1883: Flags [FP.], seq 453:455, ack 5, win 457, options [nop,nop,TS val 410821596 ecr 412047931], length 2
23:33:01.439183 IP 10.10.100.133.1883 > 10.10.100.128.38518: Flags [.], ack 456, win 235, options [nop,nop,TS val 412047935 ecr 410821596], length 0
23:33:01.445822 IP 10.10.100.133.1883 > 10.10.100.128.38518: Flags [F.], seq 5, ack 456, win 235, options [nop,nop,TS val 412047937 ecr 410821596], length 0
23:33:01.459212 IP 10.10.100.128.38518 > 10.10.100.133.1883: Flags [.], ack 6, win 457, options [nop,nop,TS val 410821601 ecr 412047937], length 0
23:33:02.460335 IP 10.10.100.128.38520 > 10.10.100.133.1883: Flags [S], seq 1802296219, win 29200, options [mss 1460,sackOK,TS val 410821852 ecr 0,nop,wscale 6], length 0
23:33:02.461931 IP 10.10.100.133.1883 > 10.10.100.128.38520: Flags [S.], seq 2411384017, ack 1802296220, win 28960, options [mss 1460,sackOK,TS val 412048191 ecr 410821852,nop,wscale 7], length 0
23:33:02.475281 IP 10.10.100.128.38520 > 10.10.100.133.1883: Flags [.], ack 1, win 457, options [nop,nop,TS val 410821855 ecr 412048191], length 0
23:33:02.475292 IP 10.10.100.128.38520 > 10.10.100.133.1883: Flags [P.], seq 1:37, ack 1, win 457, options [nop,nop,TS val 410821856 ecr 412048191], length 36
23:33:02.476577 IP 10.10.100.133.1883 > 10.10.100.128.38520: Flags [.], ack 37, win 227, options [nop,nop,TS val 412048195 ecr 410821856], length 0
23:33:02.486346 IP 10.10.100.133.1883 > 10.10.100.128.38520: Flags [P.], seq 1:5, ack 37, win 227, options [nop,nop,TS val 412048197 ecr 410821856], length 4
23:33:02.499213 IP 10.10.100.128.38520 > 10.10.100.133.1883: Flags [.], ack 5, win 457, options [nop,nop,TS val 410821861 ecr 412048197], length 0
23:33:02.499227 IP 10.10.100.128.38520 > 10.10.100.133.1883: Flags [P.], seq 37:452, ack 5, win 457, options [nop,nop,TS val 410821862 ecr 412048197], length 415
23:33:02.499229 IP 10.10.100.128.38520 > 10.10.100.133.1883: Flags [FP.], seq 452:454, ack 5, win 457, options [nop,nop,TS val 410821862 ecr 412048197], length 2
23:33:02.500783 IP 10.10.100.133.1883 > 10.10.100.128.38520: Flags [.], ack 455, win 235, options [nop,nop,TS val 412048201 ecr 410821862], length 0
23:33:02.508800 IP 10.10.100.133.1883 > 10.10.100.128.38520: Flags [F.], seq 5, ack 455, win 235, options [nop,nop,TS val 412048203 ecr 410821862], length 0
23:33:02.522141 IP 10.10.100.128.38520 > 10.10.100.133.1883: Flags [.], ack 6, win 457, options [nop,nop,TS val 410821867 ecr 412048203], length 0
23:33:03.521420 IP 10.10.100.128.38522 > 10.10.100.133.1883: Flags [S], seq 576941373, win 29200, options [mss 1460,sackOK,TS val 410822117 ecr 0,nop,wscale 6], length 0
23:33:03.522340 IP 10.10.100.133.1883 > 10.10.100.128.38522: Flags [S.], seq 546786560, ack 576941374, win 28960, options [mss 1460,sackOK,TS val 412048456 ecr 410822117,nop,wscale 7], length 0
23:33:03.535790 IP 10.10.100.128.38522 > 10.10.100.133.1883: Flags [.], ack 1, win 457, options [nop,nop,TS val 410822120 ecr 412048456], length 0
23:33:03.535799 IP 10.10.100.128.38522 > 10.10.100.133.1883: Flags [P.], seq 1:37, ack 1, win 457, options [nop,nop,TS val 410822121 ecr 412048456], length 36
23:33:03.536985 IP 10.10.100.133.1883 > 10.10.100.128.38522: Flags [.], ack 37, win 227, options [nop,nop,TS val 412048460 ecr 410822121], length 0
23:33:03.544906 IP 10.10.100.133.1883 > 10.10.100.128.38522: Flags [P.], seq 1:5, ack 37, win 227, options [nop,nop,TS val 412048462 ecr 410822121], length 4
23:33:03.557667 IP 10.10.100.128.38522 > 10.10.100.133.1883: Flags [.], ack 5, win 457, options [nop,nop,TS val 410822126 ecr 412048462], length 0
23:33:03.557843 IP 10.10.100.128.38522 > 10.10.100.133.1883: Flags [P.], seq 37:452, ack 5, win 457, options [nop,nop,TS val 410822126 ecr 412048462], length 415
23:33:03.557846 IP 10.10.100.128.38522 > 10.10.100.133.1883: Flags [FP.], seq 452:454, ack 5, win 457, options [nop,nop,TS val 410822126 ecr 412048462], length 2
23:33:03.558782 IP 10.10.100.133.1883 > 10.10.100.128.38522: Flags [.], ack 455, win 235, options [nop,nop,TS val 412048465 ecr 410822126], length 0
23:33:03.562596 IP 10.10.100.133.1883 > 10.10.100.128.38522: Flags [F.], seq 5, ack 455, win 235, options [nop,nop,TS val 412048466 ecr 410822126], length 0
23:33:03.575469 IP 10.10.100.128.38522 > 10.10.100.133.1883: Flags [.], ack 6, win 457, options [nop,nop,TS val 410822131 ecr 412048466], length 0
23:33:04.577221 IP 10.10.100.128.38524 > 10.10.100.133.1883: Flags [S], seq 895750167, win 29200, options [mss 1460,sackOK,TS val 410822381 ecr 0,nop,wscale 6], length 0
23:33:04.578848 IP 10.10.100.133.1883 > 10.10.100.128.38524: Flags [S.], seq 4096547767, ack 895750168, win 28960, options [mss 1460,sackOK,TS val 412048720 ecr 410822381,nop,wscale 7], length 0
23:33:04.591992 IP 10.10.100.128.38524 > 10.10.100.133.1883: Flags [.], ack 1, win 457, options [nop,nop,TS val 410822385 ecr 412048720], length 0
23:33:04.592004 IP 10.10.100.128.38524 > 10.10.100.133.1883: Flags [P.], seq 1:37, ack 1, win 457, options [nop,nop,TS val 410822385 ecr 412048720], length 36
23:33:04.593471 IP 10.10.100.133.1883 > 10.10.100.128.38524: Flags [.], ack 37, win 227, options [nop,nop,TS val 412048724 ecr 410822385], length 0
23:33:04.619826 IP 10.10.100.133.1883 > 10.10.100.128.38524: Flags [P.], seq 1:5, ack 37, win 227, options [nop,nop,TS val 412048730 ecr 410822385], length 4
23:33:04.632916 IP 10.10.100.128.38524 > 10.10.100.133.1883: Flags [.], ack 5, win 457, options [nop,nop,TS val 410822395 ecr 412048730], length 0
23:33:04.632926 IP 10.10.100.128.38524 > 10.10.100.133.1883: Flags [P.], seq 37:453, ack 5, win 457, options [nop,nop,TS val 410822395 ecr 412048730], length 416
23:33:04.632928 IP 10.10.100.128.38524 > 10.10.100.133.1883: Flags [FP.], seq 453:455, ack 5, win 457, options [nop,nop,TS val 410822395 ecr 412048730], length 2
23:33:04.635004 IP 10.10.100.133.1883 > 10.10.100.128.38524: Flags [.], ack 456, win 235, options [nop,nop,TS val 412048734 ecr 410822395], length 0
23:33:04.642031 IP 10.10.100.133.1883 > 10.10.100.128.38524: Flags [F.], seq 5, ack 456, win 235, options [nop,nop,TS val 412048736 ecr 410822395], length 0
23:33:04.654887 IP 10.10.100.128.38524 > 10.10.100.133.1883: Flags [.], ack 6, win 457, options [nop,nop,TS val 410822400 ecr 412048736], length 0
23:33:05.648572 IP 10.10.100.128.38526 > 10.10.100.133.1883: Flags [S], seq 1790656534, win 29200, options [mss 1460,sackOK,TS val 410822649 ecr 0,nop,wscale 6], length 0
23:33:05.649603 IP 10.10.100.133.1883 > 10.10.100.128.38526: Flags [S.], seq 3686204712, ack 1790656535, win 28960, options [mss 1460,sackOK,TS val 412048988 ecr 410822649,nop,wscale 7], length 0
23:33:05.662364 IP 10.10.100.128.38526 > 10.10.100.133.1883: Flags [.], ack 1, win 457, options [nop,nop,TS val 410822652 ecr 412048988], length 0
23:33:05.662371 IP 10.10.100.128.38526 > 10.10.100.133.1883: Flags [P.], seq 1:37, ack 1, win 457, options [nop,nop,TS val 410822652 ecr 412048988], length 36
23:33:05.663069 IP 10.10.100.133.1883 > 10.10.100.128.38526: Flags [.], ack 37, win 227, options [nop,nop,TS val 412048991 ecr 410822652], length 0
23:33:05.681221 IP 10.10.100.133.1883 > 10.10.100.128.38526: Flags [P.], seq 1:5, ack 37, win 227, options [nop,nop,TS val 412048996 ecr 410822652], length 4
23:33:05.695018 IP 10.10.100.128.38526 > 10.10.100.133.1883: Flags [.], ack 5, win 457, options [nop,nop,TS val 410822660 ecr 412048996], length 0
23:33:05.695024 IP 10.10.100.128.38526 > 10.10.100.133.1883: Flags [P.], seq 37:453, ack 5, win 457, options [nop,nop,TS val 410822660 ecr 412048996], length 416
23:33:05.695024 IP 10.10.100.128.38526 > 10.10.100.133.1883: Flags [FP.], seq 453:455, ack 5, win 457, options [nop,nop,TS val 410822660 ecr 412048996], length 2
23:33:05.696392 IP 10.10.100.133.1883 > 10.10.100.128.38526: Flags [.], ack 456, win 235, options [nop,nop,TS val 412048999 ecr 410822660], length 0
23:33:05.699832 IP 10.10.100.133.1883 > 10.10.100.128.38526: Flags [F.], seq 5, ack 456, win 235, options [nop,nop,TS val 412049000 ecr 410822660], length 0
23:33:05.713168 IP 10.10.100.128.38526 > 10.10.100.133.1883: Flags [.], ack 6, win 457, options [nop,nop,TS val 410822665 ecr 412049000], length 0
23:33:06.708576 IP 10.10.100.128.38528 > 10.10.100.133.1883: Flags [S], seq 1603298672, win 29200, options [mss 1460,sackOK,TS val 410822914 ecr 0,nop,wscale 6], length 0
23:33:06.709284 IP 10.10.100.133.1883 > 10.10.100.128.38528: Flags [S.], seq 2719717101, ack 1603298673, win 28960, options [mss 1460,sackOK,TS val 412049253 ecr 410822914,nop,wscale 7], length 0
23:33:06.722568 IP 10.10.100.128.38528 > 10.10.100.133.1883: Flags [.], ack 1, win 457, options [nop,nop,TS val 410822917 ecr 412049253], length 0
23:33:06.722575 IP 10.10.100.128.38528 > 10.10.100.133.1883: Flags [P.], seq 1:37, ack 1, win 457, options [nop,nop,TS val 410822917 ecr 412049253], length 36
23:33:06.723367 IP 10.10.100.133.1883 > 10.10.100.128.38528: Flags [.], ack 37, win 227, options [nop,nop,TS val 412049256 ecr 410822917], length 0
23:33:06.733193 IP 10.10.100.133.1883 > 10.10.100.128.38528: Flags [P.], seq 1:5, ack 37, win 227, options [nop,nop,TS val 412049259 ecr 410822917], length 4
23:33:06.746465 IP 10.10.100.128.38528 > 10.10.100.133.1883: Flags [.], ack 5, win 457, options [nop,nop,TS val 410822923 ecr 412049259], length 0
23:33:06.746473 IP 10.10.100.128.38528 > 10.10.100.133.1883: Flags [P.], seq 37:453, ack 5, win 457, options [nop,nop,TS val 410822923 ecr 412049259], length 416
23:33:06.746473 IP 10.10.100.128.38528 > 10.10.100.133.1883: Flags [FP.], seq 453:455, ack 5, win 457, options [nop,nop,TS val 410822923 ecr 412049259], length 2
23:33:06.747431 IP 10.10.100.133.1883 > 10.10.100.128.38528: Flags [.], ack 456, win 235, options [nop,nop,TS val 412049262 ecr 410822923], length 0
23:33:06.750823 IP 10.10.100.133.1883 > 10.10.100.128.38528: Flags [F.], seq 5, ack 456, win 235, options [nop,nop,TS val 412049263 ecr 410822923], length 0
23:33:20.548905 IP 10.10.100.128.38554 > 10.10.100.133.1883: Flags [S], seq 380602337, win 29200, options [mss 1460,sackOK,TS val 410826374 ecr 0,nop,wscale 6], length 0
23:33:20.550091 IP 10.10.100.133.1883 > 10.10.100.128.38554: Flags [S.], seq 504519384, ack 380602338, win 28960, options [mss 1460,sackOK,TS val 412052713 ecr 410826374,nop,wscale 7], length 0
23:33:20.562925 IP 10.10.100.128.38554 > 10.10.100.133.1883: Flags [.], ack 1, win 457, options [nop,nop,TS val 410826377 ecr 412052713], length 0
23:33:20.562937 IP 10.10.100.128.38554 > 10.10.100.133.1883: Flags [P.], seq 1:37, ack 1, win 457, options [nop,nop,TS val 410826377 ecr 412052713], length 36
23:33:20.564524 IP 10.10.100.133.1883 > 10.10.100.128.38554: Flags [.], ack 37, win 227, options [nop,nop,TS val 412052717 ecr 410826377], length 0
23:33:20.572061 IP 10.10.100.133.1883 > 10.10.100.128.38554: Flags [P.], seq 1:5, ack 37, win 227, options [nop,nop,TS val 412052718 ecr 410826377], length 4
23:33:20.584835 IP 10.10.100.128.38554 > 10.10.100.133.1883: Flags [.], ack 5, win 457, options [nop,nop,TS val 410826383 ecr 412052718], length 0
23:33:20.585099 IP 10.10.100.128.38554 > 10.10.100.133.1883: Flags [P.], seq 37:453, ack 5, win 457, options [nop,nop,TS val 410826383 ecr 412052718], length 416
23:33:20.585105 IP 10.10.100.128.38554 > 10.10.100.133.1883: Flags [FP.], seq 453:455, ack 5, win 457, options [nop,nop,TS val 410826383 ecr 412052718], length 2
23:33:20.586534 IP 10.10.100.133.1883 > 10.10.100.128.38554: Flags [.], ack 456, win 235, options [nop,nop,TS val 412052722 ecr 410826383], length 0
23:33:20.653756 IP 10.10.100.133.1883 > 10.10.100.128.38554: Flags [F.], seq 5, ack 456, win 235, options [nop,nop,TS val 412052739 ecr 410826383], length 0
23:33:20.667073 IP 10.10.100.128.38554 > 10.10.100.133.1883: Flags [.], ack 6, win 457, options [nop,nop,TS val 410826403 ecr 412052739], length 0
23:33:21.607503 IP 10.10.100.128.38556 > 10.10.100.133.1883: Flags [S], seq 2145739747, win 29200, options [mss 1460,sackOK,TS val 410826638 ecr 0,nop,wscale 6], length 0
23:33:21.609059 IP 10.10.100.133.1883 > 10.10.100.128.38556: Flags [S.], seq 2014092375, ack 2145739748, win 28960, options [mss 1460,sackOK,TS val 412052978 ecr 410826638,nop,wscale 7], length 0
23:33:21.622919 IP 10.10.100.128.38556 > 10.10.100.133.1883: Flags [.], ack 1, win 457, options [nop,nop,TS val 410826642 ecr 412052978], length 0
23:33:21.622933 IP 10.10.100.128.38556 > 10.10.100.133.1883: Flags [P.], seq 1:37, ack 1, win 457, options [nop,nop,TS val 410826642 ecr 412052978], length 36
23:33:21.624355 IP 10.10.100.133.1883 > 10.10.100.128.38556: Flags [.], ack 37, win 227, options [nop,nop,TS val 412052982 ecr 410826642], length 0
23:33:21.630628 IP 10.10.100.133.1883 > 10.10.100.128.38556: Flags [P.], seq 1:5, ack 37, win 227, options [nop,nop,TS val 412052983 ecr 410826642], length 4
23:33:21.643659 IP 10.10.100.128.38556 > 10.10.100.133.1883: Flags [.], ack 5, win 457, options [nop,nop,TS val 410826648 ecr 412052983], length 0
23:33:21.643670 IP 10.10.100.128.38556 > 10.10.100.133.1883: Flags [P.], seq 37:453, ack 5, win 457, options [nop,nop,TS val 410826648 ecr 412052983], length 416
23:33:21.643672 IP 10.10.100.128.38556 > 10.10.100.133.1883: Flags [FP.], seq 453:455, ack 5, win 457, options [nop,nop,TS val 410826648 ecr 412052983], length 2
23:33:21.647112 IP 10.10.100.133.1883 > 10.10.100.128.38556: Flags [.], ack 456, win 235, options [nop,nop,TS val 412052987 ecr 410826648], length 0
23:33:21.652382 IP 10.10.100.133.1883 > 10.10.100.128.38556: Flags [F.], seq 5, ack 456, win 235, options [nop,nop,TS val 412052989 ecr 410826648], length 0
23:33:21.665657 IP 10.10.100.128.38556 > 10.10.100.133.1883: Flags [.], ack 6, win 457, options [nop,nop,TS val 410826653 ecr 412052989], length 0
23:33:22.658071 IP 10.10.100.128.38558 > 10.10.100.133.1883: Flags [S], seq 2446169245, win 29200, options [mss 1460,sackOK,TS val 410826901 ecr 0,nop,wscale 6], length 0
23:33:22.658553 IP 10.10.100.133.1883 > 10.10.100.128.38558: Flags [S.], seq 3897037406, ack 2446169246, win 28960, options [mss 1460,sackOK,TS val 412053240 ecr 410826901,nop,wscale 7], length 0
23:33:22.672019 IP 10.10.100.128.38558 > 10.10.100.133.1883: Flags [.], ack 1, win 457, options [nop,nop,TS val 410826905 ecr 412053240], length 0
23:33:22.672025 IP 10.10.100.128.38558 > 10.10.100.133.1883: Flags [P.], seq 1:37, ack 1, win 457, options [nop,nop,TS val 410826905 ecr 412053240], length 36
23:33:22.672522 IP 10.10.100.133.1883 > 10.10.100.128.38558: Flags [.], ack 37, win 227, options [nop,nop,TS val 412053244 ecr 410826905], length 0
23:33:22.674460 IP 10.10.100.133.1883 > 10.10.100.128.38558: Flags [P.], seq 1:5, ack 37, win 227, options [nop,nop,TS val 412053244 ecr 410826905], length 4
23:33:22.687037 IP 10.10.100.128.38558 > 10.10.100.133.1883: Flags [.], ack 5, win 457, options [nop,nop,TS val 410826909 ecr 412053244], length 0
23:33:22.687207 IP 10.10.100.128.38558 > 10.10.100.133.1883: Flags [P.], seq 37:453, ack 5, win 457, options [nop,nop,TS val 410826909 ecr 412053244], length 416
23:33:22.687210 IP 10.10.100.128.38558 > 10.10.100.133.1883: Flags [FP.], seq 453:455, ack 5, win 457, options [nop,nop,TS val 410826909 ecr 412053244], length 2
23:33:22.687995 IP 10.10.100.133.1883 > 10.10.100.128.38558: Flags [.], ack 456, win 235, options [nop,nop,TS val 412053247 ecr 410826909], length 0
23:33:22.692596 IP 10.10.100.133.1883 > 10.10.100.128.38558: Flags [F.], seq 5, ack 456, win 235, options [nop,nop,TS val 412053249 ecr 410826909], length 0
23:33:22.705991 IP 10.10.100.128.38558 > 10.10.100.133.1883: Flags [.], ack 6, win 457, options [nop,nop,TS val 410826913 ecr 412053249], length 0
23:33:23.708413 IP 10.10.100.128.38560 > 10.10.100.133.1883: Flags [S], seq 950357942, win 29200, options [mss 1460,sackOK,TS val 410827163 ecr 0,nop,wscale 6], length 0
23:33:23.709511 IP 10.10.100.133.1883 > 10.10.100.128.38560: Flags [S.], seq 3966103615, ack 950357943, win 28960, options [mss 1460,sackOK,TS val 412053503 ecr 410827163,nop,wscale 7], length 0
23:33:23.722399 IP 10.10.100.128.38560 > 10.10.100.133.1883: Flags [.], ack 1, win 457, options [nop,nop,TS val 410827167 ecr 412053503], length 0
23:33:23.722411 IP 10.10.100.128.38560 > 10.10.100.133.1883: Flags [P.], seq 1:37, ack 1, win 457, options [nop,nop,TS val 410827167 ecr 412053503], length 36
23:33:23.723877 IP 10.10.100.133.1883 > 10.10.100.128.38560: Flags [.], ack 37, win 227, options [nop,nop,TS val 412053506 ecr 410827167], length 0
23:33:23.734886 IP 10.10.100.133.1883 > 10.10.100.128.38560: Flags [P.], seq 1:5, ack 37, win 227, options [nop,nop,TS val 412053509 ecr 410827167], length 4
23:33:23.748252 IP 10.10.100.128.38560 > 10.10.100.133.1883: Flags [.], ack 5, win 457, options [nop,nop,TS val 410827174 ecr 412053509], length 0
23:33:23.748265 IP 10.10.100.128.38560 > 10.10.100.133.1883: Flags [P.], seq 37:452, ack 5, win 457, options [nop,nop,TS val 410827174 ecr 412053509], length 415
23:33:23.748584 IP 10.10.100.128.38560 > 10.10.100.133.1883: Flags [FP.], seq 452:454, ack 5, win 457, options [nop,nop,TS val 410827174 ecr 412053509], length 2
23:33:23.750251 IP 10.10.100.133.1883 > 10.10.100.128.38560: Flags [.], ack 455, win 235, options [nop,nop,TS val 412053513 ecr 410827174], length 0
23:33:23.759304 IP 10.10.100.133.1883 > 10.10.100.128.38560: Flags [F.], seq 5, ack 455, win 235, options [nop,nop,TS val 412053515 ecr 410827174], length 0
23:33:23.772183 IP 10.10.100.128.38560 > 10.10.100.133.1883: Flags [.], ack 6, win 457, options [nop,nop,TS val 410827180 ecr 412053515], length 0
23:33:24.769986 IP 10.10.100.128.38562 > 10.10.100.133.1883: Flags [S], seq 407083719, win 29200, options [mss 1460,sackOK,TS val 410827429 ecr 0,nop,wscale 6], length 0
23:33:24.771718 IP 10.10.100.133.1883 > 10.10.100.128.38562: Flags [S.], seq 2344264408, ack 407083720, win 28960, options [mss 1460,sackOK,TS val 412053768 ecr 410827429,nop,wscale 7], length 0
23:33:24.784714 IP 10.10.100.128.38562 > 10.10.100.133.1883: Flags [.], ack 1, win 457, options [nop,nop,TS val 410827433 ecr 412053768], length 0
23:33:24.784726 IP 10.10.100.128.38562 > 10.10.100.133.1883: Flags [P.], seq 1:37, ack 1, win 457, options [nop,nop,TS val 410827433 ecr 412053768], length 36
23:33:24.785854 IP 10.10.100.133.1883 > 10.10.100.128.38562: Flags [.], ack 37, win 227, options [nop,nop,TS val 412053772 ecr 410827433], length 0
23:33:24.791558 IP 10.10.100.133.1883 > 10.10.100.128.38562: Flags [P.], seq 1:5, ack 37, win 227, options [nop,nop,TS val 412053773 ecr 410827433], length 4
23:33:24.804679 IP 10.10.100.128.38562 > 10.10.100.133.1883: Flags [.], ack 5, win 457, options [nop,nop,TS val 410827438 ecr 412053773], length 0
23:33:24.804692 IP 10.10.100.128.38562 > 10.10.100.133.1883: Flags [P.], seq 37:453, ack 5, win 457, options [nop,nop,TS val 410827438 ecr 412053773], length 416
23:33:24.804694 IP 10.10.100.128.38562 > 10.10.100.133.1883: Flags [FP.], seq 453:455, ack 5, win 457, options [nop,nop,TS val 410827438 ecr 412053773], length 2
23:33:24.813347 IP 10.10.100.133.1883 > 10.10.100.128.38562: Flags [.], ack 456, win 235, options [nop,nop,TS val 412053779 ecr 410827438], length 0
23:33:24.842627 IP 10.10.100.133.1883 > 10.10.100.128.38562: Flags [F.], seq 5, ack 456, win 235, options [nop,nop,TS val 412053786 ecr 410827438], length 0
23:33:24.855489 IP 10.10.100.128.38562 > 10.10.100.133.1883: Flags [.], ack 6, win 457, options [nop,nop,TS val 410827451 ecr 412053786], length 0
23:33:25.818400 IP 10.10.100.128.38564 > 10.10.100.133.1883: Flags [S], seq 1197334075, win 29200, options [mss 1460,sackOK,TS val 410827691 ecr 0,nop,wscale 6], length 0
23:33:25.818857 IP 10.10.100.133.1883 > 10.10.100.128.38564: Flags [S.], seq 1489325982, ack 1197334076, win 28960, options [mss 1460,sackOK,TS val 412054030 ecr 410827691,nop,wscale 7], length 0
23:33:25.831540 IP 10.10.100.128.38564 > 10.10.100.133.1883: Flags [.], ack 1, win 457, options [nop,nop,TS val 410827695 ecr 412054030], length 0
23:33:25.831547 IP 10.10.100.128.38564 > 10.10.100.133.1883: Flags [P.], seq 1:37, ack 1, win 457, options [nop,nop,TS val 410827695 ecr 412054030], length 36
23:33:25.832743 IP 10.10.100.133.1883 > 10.10.100.128.38564: Flags [.], ack 37, win 227, options [nop,nop,TS val 412054034 ecr 410827695], length 0
23:33:25.836670 IP 10.10.100.133.1883 > 10.10.100.128.38564: Flags [P.], seq 1:5, ack 37, win 227, options [nop,nop,TS val 412054035 ecr 410827695], length 4
23:33:25.849504 IP 10.10.100.128.38564 > 10.10.100.133.1883: Flags [.], ack 5, win 457, options [nop,nop,TS val 410827699 ecr 412054035], length 0
23:33:25.849511 IP 10.10.100.128.38564 > 10.10.100.133.1883: Flags [P.], seq 37:453, ack 5, win 457, options [nop,nop,TS val 410827699 ecr 412054035], length 416
23:33:25.849512 IP 10.10.100.128.38564 > 10.10.100.133.1883: Flags [FP.], seq 453:455, ack 5, win 457, options [nop,nop,TS val 410827699 ecr 412054035], length 2
23:33:25.850849 IP 10.10.100.133.1883 > 10.10.100.128.38564: Flags [.], ack 456, win 235, options [nop,nop,TS val 412054038 ecr 410827699], length 0
23:33:25.853907 IP 10.10.100.133.1883 > 10.10.100.128.38564: Flags [F.], seq 5, ack 456, win 235, options [nop,nop,TS val 412054039 ecr 410827699], length 0
23:33:25.867295 IP 10.10.100.128.38564 > 10.10.100.133.1883: Flags [.], ack 6, win 457, options [nop,nop,TS val 410827703 ecr 412054039], length 0
23:33:26.870257 IP 10.10.100.128.38566 > 10.10.100.133.1883: Flags [S], seq 3827512403, win 29200, options [mss 1460,sackOK,TS val 410827954 ecr 0,nop,wscale 6], length 0
23:33:26.871170 IP 10.10.100.133.1883 > 10.10.100.128.38566: Flags [S.], seq 280247291, ack 3827512404, win 28960, options [mss 1460,sackOK,TS val 412054293 ecr 410827954,nop,wscale 7], length 0
23:33:26.884249 IP 10.10.100.128.38566 > 10.10.100.133.1883: Flags [.], ack 1, win 457, options [nop,nop,TS val 410827958 ecr 412054293], length 0
23:33:26.884256 IP 10.10.100.128.38566 > 10.10.100.133.1883: Flags [P.], seq 1:37, ack 1, win 457, options [nop,nop,TS val 410827958 ecr 412054293], length 36
23:33:26.885163 IP 10.10.100.133.1883 > 10.10.100.128.38566: Flags [.], ack 37, win 227, options [nop,nop,TS val 412054297 ecr 410827958], length 0
23:33:26.889804 IP 10.10.100.133.1883 > 10.10.100.128.38566: Flags [P.], seq 1:5, ack 37, win 227, options [nop,nop,TS val 412054298 ecr 410827958], length 4
23:33:26.903160 IP 10.10.100.128.38566 > 10.10.100.133.1883: Flags [.], ack 5, win 457, options [nop,nop,TS val 410827962 ecr 412054298], length 0
23:33:26.903167 IP 10.10.100.128.38566 > 10.10.100.133.1883: Flags [P.], seq 37:452, ack 5, win 457, options [nop,nop,TS val 410827962 ecr 412054298], length 415
23:33:26.903168 IP 10.10.100.128.38566 > 10.10.100.133.1883: Flags [FP.], seq 452:454, ack 5, win 457, options [nop,nop,TS val 410827962 ecr 412054298], length 2
23:33:26.904312 IP 10.10.100.133.1883 > 10.10.100.128.38566: Flags [.], ack 455, win 235, options [nop,nop,TS val 412054302 ecr 410827962], length 0
23:33:26.947459 IP 10.10.100.133.1883 > 10.10.100.128.38566: Flags [F.], seq 5, ack 455, win 235, options [nop,nop,TS val 412054312 ecr 410827962], length 0
23:33:26.960918 IP 10.10.100.128.38566 > 10.10.100.133.1883: Flags [.], ack 6, win 457, options [nop,nop,TS val 410827977 ecr 412054312], length 0
23:33:27.913863 IP 10.10.100.128.38568 > 10.10.100.133.1883: Flags [S], seq 182184661, win 29200, options [mss 1460,sackOK,TS val 410828215 ecr 0,nop,wscale 6], length 0
23:33:27.914721 IP 10.10.100.133.1883 > 10.10.100.128.38568: Flags [S.], seq 3084619639, ack 182184662, win 28960, options [mss 1460,sackOK,TS val 412054554 ecr 410828215,nop,wscale 7], length 0
23:33:27.927778 IP 10.10.100.128.38568 > 10.10.100.133.1883: Flags [.], ack 1, win 457, options [nop,nop,TS val 410828219 ecr 412054554], length 0
23:33:27.927787 IP 10.10.100.128.38568 > 10.10.100.133.1883: Flags [P.], seq 1:37, ack 1, win 457, options [nop,nop,TS val 410828219 ecr 412054554], length 36
23:33:27.928622 IP 10.10.100.133.1883 > 10.10.100.128.38568: Flags [.], ack 37, win 227, options [nop,nop,TS val 412054558 ecr 410828219], length 0
23:33:27.933016 IP 10.10.100.133.1883 > 10.10.100.128.38568: Flags [P.], seq 1:5, ack 37, win 227, options [nop,nop,TS val 412054559 ecr 410828219], length 4
23:33:27.946605 IP 10.10.100.128.38568 > 10.10.100.133.1883: Flags [.], ack 5, win 457, options [nop,nop,TS val 410828223 ecr 412054559], length 0
23:33:27.946611 IP 10.10.100.128.38568 > 10.10.100.133.1883: Flags [P.], seq 37:452, ack 5, win 457, options [nop,nop,TS val 410828223 ecr 412054559], length 415
23:33:27.946612 IP 10.10.100.128.38568 > 10.10.100.133.1883: Flags [FP.], seq 452:454, ack 5, win 457, options [nop,nop,TS val 410828223 ecr 412054559], length 2
23:33:27.947810 IP 10.10.100.133.1883 > 10.10.100.128.38568: Flags [.], ack 455, win 235, options [nop,nop,TS val 412054562 ecr 410828223], length 0
23:33:27.972253 IP 10.10.100.133.1883 > 10.10.100.128.38568: Flags [F.], seq 5, ack 455, win 235, options [nop,nop,TS val 412054569 ecr 410828223], length 0
23:33:27.985706 IP 10.10.100.128.38568 > 10.10.100.133.1883: Flags [.], ack 6, win 457, options [nop,nop,TS val 410828233 ecr 412054569], length 0
23:33:28.967028 IP 10.10.100.128.38570 > 10.10.100.133.1883: Flags [S], seq 816230131, win 29200, options [mss 1460,sackOK,TS val 410828478 ecr 0,nop,wscale 6], length 0
23:33:28.968513 IP 10.10.100.133.1883 > 10.10.100.128.38570: Flags [S.], seq 3558189115, ack 816230132, win 28960, options [mss 1460,sackOK,TS val 412054817 ecr 410828478,nop,wscale 7], length 0
23:33:28.981946 IP 10.10.100.128.38570 > 10.10.100.133.1883: Flags [.], ack 1, win 457, options [nop,nop,TS val 410828482 ecr 412054817], length 0
23:33:28.981958 IP 10.10.100.128.38570 > 10.10.100.133.1883: Flags [P.], seq 1:37, ack 1, win 457, options [nop,nop,TS val 410828482 ecr 412054817], length 36
23:33:28.983349 IP 10.10.100.133.1883 > 10.10.100.128.38570: Flags [.], ack 37, win 227, options [nop,nop,TS val 412054821 ecr 410828482], length 0
23:33:28.998057 IP 10.10.100.133.1883 > 10.10.100.128.38570: Flags [P.], seq 1:5, ack 37, win 227, options [nop,nop,TS val 412054825 ecr 410828482], length 4
23:33:29.010755 IP 10.10.100.128.38570 > 10.10.100.133.1883: Flags [.], ack 5, win 457, options [nop,nop,TS val 410828489 ecr 412054825], length 0
23:33:29.011039 IP 10.10.100.128.38570 > 10.10.100.133.1883: Flags [P.], seq 37:453, ack 5, win 457, options [nop,nop,TS val 410828489 ecr 412054825], length 416
23:33:29.011045 IP 10.10.100.128.38570 > 10.10.100.133.1883: Flags [FP.], seq 453:455, ack 5, win 457, options [nop,nop,TS val 410828489 ecr 412054825], length 2
23:33:29.012187 IP 10.10.100.133.1883 > 10.10.100.128.38570: Flags [.], ack 456, win 235, options [nop,nop,TS val 412054828 ecr 410828489], length 0
23:33:29.029659 IP 10.10.100.133.1883 > 10.10.100.128.38570: Flags [F.], seq 5, ack 456, win 235, options [nop,nop,TS val 412054833 ecr 410828489], length 0
23:33:29.042851 IP 10.10.100.128.38570 > 10.10.100.133.1883: Flags [.], ack 6, win 457, options [nop,nop,TS val 410828497 ecr 412054833], length 0
23:33:30.048091 IP 10.10.100.128.38572 > 10.10.100.133.1883: Flags [S], seq 1467688921, win 29200, options [mss 1460,sackOK,TS val 410828749 ecr 0,nop,wscale 6], length 0
23:33:30.049809 IP 10.10.100.133.1883 > 10.10.100.128.38572: Flags [S.], seq 260035085, ack 1467688922, win 28960, options [mss 1460,sackOK,TS val 412055088 ecr 410828749,nop,wscale 7], length 0
23:33:30.063656 IP 10.10.100.128.38572 > 10.10.100.133.1883: Flags [.], ack 1, win 457, options [nop,nop,TS val 410828752 ecr 412055088], length 0
23:33:30.063666 IP 10.10.100.128.38572 > 10.10.100.133.1883: Flags [P.], seq 1:37, ack 1, win 457, options [nop,nop,TS val 410828752 ecr 412055088], length 36
23:33:30.064756 IP 10.10.100.133.1883 > 10.10.100.128.38572: Flags [.], ack 37, win 227, options [nop,nop,TS val 412055092 ecr 410828752], length 0
23:33:30.077281 IP 10.10.100.133.1883 > 10.10.100.128.38572: Flags [P.], seq 1:5, ack 37, win 227, options [nop,nop,TS val 412055095 ecr 410828752], length 4
23:33:30.090893 IP 10.10.100.128.38572 > 10.10.100.133.1883: Flags [.], ack 5, win 457, options [nop,nop,TS val 410828759 ecr 412055095], length 0
23:33:30.090905 IP 10.10.100.128.38572 > 10.10.100.133.1883: Flags [P.], seq 37:453, ack 5, win 457, options [nop,nop,TS val 410828759 ecr 412055095], length 416
23:33:30.090907 IP 10.10.100.128.38572 > 10.10.100.133.1883: Flags [FP.], seq 453:455, ack 5, win 457, options [nop,nop,TS val 410828759 ecr 412055095], length 2
23:33:30.092895 IP 10.10.100.133.1883 > 10.10.100.128.38572: Flags [.], ack 456, win 235, options [nop,nop,TS val 412055099 ecr 410828759], length 0
23:33:30.101607 IP 10.10.100.133.1883 > 10.10.100.128.38572: Flags [F.], seq 5, ack 456, win 235, options [nop,nop,TS val 412055101 ecr 410828759], length 0
23:33:30.114613 IP 10.10.100.128.38572 > 10.10.100.133.1883: Flags [.], ack 6, win 457, options [nop,nop,TS val 410828765 ecr 412055101], length 0
23:33:31.111321 IP 10.10.100.128.38574 > 10.10.100.133.1883: Flags [S], seq 2766670857, win 29200, options [mss 1460,sackOK,TS val 410829014 ecr 0,nop,wscale 6], length 0
23:33:31.112376 IP 10.10.100.133.1883 > 10.10.100.128.38574: Flags [S.], seq 938993749, ack 2766670858, win 28960, options [mss 1460,sackOK,TS val 412055354 ecr 410829014,nop,wscale 7], length 0
23:33:31.125305 IP 10.10.100.128.38574 > 10.10.100.133.1883: Flags [.], ack 1, win 457, options [nop,nop,TS val 410829018 ecr 412055354], length 0
23:33:31.125319 IP 10.10.100.128.38574 > 10.10.100.133.1883: Flags [P.], seq 1:37, ack 1, win 457, options [nop,nop,TS val 410829018 ecr 412055354], length 36
23:33:31.126557 IP 10.10.100.133.1883 > 10.10.100.128.38574: Flags [.], ack 37, win 227, options [nop,nop,TS val 412055357 ecr 410829018], length 0
23:33:31.134754 IP 10.10.100.133.1883 > 10.10.100.128.38574: Flags [P.], seq 1:5, ack 37, win 227, options [nop,nop,TS val 412055359 ecr 410829018], length 4
23:33:31.148171 IP 10.10.100.128.38574 > 10.10.100.133.1883: Flags [.], ack 5, win 457, options [nop,nop,TS val 410829024 ecr 412055359], length 0
23:33:31.148185 IP 10.10.100.128.38574 > 10.10.100.133.1883: Flags [P.], seq 37:452, ack 5, win 457, options [nop,nop,TS val 410829024 ecr 412055359], length 415
23:33:31.148187 IP 10.10.100.128.38574 > 10.10.100.133.1883: Flags [FP.], seq 452:454, ack 5, win 457, options [nop,nop,TS val 410829024 ecr 412055359], length 2
23:33:31.149849 IP 10.10.100.133.1883 > 10.10.100.128.38574: Flags [.], ack 455, win 235, options [nop,nop,TS val 412055363 ecr 410829024], length 0
23:33:31.157371 IP 10.10.100.133.1883 > 10.10.100.128.38574: Flags [F.], seq 5, ack 455, win 235, options [nop,nop,TS val 412055365 ecr 410829024], length 0
23:33:31.170262 IP 10.10.100.128.38574 > 10.10.100.133.1883: Flags [.], ack 6, win 457, options [nop,nop,TS val 410829029 ecr 412055365], length 0
23:33:32.165628 IP 10.10.100.128.38576 > 10.10.100.133.1883: Flags [S], seq 1581916805, win 29200, options [mss 1460,sackOK,TS val 410829278 ecr 0,nop,wscale 6], length 0
23:33:32.166681 IP 10.10.100.133.1883 > 10.10.100.128.38576: Flags [S.], seq 752374074, ack 1581916806, win 28960, options [mss 1460,sackOK,TS val 412055617 ecr 410829278,nop,wscale 7], length 0
23:33:32.179811 IP 10.10.100.128.38576 > 10.10.100.133.1883: Flags [.], ack 1, win 457, options [nop,nop,TS val 410829282 ecr 412055617], length 0
23:33:32.179819 IP 10.10.100.128.38576 > 10.10.100.133.1883: Flags [P.], seq 1:37, ack 1, win 457, options [nop,nop,TS val 410829282 ecr 412055617], length 36
23:33:32.180670 IP 10.10.100.133.1883 > 10.10.100.128.38576: Flags [.], ack 37, win 227, options [nop,nop,TS val 412055621 ecr 410829282], length 0
23:33:32.187932 IP 10.10.100.133.1883 > 10.10.100.128.38576: Flags [P.], seq 1:5, ack 37, win 227, options [nop,nop,TS val 412055622 ecr 410829282], length 4
23:33:32.200860 IP 10.10.100.128.38576 > 10.10.100.133.1883: Flags [.], ack 5, win 457, options [nop,nop,TS val 410829287 ecr 412055622], length 0
23:33:32.200868 IP 10.10.100.128.38576 > 10.10.100.133.1883: Flags [P.], seq 37:453, ack 5, win 457, options [nop,nop,TS val 410829287 ecr 412055622], length 416
23:33:32.200870 IP 10.10.100.128.38576 > 10.10.100.133.1883: Flags [FP.], seq 453:455, ack 5, win 457, options [nop,nop,TS val 410829287 ecr 412055622], length 2
23:33:32.202081 IP 10.10.100.133.1883 > 10.10.100.128.38576: Flags [.], ack 456, win 235, options [nop,nop,TS val 412055626 ecr 410829287], length 0
23:33:32.207291 IP 10.10.100.133.1883 > 10.10.100.128.38576: Flags [F.], seq 5, ack 456, win 235, options [nop,nop,TS val 412055627 ecr 410829287], length 0
23:33:32.220668 IP 10.10.100.128.38576 > 10.10.100.133.1883: Flags [.], ack 6, win 457, options [nop,nop,TS val 410829292 ecr 412055627], length 0
23:33:33.211572 IP 10.10.100.128.38578 > 10.10.100.133.1883: Flags [S], seq 2446770231, win 29200, options [mss 1460,sackOK,TS val 410829539 ecr 0,nop,wscale 6], length 0
23:33:33.212326 IP 10.10.100.133.1883 > 10.10.100.128.38578: Flags [S.], seq 1848421973, ack 2446770232, win 28960, options [mss 1460,sackOK,TS val 412055878 ecr 410829539,nop,wscale 7], length 0
23:33:33.225258 IP 10.10.100.128.38578 > 10.10.100.133.1883: Flags [.], ack 1, win 457, options [nop,nop,TS val 410829543 ecr 412055878], length 0
23:33:33.225262 IP 10.10.100.128.38578 > 10.10.100.133.1883: Flags [P.], seq 1:37, ack 1, win 457, options [nop,nop,TS val 410829543 ecr 412055878], length 36
23:33:33.225838 IP 10.10.100.133.1883 > 10.10.100.128.38578: Flags [.], ack 37, win 227, options [nop,nop,TS val 412055882 ecr 410829543], length 0
23:33:33.230358 IP 10.10.100.133.1883 > 10.10.100.128.38578: Flags [P.], seq 1:5, ack 37, win 227, options [nop,nop,TS val 412055883 ecr 410829543], length 4
23:33:33.243156 IP 10.10.100.128.38578 > 10.10.100.133.1883: Flags [.], ack 5, win 457, options [nop,nop,TS val 410829547 ecr 412055883], length 0
23:33:33.243162 IP 10.10.100.128.38578 > 10.10.100.133.1883: Flags [P.], seq 37:453, ack 5, win 457, options [nop,nop,TS val 410829548 ecr 412055883], length 416
23:33:33.243163 IP 10.10.100.128.38578 > 10.10.100.133.1883: Flags [FP.], seq 453:455, ack 5, win 457, options [nop,nop,TS val 410829548 ecr 412055883], length 2
23:33:33.243942 IP 10.10.100.133.1883 > 10.10.100.128.38578: Flags [.], ack 456, win 235, options [nop,nop,TS val 412055886 ecr 410829548], length 0
23:33:33.246113 IP 10.10.100.133.1883 > 10.10.100.128.38578: Flags [F.], seq 5, ack 456, win 235, options [nop,nop,TS val 412055887 ecr 410829548], length 0
23:33:33.259138 IP 10.10.100.128.38578 > 10.10.100.133.1883: Flags [.], ack 6, win 457, options [nop,nop,TS val 410829551 ecr 412055887], length 0
23:33:34.264863 IP 10.10.100.128.38580 > 10.10.100.133.1883: Flags [S], seq 3607667443, win 29200, options [mss 1460,sackOK,TS val 410829803 ecr 0,nop,wscale 6], length 0
23:33:34.266847 IP 10.10.100.133.1883 > 10.10.100.128.38580: Flags [S.], seq 3521401167, ack 3607667444, win 28960, options [mss 1460,sackOK,TS val 412056142 ecr 410829803,nop,wscale 7], length 0
23:33:34.279761 IP 10.10.100.128.38580 > 10.10.100.133.1883: Flags [.], ack 1, win 457, options [nop,nop,TS val 410829807 ecr 412056142], length 0
23:33:34.279772 IP 10.10.100.128.38580 > 10.10.100.133.1883: Flags [P.], seq 1:37, ack 1, win 457, options [nop,nop,TS val 410829807 ecr 412056142], length 36
23:33:34.281117 IP 10.10.100.133.1883 > 10.10.100.128.38580: Flags [.], ack 37, win 227, options [nop,nop,TS val 412056146 ecr 410829807], length 0
23:33:34.291215 IP 10.10.100.133.1883 > 10.10.100.128.38580: Flags [P.], seq 1:5, ack 37, win 227, options [nop,nop,TS val 412056148 ecr 410829807], length 4
23:33:34.304643 IP 10.10.100.128.38580 > 10.10.100.133.1883: Flags [.], ack 5, win 457, options [nop,nop,TS val 410829813 ecr 412056148], length 0
23:33:34.304651 IP 10.10.100.128.38580 > 10.10.100.133.1883: Flags [P.], seq 37:453, ack 5, win 457, options [nop,nop,TS val 410829813 ecr 412056148], length 416
23:33:34.304652 IP 10.10.100.128.38580 > 10.10.100.133.1883: Flags [FP.], seq 453:455, ack 5, win 457, options [nop,nop,TS val 410829813 ecr 412056148], length 2
23:33:34.305396 IP 10.10.100.133.1883 > 10.10.100.128.38580: Flags [.], ack 456, win 235, options [nop,nop,TS val 412056152 ecr 410829813], length 0
23:33:34.309134 IP 10.10.100.133.1883 > 10.10.100.128.38580: Flags [F.], seq 5, ack 456, win 235, options [nop,nop,TS val 412056153 ecr 410829813], length 0
23:33:34.322540 IP 10.10.100.128.38580 > 10.10.100.133.1883: Flags [.], ack 6, win 457, options [nop,nop,TS val 410829817 ecr 412056153], length 0
23:33:35.325057 IP 10.10.100.128.38582 > 10.10.100.133.1883: Flags [S], seq 1462670338, win 29200, options [mss 1460,sackOK,TS val 410830068 ecr 0,nop,wscale 6], length 0
23:33:35.326788 IP 10.10.100.133.1883 > 10.10.100.128.38582: Flags [S.], seq 1775299802, ack 1462670339, win 28960, options [mss 1460,sackOK,TS val 412056407 ecr 410830068,nop,wscale 7], length 0
23:33:35.339734 IP 10.10.100.128.38582 > 10.10.100.133.1883: Flags [.], ack 1, win 457, options [nop,nop,TS val 410830072 ecr 412056407], length 0
23:33:35.339748 IP 10.10.100.128.38582 > 10.10.100.133.1883: Flags [P.], seq 1:37, ack 1, win 457, options [nop,nop,TS val 410830072 ecr 412056407], length 36
23:33:35.340938 IP 10.10.100.133.1883 > 10.10.100.128.38582: Flags [.], ack 37, win 227, options [nop,nop,TS val 412056411 ecr 410830072], length 0
23:33:35.349920 IP 10.10.100.133.1883 > 10.10.100.128.38582: Flags [P.], seq 1:5, ack 37, win 227, options [nop,nop,TS val 412056413 ecr 410830072], length 4
23:33:35.363045 IP 10.10.100.128.38582 > 10.10.100.133.1883: Flags [.], ack 5, win 457, options [nop,nop,TS val 410830077 ecr 412056413], length 0
23:33:35.363056 IP 10.10.100.128.38582 > 10.10.100.133.1883: Flags [P.], seq 37:452, ack 5, win 457, options [nop,nop,TS val 410830077 ecr 412056413], length 415
23:33:35.363057 IP 10.10.100.128.38582 > 10.10.100.133.1883: Flags [FP.], seq 452:454, ack 5, win 457, options [nop,nop,TS val 410830077 ecr 412056413], length 2
23:33:35.364711 IP 10.10.100.133.1883 > 10.10.100.128.38582: Flags [.], ack 455, win 235, options [nop,nop,TS val 412056417 ecr 410830077], length 0
23:33:35.371050 IP 10.10.100.133.1883 > 10.10.100.128.38582: Flags [F.], seq 5, ack 455, win 235, options [nop,nop,TS val 412056418 ecr 410830077], length 0
23:33:35.384728 IP 10.10.100.128.38582 > 10.10.100.133.1883: Flags [.], ack 6, win 457, options [nop,nop,TS val 410830083 ecr 412056418], length 0
23:33:36.384984 IP 10.10.100.128.38584 > 10.10.100.133.1883: Flags [S], seq 3603930384, win 29200, options [mss 1460,sackOK,TS val 410830333 ecr 0,nop,wscale 6], length 0
23:33:36.386384 IP 10.10.100.133.1883 > 10.10.100.128.38584: Flags [S.], seq 2610118941, ack 3603930385, win 28960, options [mss 1460,sackOK,TS val 412056672 ecr 410830333,nop,wscale 7], length 0
23:33:36.399933 IP 10.10.100.128.38584 > 10.10.100.133.1883: Flags [.], ack 1, win 457, options [nop,nop,TS val 410830336 ecr 412056672], length 0
23:33:36.399946 IP 10.10.100.128.38584 > 10.10.100.133.1883: Flags [P.], seq 1:37, ack 1, win 457, options [nop,nop,TS val 410830337 ecr 412056672], length 36
23:33:36.401048 IP 10.10.100.133.1883 > 10.10.100.128.38584: Flags [.], ack 37, win 227, options [nop,nop,TS val 412056676 ecr 410830337], length 0
23:33:36.407302 IP 10.10.100.133.1883 > 10.10.100.128.38584: Flags [P.], seq 1:5, ack 37, win 227, options [nop,nop,TS val 412056677 ecr 410830337], length 4
23:33:36.420077 IP 10.10.100.128.38584 > 10.10.100.133.1883: Flags [.], ack 5, win 457, options [nop,nop,TS val 410830342 ecr 412056677], length 0
23:33:36.420894 IP 10.10.100.128.38584 > 10.10.100.133.1883: Flags [P.], seq 37:453, ack 5, win 457, options [nop,nop,TS val 410830342 ecr 412056677], length 416
23:33:36.420902 IP 10.10.100.128.38584 > 10.10.100.133.1883: Flags [FP.], seq 453:455, ack 5, win 457, options [nop,nop,TS val 410830342 ecr 412056677], length 2
23:33:36.422617 IP 10.10.100.133.1883 > 10.10.100.128.38584: Flags [.], ack 456, win 235, options [nop,nop,TS val 412056681 ecr 410830342], length 0
23:33:36.428969 IP 10.10.100.133.1883 > 10.10.100.128.38584: Flags [F.], seq 5, ack 456, win 235, options [nop,nop,TS val 412056683 ecr 410830342], length 0
23:33:36.441899 IP 10.10.100.128.38584 > 10.10.100.133.1883: Flags [.], ack 6, win 457, options [nop,nop,TS val 410830347 ecr 412056683], length 0
23:33:37.443977 IP 10.10.100.128.38586 > 10.10.100.133.1883: Flags [S], seq 938658031, win 29200, options [mss 1460,sackOK,TS val 410830598 ecr 0,nop,wscale 6], length 0
23:33:37.447912 IP 10.10.100.133.1883 > 10.10.100.128.38586: Flags [S.], seq 1965221301, ack 938658032, win 28960, options [mss 1460,sackOK,TS val 412056937 ecr 410830598,nop,wscale 7], length 0
23:33:37.460748 IP 10.10.100.128.38586 > 10.10.100.133.1883: Flags [.], ack 1, win 457, options [nop,nop,TS val 410830602 ecr 412056937], length 0
23:33:37.460759 IP 10.10.100.128.38586 > 10.10.100.133.1883: Flags [P.], seq 1:37, ack 1, win 457, options [nop,nop,TS val 410830602 ecr 412056937], length 36
23:33:37.462159 IP 10.10.100.133.1883 > 10.10.100.128.38586: Flags [.], ack 37, win 227, options [nop,nop,TS val 412056941 ecr 410830602], length 0
23:33:37.473581 IP 10.10.100.133.1883 > 10.10.100.128.38586: Flags [P.], seq 1:5, ack 37, win 227, options [nop,nop,TS val 412056944 ecr 410830602], length 4
23:33:37.486831 IP 10.10.100.128.38586 > 10.10.100.133.1883: Flags [.], ack 5, win 457, options [nop,nop,TS val 410830608 ecr 412056944], length 0
23:33:37.486842 IP 10.10.100.128.38586 > 10.10.100.133.1883: Flags [P.], seq 37:453, ack 5, win 457, options [nop,nop,TS val 410830608 ecr 412056944], length 416
23:33:37.486844 IP 10.10.100.128.38586 > 10.10.100.133.1883: Flags [FP.], seq 453:455, ack 5, win 457, options [nop,nop,TS val 410830608 ecr 412056944], length 2
23:33:37.488954 IP 10.10.100.133.1883 > 10.10.100.128.38586: Flags [.], ack 456, win 235, options [nop,nop,TS val 412056947 ecr 410830608], length 0
23:33:37.495878 IP 10.10.100.133.1883 > 10.10.100.128.38586: Flags [F.], seq 5, ack 456, win 235, options [nop,nop,TS val 412056949 ecr 410830608], length 0
23:33:37.509204 IP 10.10.100.128.38586 > 10.10.100.133.1883: Flags [.], ack 6, win 457, options [nop,nop,TS val 410830614 ecr 412056949], length 0
23:33:38.507313 IP 10.10.100.128.38588 > 10.10.100.133.1883: Flags [S], seq 1098963955, win 29200, options [mss 1460,sackOK,TS val 410830863 ecr 0,nop,wscale 6], length 0
23:33:38.508798 IP 10.10.100.133.1883 > 10.10.100.128.38588: Flags [S.], seq 3527809665, ack 1098963956, win 28960, options [mss 1460,sackOK,TS val 412057203 ecr 410830863,nop,wscale 7], length 0
23:33:38.522241 IP 10.10.100.128.38588 > 10.10.100.133.1883: Flags [.], ack 1, win 457, options [nop,nop,TS val 410830867 ecr 412057203], length 0
23:33:38.522251 IP 10.10.100.128.38588 > 10.10.100.133.1883: Flags [P.], seq 1:37, ack 1, win 457, options [nop,nop,TS val 410830867 ecr 412057203], length 36
23:33:38.523834 IP 10.10.100.133.1883 > 10.10.100.128.38588: Flags [.], ack 37, win 227, options [nop,nop,TS val 412057206 ecr 410830867], length 0
23:33:38.531361 IP 10.10.100.133.1883 > 10.10.100.128.38588: Flags [P.], seq 1:5, ack 37, win 227, options [nop,nop,TS val 412057208 ecr 410830867], length 4
23:33:38.544231 IP 10.10.100.128.38588 > 10.10.100.133.1883: Flags [.], ack 5, win 457, options [nop,nop,TS val 410830873 ecr 412057208], length 0
23:33:38.544556 IP 10.10.100.128.38588 > 10.10.100.133.1883: Flags [P.], seq 37:453, ack 5, win 457, options [nop,nop,TS val 410830873 ecr 412057208], length 416
23:33:38.544561 IP 10.10.100.128.38588 > 10.10.100.133.1883: Flags [FP.], seq 453:455, ack 5, win 457, options [nop,nop,TS val 410830873 ecr 412057208], length 2
23:33:38.545782 IP 10.10.100.133.1883 > 10.10.100.128.38588: Flags [.], ack 456, win 235, options [nop,nop,TS val 412057212 ecr 410830873], length 0
23:33:38.553475 IP 10.10.100.133.1883 > 10.10.100.128.38588: Flags [F.], seq 5, ack 456, win 235, options [nop,nop,TS val 412057214 ecr 410830873], length 0
23:33:38.566744 IP 10.10.100.128.38588 > 10.10.100.133.1883: Flags [.], ack 6, win 457, options [nop,nop,TS val 410830878 ecr 412057214], length 0
23:33:39.568817 IP 10.10.100.128.38590 > 10.10.100.133.1883: Flags [S], seq 3479271420, win 29200, options [mss 1460,sackOK,TS val 410831129 ecr 0,nop,wscale 6], length 0
23:33:39.570128 IP 10.10.100.133.1883 > 10.10.100.128.38590: Flags [S.], seq 54649454, ack 3479271421, win 28960, options [mss 1460,sackOK,TS val 412057468 ecr 410831129,nop,wscale 7], length 0
23:33:39.583482 IP 10.10.100.128.38590 > 10.10.100.133.1883: Flags [.], ack 1, win 457, options [nop,nop,TS val 410831132 ecr 412057468], length 0
23:33:39.583495 IP 10.10.100.128.38590 > 10.10.100.133.1883: Flags [P.], seq 1:37, ack 1, win 457, options [nop,nop,TS val 410831133 ecr 412057468], length 36
23:33:39.584925 IP 10.10.100.133.1883 > 10.10.100.128.38590: Flags [.], ack 37, win 227, options [nop,nop,TS val 412057472 ecr 410831133], length 0
23:33:39.592868 IP 10.10.100.133.1883 > 10.10.100.128.38590: Flags [P.], seq 1:5, ack 37, win 227, options [nop,nop,TS val 412057474 ecr 410831133], length 4
23:33:39.606558 IP 10.10.100.128.38590 > 10.10.100.133.1883: Flags [.], ack 5, win 457, options [nop,nop,TS val 410831138 ecr 412057474], length 0
23:33:39.606569 IP 10.10.100.128.38590 > 10.10.100.133.1883: Flags [P.], seq 37:453, ack 5, win 457, options [nop,nop,TS val 410831138 ecr 412057474], length 416
23:33:39.606571 IP 10.10.100.128.38590 > 10.10.100.133.1883: Flags [FP.], seq 453:455, ack 5, win 457, options [nop,nop,TS val 410831138 ecr 412057474], length 2
23:33:39.609000 IP 10.10.100.133.1883 > 10.10.100.128.38590: Flags [.], ack 456, win 235, options [nop,nop,TS val 412057478 ecr 410831138], length 0
23:33:39.615393 IP 10.10.100.133.1883 > 10.10.100.128.38590: Flags [F.], seq 5, ack 456, win 235, options [nop,nop,TS val 412057479 ecr 410831138], length 0
23:33:39.628396 IP 10.10.100.128.38590 > 10.10.100.133.1883: Flags [.], ack 6, win 457, options [nop,nop,TS val 410831144 ecr 412057479], length 0
23:33:40.629272 IP 10.10.100.128.38592 > 10.10.100.133.1883: Flags [S], seq 2106146464, win 29200, options [mss 1460,sackOK,TS val 410831394 ecr 0,nop,wscale 6], length 0
23:33:40.629925 IP 10.10.100.133.1883 > 10.10.100.128.38592: Flags [S.], seq 1032067211, ack 2106146465, win 28960, options [mss 1460,sackOK,TS val 412057733 ecr 410831394,nop,wscale 7], length 0
23:33:40.643753 IP 10.10.100.128.38592 > 10.10.100.133.1883: Flags [.], ack 1, win 457, options [nop,nop,TS val 410831397 ecr 412057733], length 0
23:33:40.643761 IP 10.10.100.128.38592 > 10.10.100.133.1883: Flags [P.], seq 1:37, ack 1, win 457, options [nop,nop,TS val 410831397 ecr 412057733], length 36
23:33:40.644509 IP 10.10.100.133.1883 > 10.10.100.128.38592: Flags [.], ack 37, win 227, options [nop,nop,TS val 412057737 ecr 410831397], length 0
23:33:40.651378 IP 10.10.100.133.1883 > 10.10.100.128.38592: Flags [P.], seq 1:5, ack 37, win 227, options [nop,nop,TS val 412057738 ecr 410831397], length 4
23:33:40.664332 IP 10.10.100.128.38592 > 10.10.100.133.1883: Flags [.], ack 5, win 457, options [nop,nop,TS val 410831403 ecr 412057738], length 0
23:33:40.664341 IP 10.10.100.128.38592 > 10.10.100.133.1883: Flags [P.], seq 37:452, ack 5, win 457, options [nop,nop,TS val 410831403 ecr 412057738], length 415
23:33:40.664342 IP 10.10.100.128.38592 > 10.10.100.133.1883: Flags [FP.], seq 452:454, ack 5, win 457, options [nop,nop,TS val 410831403 ecr 412057738], length 2
23:33:40.665233 IP 10.10.100.133.1883 > 10.10.100.128.38592: Flags [.], ack 455, win 235, options [nop,nop,TS val 412057742 ecr 410831403], length 0
23:33:40.672574 IP 10.10.100.133.1883 > 10.10.100.128.38592: Flags [F.], seq 5, ack 455, win 235, options [nop,nop,TS val 412057744 ecr 410831403], length 0
23:33:40.686109 IP 10.10.100.128.38592 > 10.10.100.133.1883: Flags [.], ack 6, win 457, options [nop,nop,TS val 410831408 ecr 412057744], length 0
23:33:41.672864 IP 10.10.100.128.38594 > 10.10.100.133.1883: Flags [S], seq 1040850713, win 29200, options [mss 1460,sackOK,TS val 410831655 ecr 0,nop,wscale 6], length 0
23:33:41.673308 IP 10.10.100.133.1883 > 10.10.100.128.38594: Flags [S.], seq 332792922, ack 1040850714, win 28960, options [mss 1460,sackOK,TS val 412057994 ecr 410831655,nop,wscale 7], length 0
23:33:41.686772 IP 10.10.100.128.38594 > 10.10.100.133.1883: Flags [.], ack 1, win 457, options [nop,nop,TS val 410831658 ecr 412057994], length 0
23:33:41.686777 IP 10.10.100.128.38594 > 10.10.100.133.1883: Flags [P.], seq 1:37, ack 1, win 457, options [nop,nop,TS val 410831658 ecr 412057994], length 36
23:33:41.687158 IP 10.10.100.133.1883 > 10.10.100.128.38594: Flags [.], ack 37, win 227, options [nop,nop,TS val 412057997 ecr 410831658], length 0
23:33:41.690852 IP 10.10.100.133.1883 > 10.10.100.128.38594: Flags [P.], seq 1:5, ack 37, win 227, options [nop,nop,TS val 412057998 ecr 410831658], length 4
23:33:41.703974 IP 10.10.100.128.38594 > 10.10.100.133.1883: Flags [.], ack 5, win 457, options [nop,nop,TS val 410831663 ecr 412057998], length 0
23:33:41.703983 IP 10.10.100.128.38594 > 10.10.100.133.1883: Flags [P.], seq 37:453, ack 5, win 457, options [nop,nop,TS val 410831663 ecr 412057998], length 416
23:33:41.703984 IP 10.10.100.128.38594 > 10.10.100.133.1883: Flags [FP.], seq 453:455, ack 5, win 457, options [nop,nop,TS val 410831663 ecr 412057998], length 2
23:33:41.704769 IP 10.10.100.133.1883 > 10.10.100.128.38594: Flags [.], ack 456, win 235, options [nop,nop,TS val 412058002 ecr 410831663], length 0
23:33:41.707882 IP 10.10.100.133.1883 > 10.10.100.128.38594: Flags [F.], seq 5, ack 456, win 235, options [nop,nop,TS val 412058003 ecr 410831663], length 0
23:33:41.720776 IP 10.10.100.128.38594 > 10.10.100.133.1883: Flags [.], ack 6, win 457, options [nop,nop,TS val 410831667 ecr 412058003], length 0
23:33:42.714795 IP 10.10.100.128.38596 > 10.10.100.133.1883: Flags [S], seq 3813374698, win 29200, options [mss 1460,sackOK,TS val 410831915 ecr 0,nop,wscale 6], length 0
23:33:42.715645 IP 10.10.100.133.1883 > 10.10.100.128.38596: Flags [S.], seq 2940163378, ack 3813374699, win 28960, options [mss 1460,sackOK,TS val 412058254 ecr 410831915,nop,wscale 7], length 0
23:33:42.728663 IP 10.10.100.128.38596 > 10.10.100.133.1883: Flags [.], ack 1, win 457, options [nop,nop,TS val 410831919 ecr 412058254], length 0
23:33:42.728670 IP 10.10.100.128.38596 > 10.10.100.133.1883: Flags [P.], seq 1:37, ack 1, win 457, options [nop,nop,TS val 410831919 ecr 412058254], length 36
23:33:42.729681 IP 10.10.100.133.1883 > 10.10.100.128.38596: Flags [.], ack 37, win 227, options [nop,nop,TS val 412058258 ecr 410831919], length 0
23:33:42.756836 IP 10.10.100.133.1883 > 10.10.100.128.38596: Flags [P.], seq 1:5, ack 37, win 227, options [nop,nop,TS val 412058265 ecr 410831919], length 4
23:33:42.770560 IP 10.10.100.128.38596 > 10.10.100.133.1883: Flags [.], ack 5, win 457, options [nop,nop,TS val 410831929 ecr 412058265], length 0
23:33:42.770567 IP 10.10.100.128.38596 > 10.10.100.133.1883: Flags [P.], seq 37:453, ack 5, win 457, options [nop,nop,TS val 410831929 ecr 412058265], length 416
23:33:42.770568 IP 10.10.100.128.38596 > 10.10.100.133.1883: Flags [FP.], seq 453:455, ack 5, win 457, options [nop,nop,TS val 410831929 ecr 412058265], length 2
23:33:42.771703 IP 10.10.100.133.1883 > 10.10.100.128.38596: Flags [.], ack 456, win 235, options [nop,nop,TS val 412058268 ecr 410831929], length 0
23:33:42.775252 IP 10.10.100.133.1883 > 10.10.100.128.38596: Flags [F.], seq 5, ack 456, win 235, options [nop,nop,TS val 412058269 ecr 410831929], length 0
23:33:42.788329 IP 10.10.100.128.38596 > 10.10.100.133.1883: Flags [.], ack 6, win 457, options [nop,nop,TS val 410831934 ecr 412058269], length 0
23:33:43.791838 IP 10.10.100.128.38598 > 10.10.100.133.1883: Flags [S], seq 4083022856, win 29200, options [mss 1460,sackOK,TS val 410832185 ecr 0,nop,wscale 6], length 0
23:33:43.792394 IP 10.10.100.133.1883 > 10.10.100.128.38598: Flags [S.], seq 3468824546, ack 4083022857, win 28960, options [mss 1460,sackOK,TS val 412058524 ecr 410832185,nop,wscale 7], length 0
23:33:43.806003 IP 10.10.100.128.38598 > 10.10.100.133.1883: Flags [.], ack 1, win 457, options [nop,nop,TS val 410832188 ecr 412058524], length 0
23:33:43.806008 IP 10.10.100.128.38598 > 10.10.100.133.1883: Flags [P.], seq 1:37, ack 1, win 457, options [nop,nop,TS val 410832188 ecr 412058524], length 36
23:33:43.806562 IP 10.10.100.133.1883 > 10.10.100.128.38598: Flags [.], ack 37, win 227, options [nop,nop,TS val 412058527 ecr 410832188], length 0
23:33:43.899350 IP 10.10.100.133.1883 > 10.10.100.128.38598: Flags [P.], seq 1:5, ack 37, win 227, options [nop,nop,TS val 412058550 ecr 410832188], length 4
23:33:43.912167 IP 10.10.100.128.38598 > 10.10.100.133.1883: Flags [.], ack 5, win 457, options [nop,nop,TS val 410832215 ecr 412058550], length 0
23:33:43.912441 IP 10.10.100.128.38598 > 10.10.100.133.1883: Flags [P.], seq 37:452, ack 5, win 457, options [nop,nop,TS val 410832215 ecr 412058550], length 415
23:33:43.912446 IP 10.10.100.128.38598 > 10.10.100.133.1883: Flags [FP.], seq 452:454, ack 5, win 457, options [nop,nop,TS val 410832215 ecr 412058550], length 2
23:33:43.913606 IP 10.10.100.133.1883 > 10.10.100.128.38598: Flags [.], ack 452, win 235, options [nop,nop,TS val 412058554 ecr 410832215], length 0
23:33:43.923586 IP 10.10.100.133.1883 > 10.10.100.128.38598: Flags [F.], seq 5, ack 455, win 235, options [nop,nop,TS val 412058556 ecr 410832215], length 0
23:33:43.936961 IP 10.10.100.128.38598 > 10.10.100.133.1883: Flags [.], ack 6, win 457, options [nop,nop,TS val 410832221 ecr 412058556], length 0
23:33:44.936195 IP 10.10.100.128.38600 > 10.10.100.133.1883: Flags [S], seq 273394678, win 29200, options [mss 1460,sackOK,TS val 410832470 ecr 0,nop,wscale 6], length 0
23:33:44.937639 IP 10.10.100.133.1883 > 10.10.100.128.38600: Flags [S.], seq 3309613531, ack 273394679, win 28960, options [mss 1460,sackOK,TS val 412058810 ecr 410832470,nop,wscale 7], length 0
23:33:44.950424 IP 10.10.100.128.38600 > 10.10.100.133.1883: Flags [.], ack 1, win 457, options [nop,nop,TS val 410832474 ecr 412058810], length 0
23:33:44.950682 IP 10.10.100.128.38600 > 10.10.100.133.1883: Flags [P.], seq 1:37, ack 1, win 457, options [nop,nop,TS val 410832474 ecr 412058810], length 36
23:33:44.951710 IP 10.10.100.133.1883 > 10.10.100.128.38600: Flags [.], ack 37, win 227, options [nop,nop,TS val 412058813 ecr 410832474], length 0
23:33:44.960276 IP 10.10.100.133.1883 > 10.10.100.128.38600: Flags [P.], seq 1:5, ack 37, win 227, options [nop,nop,TS val 412058815 ecr 410832474], length 4
23:33:44.973284 IP 10.10.100.128.38600 > 10.10.100.133.1883: Flags [.], ack 5, win 457, options [nop,nop,TS val 410832480 ecr 412058815], length 0
23:33:44.973295 IP 10.10.100.128.38600 > 10.10.100.133.1883: Flags [P.], seq 37:453, ack 5, win 457, options [nop,nop,TS val 410832480 ecr 412058815], length 416
23:33:44.973296 IP 10.10.100.128.38600 > 10.10.100.133.1883: Flags [FP.], seq 453:455, ack 5, win 457, options [nop,nop,TS val 410832480 ecr 412058815], length 2
23:33:44.991635 IP 10.10.100.133.1883 > 10.10.100.128.38600: Flags [.], ack 456, win 235, options [nop,nop,TS val 412058823 ecr 410832480], length 0
23:33:44.993888 IP 10.10.100.133.1883 > 10.10.100.128.38600: Flags [F.], seq 5, ack 456, win 235, options [nop,nop,TS val 412058824 ecr 410832480], length 0
23:33:45.004126 IP 10.10.100.128.38600 > 10.10.100.133.1883: Flags [FP.], seq 453:455, ack 5, win 457, options [nop,nop,TS val 410832488 ecr 412058815], length 2
23:33:45.004627 IP 10.10.100.133.1883 > 10.10.100.128.38600: Flags [.], ack 456, win 235, options [nop,nop,TS val 412058827 ecr 410832488,nop,nop,sack 1 {453:456}], length 0
23:33:45.007080 IP 10.10.100.128.38600 > 10.10.100.133.1883: Flags [.], ack 6, win 457, options [nop,nop,TS val 410832488 ecr 412058824], length 0
23:33:45.996711 IP 10.10.100.128.38602 > 10.10.100.133.1883: Flags [S], seq 1260390706, win 29200, options [mss 1460,sackOK,TS val 410832736 ecr 0,nop,wscale 6], length 0
23:33:45.997944 IP 10.10.100.133.1883 > 10.10.100.128.38602: Flags [S.], seq 716622764, ack 1260390707, win 28960, options [mss 1460,sackOK,TS val 412059075 ecr 410832736,nop,wscale 7], length 0
23:33:46.010661 IP 10.10.100.128.38602 > 10.10.100.133.1883: Flags [.], ack 1, win 457, options [nop,nop,TS val 410832739 ecr 412059075], length 0
23:33:46.010925 IP 10.10.100.128.38602 > 10.10.100.133.1883: Flags [P.], seq 1:37, ack 1, win 457, options [nop,nop,TS val 410832739 ecr 412059075], length 36
23:33:46.012309 IP 10.10.100.133.1883 > 10.10.100.128.38602: Flags [.], ack 37, win 227, options [nop,nop,TS val 412059079 ecr 410832739], length 0
23:33:46.024739 IP 10.10.100.133.1883 > 10.10.100.128.38602: Flags [P.], seq 1:5, ack 37, win 227, options [nop,nop,TS val 412059082 ecr 410832739], length 4
23:33:46.037732 IP 10.10.100.128.38602 > 10.10.100.133.1883: Flags [.], ack 5, win 457, options [nop,nop,TS val 410832746 ecr 412059082], length 0
23:33:46.037943 IP 10.10.100.128.38602 > 10.10.100.133.1883: Flags [P.], seq 37:453, ack 5, win 457, options [nop,nop,TS val 410832746 ecr 412059082], length 416
23:33:46.037948 IP 10.10.100.128.38602 > 10.10.100.133.1883: Flags [FP.], seq 453:455, ack 5, win 457, options [nop,nop,TS val 410832746 ecr 412059082], length 2
23:33:46.039016 IP 10.10.100.133.1883 > 10.10.100.128.38602: Flags [.], ack 456, win 235, options [nop,nop,TS val 412059085 ecr 410832746], length 0
23:33:46.051802 IP 10.10.100.133.1883 > 10.10.100.128.38602: Flags [F.], seq 5, ack 456, win 235, options [nop,nop,TS val 412059088 ecr 410832746], length 0
23:33:46.064673 IP 10.10.100.128.38602 > 10.10.100.133.1883: Flags [.], ack 6, win 457, options [nop,nop,TS val 410832753 ecr 412059088], length 0
23:33:47.059836 IP 10.10.100.128.38604 > 10.10.100.133.1883: Flags [S], seq 737426117, win 29200, options [mss 1460,sackOK,TS val 410833002 ecr 0,nop,wscale 6], length 0
23:33:47.061078 IP 10.10.100.133.1883 > 10.10.100.128.38604: Flags [S.], seq 3721759410, ack 737426118, win 28960, options [mss 1460,sackOK,TS val 412059341 ecr 410833002,nop,wscale 7], length 0
23:33:47.074702 IP 10.10.100.128.38604 > 10.10.100.133.1883: Flags [.], ack 1, win 457, options [nop,nop,TS val 410833005 ecr 412059341], length 0
23:33:47.074713 IP 10.10.100.128.38604 > 10.10.100.133.1883: Flags [P.], seq 1:37, ack 1, win 457, options [nop,nop,TS val 410833005 ecr 412059341], length 36
23:33:47.076059 IP 10.10.100.133.1883 > 10.10.100.128.38604: Flags [.], ack 37, win 227, options [nop,nop,TS val 412059344 ecr 410833005], length 0
23:33:47.085875 IP 10.10.100.133.1883 > 10.10.100.128.38604: Flags [P.], seq 1:5, ack 37, win 227, options [nop,nop,TS val 412059347 ecr 410833005], length 4
23:33:47.098687 IP 10.10.100.128.38604 > 10.10.100.133.1883: Flags [.], ack 5, win 457, options [nop,nop,TS val 410833011 ecr 412059347], length 0
23:33:47.098972 IP 10.10.100.128.38604 > 10.10.100.133.1883: Flags [P.], seq 37:453, ack 5, win 457, options [nop,nop,TS val 410833011 ecr 412059347], length 416
23:33:47.098977 IP 10.10.100.128.38604 > 10.10.100.133.1883: Flags [FP.], seq 453:455, ack 5, win 457, options [nop,nop,TS val 410833011 ecr 412059347], length 2
23:33:47.100237 IP 10.10.100.133.1883 > 10.10.100.128.38604: Flags [.], ack 456, win 235, options [nop,nop,TS val 412059351 ecr 410833011], length 0
23:33:47.107693 IP 10.10.100.133.1883 > 10.10.100.128.38604: Flags [F.], seq 5, ack 456, win 235, options [nop,nop,TS val 412059352 ecr 410833011], length 0
23:33:47.120579 IP 10.10.100.128.38604 > 10.10.100.133.1883: Flags [.], ack 6, win 457, options [nop,nop,TS val 410833017 ecr 412059352], length 0
23:33:48.120923 IP 10.10.100.128.38606 > 10.10.100.133.1883: Flags [S], seq 2382201062, win 29200, options [mss 1460,sackOK,TS val 410833267 ecr 0,nop,wscale 6], length 0
23:33:48.122377 IP 10.10.100.133.1883 > 10.10.100.128.38606: Flags [S.], seq 427141805, ack 2382201063, win 28960, options [mss 1460,sackOK,TS val 412059606 ecr 410833267,nop,wscale 7], length 0
23:33:48.135795 IP 10.10.100.128.38606 > 10.10.100.133.1883: Flags [.], ack 1, win 457, options [nop,nop,TS val 410833270 ecr 412059606], length 0
23:33:48.135813 IP 10.10.100.128.38606 > 10.10.100.133.1883: Flags [P.], seq 1:37, ack 1, win 457, options [nop,nop,TS val 410833271 ecr 412059606], length 36
23:33:48.137014 IP 10.10.100.133.1883 > 10.10.100.128.38606: Flags [.], ack 37, win 227, options [nop,nop,TS val 412059610 ecr 410833271], length 0
23:33:48.150753 IP 10.10.100.133.1883 > 10.10.100.128.38606: Flags [P.], seq 1:5, ack 37, win 227, options [nop,nop,TS val 412059613 ecr 410833271], length 4
23:33:48.163960 IP 10.10.100.128.38606 > 10.10.100.133.1883: Flags [.], ack 5, win 457, options [nop,nop,TS val 410833278 ecr 412059613], length 0
23:33:48.163971 IP 10.10.100.128.38606 > 10.10.100.133.1883: Flags [P.], seq 37:452, ack 5, win 457, options [nop,nop,TS val 410833278 ecr 412059613], length 415
23:33:48.163973 IP 10.10.100.128.38606 > 10.10.100.133.1883: Flags [FP.], seq 452:454, ack 5, win 457, options [nop,nop,TS val 410833278 ecr 412059613], length 2
23:33:48.165569 IP 10.10.100.133.1883 > 10.10.100.128.38606: Flags [.], ack 455, win 235, options [nop,nop,TS val 412059617 ecr 410833278], length 0
23:33:48.172663 IP 10.10.100.133.1883 > 10.10.100.128.38606: Flags [F.], seq 5, ack 455, win 235, options [nop,nop,TS val 412059619 ecr 410833278], length 0
23:33:48.185605 IP 10.10.100.128.38606 > 10.10.100.133.1883: Flags [.], ack 6, win 457, options [nop,nop,TS val 410833283 ecr 412059619], length 0
23:33:49.186983 IP 10.10.100.128.38608 > 10.10.100.133.1883: Flags [S], seq 3617719092, win 29200, options [mss 1460,sackOK,TS val 410833533 ecr 0,nop,wscale 6], length 0
23:33:49.188200 IP 10.10.100.133.1883 > 10.10.100.128.38608: Flags [S.], seq 1310639399, ack 3617719093, win 28960, options [mss 1460,sackOK,TS val 412059872 ecr 410833533,nop,wscale 7], length 0
23:33:49.201041 IP 10.10.100.128.38608 > 10.10.100.133.1883: Flags [.], ack 1, win 457, options [nop,nop,TS val 410833537 ecr 412059872], length 0
23:33:49.201052 IP 10.10.100.128.38608 > 10.10.100.133.1883: Flags [P.], seq 1:37, ack 1, win 457, options [nop,nop,TS val 410833537 ecr 412059872], length 36
23:33:49.202439 IP 10.10.100.133.1883 > 10.10.100.128.38608: Flags [.], ack 37, win 227, options [nop,nop,TS val 412059876 ecr 410833537], length 0
23:33:49.259011 IP 10.10.100.133.1883 > 10.10.100.128.38608: Flags [P.], seq 1:5, ack 37, win 227, options [nop,nop,TS val 412059890 ecr 410833537], length 4
23:33:49.271931 IP 10.10.100.128.38608 > 10.10.100.133.1883: Flags [.], ack 5, win 457, options [nop,nop,TS val 410833555 ecr 412059890], length 0
23:33:49.271945 IP 10.10.100.128.38608 > 10.10.100.133.1883: Flags [P.], seq 37:453, ack 5, win 457, options [nop,nop,TS val 410833555 ecr 412059890], length 416
23:33:49.271947 IP 10.10.100.128.38608 > 10.10.100.133.1883: Flags [FP.], seq 453:455, ack 5, win 457, options [nop,nop,TS val 410833555 ecr 412059890], length 2
23:33:49.273037 IP 10.10.100.133.1883 > 10.10.100.128.38608: Flags [.], ack 453, win 235, options [nop,nop,TS val 412059894 ecr 410833555], length 0
23:33:49.283890 IP 10.10.100.133.1883 > 10.10.100.128.38608: Flags [F.], seq 5, ack 456, win 235, options [nop,nop,TS val 412059896 ecr 410833555], length 0
23:33:49.296773 IP 10.10.100.128.38608 > 10.10.100.133.1883: Flags [.], ack 6, win 457, options [nop,nop,TS val 410833561 ecr 412059896], length 0
23:33:50.297331 IP 10.10.100.128.38610 > 10.10.100.133.1883: Flags [S], seq 2103992011, win 29200, options [mss 1460,sackOK,TS val 410833811 ecr 0,nop,wscale 6], length 0
23:33:50.298681 IP 10.10.100.133.1883 > 10.10.100.128.38610: Flags [S.], seq 887025874, ack 2103992012, win 28960, options [mss 1460,sackOK,TS val 412060150 ecr 410833811,nop,wscale 7], length 0
23:33:50.312295 IP 10.10.100.128.38610 > 10.10.100.133.1883: Flags [.], ack 1, win 457, options [nop,nop,TS val 410833815 ecr 412060150], length 0
23:33:50.312307 IP 10.10.100.128.38610 > 10.10.100.133.1883: Flags [P.], seq 1:37, ack 1, win 457, options [nop,nop,TS val 410833815 ecr 412060150], length 36
23:33:50.313749 IP 10.10.100.133.1883 > 10.10.100.128.38610: Flags [.], ack 37, win 227, options [nop,nop,TS val 412060154 ecr 410833815], length 0
23:33:50.319096 IP 10.10.100.133.1883 > 10.10.100.128.38610: Flags [P.], seq 1:5, ack 37, win 227, options [nop,nop,TS val 412060155 ecr 410833815], length 4
23:33:50.332157 IP 10.10.100.128.38610 > 10.10.100.133.1883: Flags [.], ack 5, win 457, options [nop,nop,TS val 410833820 ecr 412060155], length 0
23:33:50.332172 IP 10.10.100.128.38610 > 10.10.100.133.1883: Flags [P.], seq 37:453, ack 5, win 457, options [nop,nop,TS val 410833820 ecr 412060155], length 416
23:33:50.332174 IP 10.10.100.128.38610 > 10.10.100.133.1883: Flags [FP.], seq 453:455, ack 5, win 457, options [nop,nop,TS val 410833820 ecr 412060155], length 2
23:33:50.333767 IP 10.10.100.133.1883 > 10.10.100.128.38610: Flags [.], ack 456, win 235, options [nop,nop,TS val 412060159 ecr 410833820], length 0
23:33:50.343408 IP 10.10.100.133.1883 > 10.10.100.128.38610: Flags [F.], seq 5, ack 456, win 235, options [nop,nop,TS val 412060161 ecr 410833820], length 0
23:33:50.356178 IP 10.10.100.128.38610 > 10.10.100.133.1883: Flags [.], ack 6, win 457, options [nop,nop,TS val 410833826 ecr 412060161], length 0
23:33:51.348531 IP 10.10.100.128.38612 > 10.10.100.133.1883: Flags [S], seq 382693779, win 29200, options [mss 1460,sackOK,TS val 410834074 ecr 0,nop,wscale 6], length 0
23:33:51.349365 IP 10.10.100.133.1883 > 10.10.100.128.38612: Flags [S.], seq 3160305399, ack 382693780, win 28960, options [mss 1460,sackOK,TS val 412060413 ecr 410834074,nop,wscale 7], length 0
23:33:51.362464 IP 10.10.100.128.38612 > 10.10.100.133.1883: Flags [.], ack 1, win 457, options [nop,nop,TS val 410834077 ecr 412060413], length 0
23:33:51.362470 IP 10.10.100.128.38612 > 10.10.100.133.1883: Flags [P.], seq 1:37, ack 1, win 457, options [nop,nop,TS val 410834077 ecr 412060413], length 36
23:33:51.363110 IP 10.10.100.133.1883 > 10.10.100.128.38612: Flags [.], ack 37, win 227, options [nop,nop,TS val 412060416 ecr 410834077], length 0
23:33:51.365841 IP 10.10.100.133.1883 > 10.10.100.128.38612: Flags [P.], seq 1:5, ack 37, win 227, options [nop,nop,TS val 412060417 ecr 410834077], length 4
23:33:51.378458 IP 10.10.100.128.38612 > 10.10.100.133.1883: Flags [.], ack 5, win 457, options [nop,nop,TS val 410834081 ecr 412060417], length 0
23:33:51.378625 IP 10.10.100.128.38612 > 10.10.100.133.1883: Flags [P.], seq 37:453, ack 5, win 457, options [nop,nop,TS val 410834081 ecr 412060417], length 416
23:33:51.378663 IP 10.10.100.128.38612 > 10.10.100.133.1883: Flags [FP.], seq 453:455, ack 5, win 457, options [nop,nop,TS val 410834081 ecr 412060417], length 2
23:33:51.379391 IP 10.10.100.133.1883 > 10.10.100.128.38612: Flags [.], ack 456, win 235, options [nop,nop,TS val 412060420 ecr 410834081], length 0
23:33:51.425130 IP 10.10.100.133.1883 > 10.10.100.128.38612: Flags [F.], seq 5, ack 456, win 235, options [nop,nop,TS val 412060432 ecr 410834081], length 0
23:33:51.438332 IP 10.10.100.128.38612 > 10.10.100.133.1883: Flags [.], ack 6, win 457, options [nop,nop,TS val 410834096 ecr 412060432], length 0
23:33:52.387273 IP 10.10.100.128.38614 > 10.10.100.133.1883: Flags [S], seq 447738611, win 29200, options [mss 1460,sackOK,TS val 410834333 ecr 0,nop,wscale 6], length 0
23:33:52.387716 IP 10.10.100.133.1883 > 10.10.100.128.38614: Flags [S.], seq 1334068404, ack 447738612, win 28960, options [mss 1460,sackOK,TS val 412060673 ecr 410834333,nop,wscale 7], length 0
23:33:52.401154 IP 10.10.100.128.38614 > 10.10.100.133.1883: Flags [.], ack 1, win 457, options [nop,nop,TS val 410834337 ecr 412060673], length 0
23:33:52.401159 IP 10.10.100.128.38614 > 10.10.100.133.1883: Flags [P.], seq 1:37, ack 1, win 457, options [nop,nop,TS val 410834337 ecr 412060673], length 36
23:33:52.401622 IP 10.10.100.133.1883 > 10.10.100.128.38614: Flags [.], ack 37, win 227, options [nop,nop,TS val 412060676 ecr 410834337], length 0
23:33:52.405148 IP 10.10.100.133.1883 > 10.10.100.128.38614: Flags [P.], seq 1:5, ack 37, win 227, options [nop,nop,TS val 412060677 ecr 410834337], length 4
23:33:52.418215 IP 10.10.100.128.38614 > 10.10.100.133.1883: Flags [.], ack 5, win 457, options [nop,nop,TS val 410834341 ecr 412060677], length 0
23:33:52.418221 IP 10.10.100.128.38614 > 10.10.100.133.1883: Flags [P.], seq 37:452, ack 5, win 457, options [nop,nop,TS val 410834341 ecr 412060677], length 415
23:33:52.418222 IP 10.10.100.128.38614 > 10.10.100.133.1883: Flags [FP.], seq 452:454, ack 5, win 457, options [nop,nop,TS val 410834341 ecr 412060677], length 2
23:33:52.419000 IP 10.10.100.133.1883 > 10.10.100.128.38614: Flags [.], ack 455, win 235, options [nop,nop,TS val 412060680 ecr 410834341], length 0
23:33:52.428818 IP 10.10.100.133.1883 > 10.10.100.128.38614: Flags [F.], seq 5, ack 455, win 235, options [nop,nop,TS val 412060683 ecr 410834341], length 0
23:33:52.442061 IP 10.10.100.128.38614 > 10.10.100.133.1883: Flags [.], ack 6, win 457, options [nop,nop,TS val 410834347 ecr 412060683], length 0
23:33:53.438601 IP 10.10.100.128.38616 > 10.10.100.133.1883: Flags [S], seq 663337347, win 29200, options [mss 1460,sackOK,TS val 410834596 ecr 0,nop,wscale 6], length 0
23:33:53.439024 IP 10.10.100.133.1883 > 10.10.100.128.38616: Flags [S.], seq 3370288913, ack 663337348, win 28960, options [mss 1460,sackOK,TS val 412060935 ecr 410834596,nop,wscale 7], length 0
23:33:53.452571 IP 10.10.100.128.38616 > 10.10.100.133.1883: Flags [.], ack 1, win 457, options [nop,nop,TS val 410834600 ecr 412060935], length 0
23:33:53.452578 IP 10.10.100.128.38616 > 10.10.100.133.1883: Flags [P.], seq 1:37, ack 1, win 457, options [nop,nop,TS val 410834600 ecr 412060935], length 36
23:33:53.453068 IP 10.10.100.133.1883 > 10.10.100.128.38616: Flags [.], ack 37, win 227, options [nop,nop,TS val 412060939 ecr 410834600], length 0
23:33:53.455305 IP 10.10.100.133.1883 > 10.10.100.128.38616: Flags [P.], seq 1:5, ack 37, win 227, options [nop,nop,TS val 412060939 ecr 410834600], length 4
23:33:53.468510 IP 10.10.100.128.38616 > 10.10.100.133.1883: Flags [.], ack 5, win 457, options [nop,nop,TS val 410834604 ecr 412060939], length 0
23:33:53.468517 IP 10.10.100.128.38616 > 10.10.100.133.1883: Flags [P.], seq 37:452, ack 5, win 457, options [nop,nop,TS val 410834604 ecr 412060939], length 415
23:33:53.468518 IP 10.10.100.128.38616 > 10.10.100.133.1883: Flags [FP.], seq 452:454, ack 5, win 457, options [nop,nop,TS val 410834604 ecr 412060939], length 2
23:33:53.469095 IP 10.10.100.133.1883 > 10.10.100.128.38616: Flags [.], ack 455, win 235, options [nop,nop,TS val 412060943 ecr 410834604], length 0
23:33:53.483399 IP 10.10.100.133.1883 > 10.10.100.128.38616: Flags [F.], seq 5, ack 455, win 235, options [nop,nop,TS val 412060946 ecr 410834604], length 0
23:33:53.496471 IP 10.10.100.128.38616 > 10.10.100.133.1883: Flags [.], ack 6, win 457, options [nop,nop,TS val 410834611 ecr 412060946], length 0
23:33:54.481317 IP 10.10.100.128.38618 > 10.10.100.133.1883: Flags [S], seq 323456410, win 29200, options [mss 1460,sackOK,TS val 410834857 ecr 0,nop,wscale 6], length 0
23:33:54.516163 IP 10.10.100.133.1883 > 10.10.100.128.38618: Flags [S.], seq 2943263499, ack 323456411, win 28960, options [mss 1460,sackOK,TS val 412061202 ecr 410834857,nop,wscale 7], length 0
23:33:54.529266 IP 10.10.100.128.38618 > 10.10.100.133.1883: Flags [.], ack 1, win 457, options [nop,nop,TS val 410834869 ecr 412061202], length 0
23:33:54.529273 IP 10.10.100.128.38618 > 10.10.100.133.1883: Flags [P.], seq 1:37, ack 1, win 457, options [nop,nop,TS val 410834869 ecr 412061202], length 36
23:33:54.529975 IP 10.10.100.133.1883 > 10.10.100.128.38618: Flags [.], ack 37, win 227, options [nop,nop,TS val 412061208 ecr 410834869], length 0
23:33:54.537907 IP 10.10.100.133.1883 > 10.10.100.128.38618: Flags [P.], seq 1:5, ack 37, win 227, options [nop,nop,TS val 412061210 ecr 410834869], length 4
23:33:54.551412 IP 10.10.100.128.38618 > 10.10.100.133.1883: Flags [.], ack 5, win 457, options [nop,nop,TS val 410834874 ecr 412061210], length 0
23:33:54.551419 IP 10.10.100.128.38618 > 10.10.100.133.1883: Flags [P.], seq 37:453, ack 5, win 457, options [nop,nop,TS val 410834874 ecr 412061210], length 416
23:33:54.551420 IP 10.10.100.128.38618 > 10.10.100.133.1883: Flags [FP.], seq 453:455, ack 5, win 457, options [nop,nop,TS val 410834874 ecr 412061210], length 2
23:33:54.552549 IP 10.10.100.133.1883 > 10.10.100.128.38618: Flags [.], ack 456, win 235, options [nop,nop,TS val 412061214 ecr 410834874], length 0
23:33:54.558131 IP 10.10.100.133.1883 > 10.10.100.128.38618: Flags [F.], seq 5, ack 456, win 235, options [nop,nop,TS val 412061215 ecr 410834874], length 0
23:33:54.571118 IP 10.10.100.128.38618 > 10.10.100.133.1883: Flags [.], ack 6, win 457, options [nop,nop,TS val 410834879 ecr 412061215], length 0
23:33:55.558060 IP 10.10.100.128.38620 > 10.10.100.133.1883: Flags [S], seq 1188319519, win 29200, options [mss 1460,sackOK,TS val 410835126 ecr 0,nop,wscale 6], length 0
23:33:55.558504 IP 10.10.100.133.1883 > 10.10.100.128.38620: Flags [S.], seq 2615196448, ack 1188319520, win 28960, options [mss 1460,sackOK,TS val 412061465 ecr 410835126,nop,wscale 7], length 0
23:33:55.572025 IP 10.10.100.128.38620 > 10.10.100.133.1883: Flags [.], ack 1, win 457, options [nop,nop,TS val 410835130 ecr 412061465], length 0
23:33:55.572030 IP 10.10.100.128.38620 > 10.10.100.133.1883: Flags [P.], seq 1:37, ack 1, win 457, options [nop,nop,TS val 410835130 ecr 412061465], length 36
23:33:55.572467 IP 10.10.100.133.1883 > 10.10.100.128.38620: Flags [.], ack 37, win 227, options [nop,nop,TS val 412061469 ecr 410835130], length 0
23:33:55.576575 IP 10.10.100.133.1883 > 10.10.100.128.38620: Flags [P.], seq 1:5, ack 37, win 227, options [nop,nop,TS val 412061470 ecr 410835130], length 4
23:33:55.589185 IP 10.10.100.128.38620 > 10.10.100.133.1883: Flags [.], ack 5, win 457, options [nop,nop,TS val 410835134 ecr 412061470], length 0
23:33:55.589280 IP 10.10.100.128.38620 > 10.10.100.133.1883: Flags [P.], seq 37:453, ack 5, win 457, options [nop,nop,TS val 410835134 ecr 412061470], length 416
23:33:55.589281 IP 10.10.100.128.38620 > 10.10.100.133.1883: Flags [FP.], seq 453:455, ack 5, win 457, options [nop,nop,TS val 410835134 ecr 412061470], length 2
23:33:55.589996 IP 10.10.100.133.1883 > 10.10.100.128.38620: Flags [.], ack 456, win 235, options [nop,nop,TS val 412061473 ecr 410835134], length 0
23:33:55.592259 IP 10.10.100.133.1883 > 10.10.100.128.38620: Flags [F.], seq 5, ack 456, win 235, options [nop,nop,TS val 412061474 ecr 410835134], length 0
23:33:55.605271 IP 10.10.100.128.38620 > 10.10.100.133.1883: Flags [.], ack 6, win 457, options [nop,nop,TS val 410835138 ecr 412061474], length 0
23:33:56.607765 IP 10.10.100.128.38622 > 10.10.100.133.1883: Flags [S], seq 3919424483, win 29200, options [mss 1460,sackOK,TS val 410835388 ecr 0,nop,wscale 6], length 0
23:33:56.608549 IP 10.10.100.133.1883 > 10.10.100.128.38622: Flags [S.], seq 264566444, ack 3919424484, win 28960, options [mss 1460,sackOK,TS val 412061728 ecr 410835388,nop,wscale 7], length 0
23:33:56.621556 IP 10.10.100.128.38622 > 10.10.100.133.1883: Flags [.], ack 1, win 457, options [nop,nop,TS val 410835392 ecr 412061728], length 0
23:33:56.621564 IP 10.10.100.128.38622 > 10.10.100.133.1883: Flags [P.], seq 1:37, ack 1, win 457, options [nop,nop,TS val 410835392 ecr 412061728], length 36
23:33:56.622533 IP 10.10.100.133.1883 > 10.10.100.128.38622: Flags [.], ack 37, win 227, options [nop,nop,TS val 412061731 ecr 410835392], length 0
23:33:56.700155 IP 10.10.100.133.1883 > 10.10.100.128.38622: Flags [P.], seq 1:5, ack 37, win 227, options [nop,nop,TS val 412061751 ecr 410835392], length 4
23:33:56.712765 IP 10.10.100.128.38622 > 10.10.100.133.1883: Flags [.], ack 5, win 457, options [nop,nop,TS val 410835415 ecr 412061751], length 0
23:33:56.712843 IP 10.10.100.128.38622 > 10.10.100.133.1883: Flags [P.], seq 37:452, ack 5, win 457, options [nop,nop,TS val 410835415 ecr 412061751], length 415
23:33:56.712844 IP 10.10.100.128.38622 > 10.10.100.133.1883: Flags [FP.], seq 452:454, ack 5, win 457, options [nop,nop,TS val 410835415 ecr 412061751], length 2
23:33:56.713095 IP 10.10.100.133.1883 > 10.10.100.128.38622: Flags [.], ack 452, win 235, options [nop,nop,TS val 412061754 ecr 410835415], length 0
23:33:56.717619 IP 10.10.100.133.1883 > 10.10.100.128.38622: Flags [F.], seq 5, ack 455, win 235, options [nop,nop,TS val 412061755 ecr 410835415], length 0
23:33:56.730720 IP 10.10.100.128.38622 > 10.10.100.133.1883: Flags [.], ack 6, win 457, options [nop,nop,TS val 410835419 ecr 412061755], length 0
23:33:57.720887 IP 10.10.100.128.38624 > 10.10.100.133.1883: Flags [S], seq 1280608728, win 29200, options [mss 1460,sackOK,TS val 410835667 ecr 0,nop,wscale 6], length 0
23:33:57.721331 IP 10.10.100.133.1883 > 10.10.100.128.38624: Flags [S.], seq 1445277115, ack 1280608729, win 28960, options [mss 1460,sackOK,TS val 412062006 ecr 410835667,nop,wscale 7], length 0
23:33:57.734862 IP 10.10.100.128.38624 > 10.10.100.133.1883: Flags [.], ack 1, win 457, options [nop,nop,TS val 410835670 ecr 412062006], length 0
23:33:57.734867 IP 10.10.100.128.38624 > 10.10.100.133.1883: Flags [P.], seq 1:37, ack 1, win 457, options [nop,nop,TS val 410835670 ecr 412062006], length 36
23:33:57.735374 IP 10.10.100.133.1883 > 10.10.100.128.38624: Flags [.], ack 37, win 227, options [nop,nop,TS val 412062009 ecr 410835670], length 0
23:33:57.740207 IP 10.10.100.133.1883 > 10.10.100.128.38624: Flags [P.], seq 1:5, ack 37, win 227, options [nop,nop,TS val 412062011 ecr 410835670], length 4
23:33:57.753807 IP 10.10.100.128.38624 > 10.10.100.133.1883: Flags [.], ack 5, win 457, options [nop,nop,TS val 410835675 ecr 412062011], length 0
23:33:57.753815 IP 10.10.100.128.38624 > 10.10.100.133.1883: Flags [P.], seq 37:452, ack 5, win 457, options [nop,nop,TS val 410835675 ecr 412062011], length 415
23:33:57.753816 IP 10.10.100.128.38624 > 10.10.100.133.1883: Flags [FP.], seq 452:454, ack 5, win 457, options [nop,nop,TS val 410835675 ecr 412062011], length 2
23:33:57.755174 IP 10.10.100.133.1883 > 10.10.100.128.38624: Flags [.], ack 455, win 235, options [nop,nop,TS val 412062014 ecr 410835675], length 0
23:33:57.760375 IP 10.10.100.133.1883 > 10.10.100.128.38624: Flags [F.], seq 5, ack 455, win 235, options [nop,nop,TS val 412062016 ecr 410835675], length 0
23:33:57.773811 IP 10.10.100.128.38624 > 10.10.100.133.1883: Flags [.], ack 6, win 457, options [nop,nop,TS val 410835680 ecr 412062016], length 0
23:33:58.770612 IP 10.10.100.128.38626 > 10.10.100.133.1883: Flags [S], seq 2103620487, win 29200, options [mss 1460,sackOK,TS val 410835929 ecr 0,nop,wscale 6], length 0
23:33:58.771649 IP 10.10.100.133.1883 > 10.10.100.128.38626: Flags [S.], seq 242806780, ack 2103620488, win 28960, options [mss 1460,sackOK,TS val 412062268 ecr 410835929,nop,wscale 7], length 0
23:33:58.784608 IP 10.10.100.128.38626 > 10.10.100.133.1883: Flags [.], ack 1, win 457, options [nop,nop,TS val 410835933 ecr 412062268], length 0
23:33:58.784618 IP 10.10.100.128.38626 > 10.10.100.133.1883: Flags [P.], seq 1:37, ack 1, win 457, options [nop,nop,TS val 410835933 ecr 412062268], length 36
23:33:58.785693 IP 10.10.100.133.1883 > 10.10.100.128.38626: Flags [.], ack 37, win 227, options [nop,nop,TS val 412062272 ecr 410835933], length 0
23:33:58.810856 IP 10.10.100.133.1883 > 10.10.100.128.38626: Flags [P.], seq 1:5, ack 37, win 227, options [nop,nop,TS val 412062278 ecr 410835933], length 4
23:33:58.824468 IP 10.10.100.128.38626 > 10.10.100.133.1883: Flags [.], ack 5, win 457, options [nop,nop,TS val 410835943 ecr 412062278], length 0
23:33:58.824480 IP 10.10.100.128.38626 > 10.10.100.133.1883: Flags [P.], seq 37:452, ack 5, win 457, options [nop,nop,TS val 410835943 ecr 412062278], length 415
23:33:58.824482 IP 10.10.100.128.38626 > 10.10.100.133.1883: Flags [FP.], seq 452:454, ack 5, win 457, options [nop,nop,TS val 410835943 ecr 412062278], length 2
23:33:58.826271 IP 10.10.100.133.1883 > 10.10.100.128.38626: Flags [.], ack 455, win 235, options [nop,nop,TS val 412062282 ecr 410835943], length 0
23:33:58.841351 IP 10.10.100.133.1883 > 10.10.100.128.38626: Flags [F.], seq 5, ack 455, win 235, options [nop,nop,TS val 412062286 ecr 410835943], length 0
23:33:58.854435 IP 10.10.100.128.38626 > 10.10.100.133.1883: Flags [.], ack 6, win 457, options [nop,nop,TS val 410835950 ecr 412062286], length 0
23:33:59.847236 IP 10.10.100.128.38628 > 10.10.100.133.1883: Flags [S], seq 3760712057, win 29200, options [mss 1460,sackOK,TS val 410836198 ecr 0,nop,wscale 6], length 0
23:33:59.848049 IP 10.10.100.133.1883 > 10.10.100.128.38628: Flags [S.], seq 2103891062, ack 3760712058, win 28960, options [mss 1460,sackOK,TS val 412062538 ecr 410836198,nop,wscale 7], length 0
23:33:59.861200 IP 10.10.100.128.38628 > 10.10.100.133.1883: Flags [.], ack 1, win 457, options [nop,nop,TS val 410836202 ecr 412062538], length 0
23:33:59.861206 IP 10.10.100.128.38628 > 10.10.100.133.1883: Flags [P.], seq 1:37, ack 1, win 457, options [nop,nop,TS val 410836202 ecr 412062538], length 36
23:33:59.861837 IP 10.10.100.133.1883 > 10.10.100.128.38628: Flags [.], ack 37, win 227, options [nop,nop,TS val 412062541 ecr 410836202], length 0
23:33:59.870387 IP 10.10.100.133.1883 > 10.10.100.128.38628: Flags [P.], seq 1:5, ack 37, win 227, options [nop,nop,TS val 412062543 ecr 410836202], length 4
23:33:59.883106 IP 10.10.100.128.38628 > 10.10.100.133.1883: Flags [.], ack 5, win 457, options [nop,nop,TS val 410836208 ecr 412062543], length 0
23:33:59.883112 IP 10.10.100.128.38628 > 10.10.100.133.1883: Flags [P.], seq 37:452, ack 5, win 457, options [nop,nop,TS val 410836208 ecr 412062543], length 415
23:33:59.883203 IP 10.10.100.128.38628 > 10.10.100.133.1883: Flags [FP.], seq 452:454, ack 5, win 457, options [nop,nop,TS val 410836208 ecr 412062543], length 2
23:33:59.883694 IP 10.10.100.133.1883 > 10.10.100.128.38628: Flags [.], ack 455, win 235, options [nop,nop,TS val 412062546 ecr 410836208], length 0
23:33:59.886501 IP 10.10.100.133.1883 > 10.10.100.128.38628: Flags [F.], seq 5, ack 455, win 235, options [nop,nop,TS val 412062547 ecr 410836208], length 0
23:33:59.900058 IP 10.10.100.128.38628 > 10.10.100.133.1883: Flags [.], ack 6, win 457, options [nop,nop,TS val 410836212 ecr 412062547], length 0
23:34:00.901071 IP 10.10.100.128.38630 > 10.10.100.133.1883: Flags [S], seq 2181262704, win 29200, options [mss 1460,sackOK,TS val 410836462 ecr 0,nop,wscale 6], length 0
23:34:00.902375 IP 10.10.100.133.1883 > 10.10.100.128.38630: Flags [S.], seq 284371050, ack 2181262705, win 28960, options [mss 1460,sackOK,TS val 412062801 ecr 410836462,nop,wscale 7], length 0
23:34:00.915307 IP 10.10.100.128.38630 > 10.10.100.133.1883: Flags [.], ack 1, win 457, options [nop,nop,TS val 410836465 ecr 412062801], length 0
23:34:00.915318 IP 10.10.100.128.38630 > 10.10.100.133.1883: Flags [P.], seq 1:37, ack 1, win 457, options [nop,nop,TS val 410836466 ecr 412062801], length 36
23:34:00.916821 IP 10.10.100.133.1883 > 10.10.100.128.38630: Flags [.], ack 37, win 227, options [nop,nop,TS val 412062805 ecr 410836466], length 0
23:34:00.927390 IP 10.10.100.133.1883 > 10.10.100.128.38630: Flags [P.], seq 1:5, ack 37, win 227, options [nop,nop,TS val 412062807 ecr 410836466], length 4
23:34:00.940936 IP 10.10.100.128.38630 > 10.10.100.133.1883: Flags [.], ack 5, win 457, options [nop,nop,TS val 410836472 ecr 412062807], length 0
23:34:00.940948 IP 10.10.100.128.38630 > 10.10.100.133.1883: Flags [P.], seq 37:453, ack 5, win 457, options [nop,nop,TS val 410836472 ecr 412062807], length 416
23:34:00.940951 IP 10.10.100.128.38630 > 10.10.100.133.1883: Flags [FP.], seq 453:455, ack 5, win 457, options [nop,nop,TS val 410836472 ecr 412062807], length 2
23:34:00.956565 IP 10.10.100.133.1883 > 10.10.100.128.38630: Flags [.], ack 456, win 235, options [nop,nop,TS val 412062815 ecr 410836472], length 0
23:34:01.062936 IP 10.10.100.133.1883 > 10.10.100.128.38630: Flags [F.], seq 5, ack 456, win 235, options [nop,nop,TS val 412062841 ecr 410836472], length 0
23:34:01.075549 IP 10.10.100.128.38630 > 10.10.100.133.1883: Flags [.], ack 6, win 457, options [nop,nop,TS val 410836506 ecr 412062841], length 0
23:34:01.960296 IP 10.10.100.128.38632 > 10.10.100.133.1883: Flags [S], seq 2940107791, win 29200, options [mss 1460,sackOK,TS val 410836727 ecr 0,nop,wscale 6], length 0
23:34:01.961337 IP 10.10.100.133.1883 > 10.10.100.128.38632: Flags [S.], seq 3463847994, ack 2940107792, win 28960, options [mss 1460,sackOK,TS val 412063066 ecr 410836727,nop,wscale 7], length 0
23:34:01.974188 IP 10.10.100.128.38632 > 10.10.100.133.1883: Flags [.], ack 1, win 457, options [nop,nop,TS val 410836730 ecr 412063066], length 0
23:34:01.974195 IP 10.10.100.128.38632 > 10.10.100.133.1883: Flags [P.], seq 1:37, ack 1, win 457, options [nop,nop,TS val 410836730 ecr 412063066], length 36
23:34:01.975483 IP 10.10.100.133.1883 > 10.10.100.128.38632: Flags [.], ack 37, win 227, options [nop,nop,TS val 412063069 ecr 410836730], length 0
23:34:01.982399 IP 10.10.100.133.1883 > 10.10.100.128.38632: Flags [P.], seq 1:5, ack 37, win 227, options [nop,nop,TS val 412063071 ecr 410836730], length 4
23:34:01.995968 IP 10.10.100.128.38632 > 10.10.100.133.1883: Flags [.], ack 5, win 457, options [nop,nop,TS val 410836736 ecr 412063071], length 0
23:34:01.995978 IP 10.10.100.128.38632 > 10.10.100.133.1883: Flags [P.], seq 37:454, ack 5, win 457, options [nop,nop,TS val 410836736 ecr 412063071], length 417
23:34:01.995980 IP 10.10.100.128.38632 > 10.10.100.133.1883: Flags [FP.], seq 454:456, ack 5, win 457, options [nop,nop,TS val 410836736 ecr 412063071], length 2
23:34:01.997592 IP 10.10.100.133.1883 > 10.10.100.128.38632: Flags [.], ack 457, win 235, options [nop,nop,TS val 412063075 ecr 410836736], length 0
23:34:02.002644 IP 10.10.100.133.1883 > 10.10.100.128.38632: Flags [F.], seq 5, ack 457, win 235, options [nop,nop,TS val 412063076 ecr 410836736], length 0
23:34:02.015931 IP 10.10.100.128.38632 > 10.10.100.133.1883: Flags [.], ack 6, win 457, options [nop,nop,TS val 410836741 ecr 412063076], length 0
23:34:03.018667 IP 10.10.100.128.38634 > 10.10.100.133.1883: Flags [S], seq 3135420330, win 29200, options [mss 1460,sackOK,TS val 410836991 ecr 0,nop,wscale 6], length 0
23:34:03.019744 IP 10.10.100.133.1883 > 10.10.100.128.38634: Flags [S.], seq 1348339185, ack 3135420331, win 28960, options [mss 1460,sackOK,TS val 412063330 ecr 410836991,nop,wscale 7], length 0
23:34:03.032551 IP 10.10.100.128.38634 > 10.10.100.133.1883: Flags [.], ack 1, win 457, options [nop,nop,TS val 410836995 ecr 412063330], length 0
23:34:03.032848 IP 10.10.100.128.38634 > 10.10.100.133.1883: Flags [P.], seq 1:37, ack 1, win 457, options [nop,nop,TS val 410836995 ecr 412063330], length 36
23:34:03.034051 IP 10.10.100.133.1883 > 10.10.100.128.38634: Flags [.], ack 37, win 227, options [nop,nop,TS val 412063334 ecr 410836995], length 0
23:34:03.043948 IP 10.10.100.133.1883 > 10.10.100.128.38634: Flags [P.], seq 1:5, ack 37, win 227, options [nop,nop,TS val 412063336 ecr 410836995], length 4
23:34:03.056801 IP 10.10.100.128.38634 > 10.10.100.133.1883: Flags [.], ack 5, win 457, options [nop,nop,TS val 410837001 ecr 412063336], length 0
23:34:03.057038 IP 10.10.100.128.38634 > 10.10.100.133.1883: Flags [P.], seq 37:453, ack 5, win 457, options [nop,nop,TS val 410837001 ecr 412063336], length 416
23:34:03.057042 IP 10.10.100.128.38634 > 10.10.100.133.1883: Flags [FP.], seq 453:455, ack 5, win 457, options [nop,nop,TS val 410837001 ecr 412063336], length 2
23:34:03.058813 IP 10.10.100.133.1883 > 10.10.100.128.38634: Flags [.], ack 456, win 235, options [nop,nop,TS val 412063340 ecr 410837001], length 0
23:34:03.067457 IP 10.10.100.133.1883 > 10.10.100.128.38634: Flags [F.], seq 5, ack 456, win 235, options [nop,nop,TS val 412063342 ecr 410837001], length 0
23:34:03.080554 IP 10.10.100.128.38634 > 10.10.100.133.1883: Flags [.], ack 6, win 457, options [nop,nop,TS val 410837007 ecr 412063342], length 0

