23:37:27.172779 IP 10.10.100.135.47480 > 10.10.100.133.1883: Flags [S], seq 3009970415, win 29200, options [mss 1460,sackOK,TS val 409624211 ecr 0,nop,wscale 6], length 0
23:37:27.182307 IP 10.10.100.133.1883 > 10.10.100.135.47480: Flags [S.], seq 2681419255, ack 3009970416, win 28960, options [mss 1460,sackOK,TS val 412115137 ecr 409624211,nop,wscale 7], length 0
23:37:27.195336 IP 10.10.100.135.47480 > 10.10.100.133.1883: Flags [.], ack 1, win 457, options [nop,nop,TS val 409624224 ecr 412115137], length 0
23:37:27.195344 IP 10.10.100.135.47480 > 10.10.100.133.1883: Flags [P.], seq 1:40, ack 1, win 457, options [nop,nop,TS val 409624224 ecr 412115137], length 39
23:37:27.195882 IP 10.10.100.133.1883 > 10.10.100.135.47480: Flags [.], ack 40, win 227, options [nop,nop,TS val 412115140 ecr 409624224], length 0
23:37:27.201016 IP 10.10.100.133.1883 > 10.10.100.135.47480: Flags [P.], seq 1:5, ack 40, win 227, options [nop,nop,TS val 412115141 ecr 409624224], length 4
23:37:27.214259 IP 10.10.100.135.47480 > 10.10.100.133.1883: Flags [.], ack 5, win 457, options [nop,nop,TS val 409624229 ecr 412115141], length 0
23:37:27.214264 IP 10.10.100.135.47480 > 10.10.100.133.1883: Flags [P.], seq 40:422, ack 5, win 457, options [nop,nop,TS val 409624229 ecr 412115141], length 382
23:37:27.214264 IP 10.10.100.135.47480 > 10.10.100.133.1883: Flags [FP.], seq 422:424, ack 5, win 457, options [nop,nop,TS val 409624229 ecr 412115141], length 2
23:37:27.214861 IP 10.10.100.133.1883 > 10.10.100.135.47480: Flags [.], ack 425, win 235, options [nop,nop,TS val 412115145 ecr 409624229], length 0
23:37:27.217927 IP 10.10.100.133.1883 > 10.10.100.135.47480: Flags [F.], seq 5, ack 425, win 235, options [nop,nop,TS val 412115146 ecr 409624229], length 0
23:37:27.231168 IP 10.10.100.135.47480 > 10.10.100.133.1883: Flags [.], ack 6, win 457, options [nop,nop,TS val 409624233 ecr 412115146], length 0
23:37:28.222949 IP 10.10.100.135.47482 > 10.10.100.133.1883: Flags [S], seq 258992704, win 29200, options [mss 1460,sackOK,TS val 409624481 ecr 0,nop,wscale 6], length 0
23:37:28.223551 IP 10.10.100.133.1883 > 10.10.100.135.47482: Flags [S.], seq 1514481696, ack 258992705, win 28960, options [mss 1460,sackOK,TS val 412115397 ecr 409624481,nop,wscale 7], length 0
23:37:28.270937 IP 10.10.100.135.47482 > 10.10.100.133.1883: Flags [.], ack 1, win 457, options [nop,nop,TS val 409624485 ecr 412115397], length 0
23:37:28.270945 IP 10.10.100.135.47482 > 10.10.100.133.1883: Flags [P.], seq 1:40, ack 1, win 457, options [nop,nop,TS val 409624485 ecr 412115397], length 39
23:37:28.276786 IP 10.10.100.133.1883 > 10.10.100.135.47482: Flags [.], ack 40, win 227, options [nop,nop,TS val 412115410 ecr 409624485], length 0
23:37:28.292016 IP 10.10.100.133.1883 > 10.10.100.135.47482: Flags [P.], seq 1:5, ack 40, win 227, options [nop,nop,TS val 412115414 ecr 409624485], length 4
23:37:28.305267 IP 10.10.100.135.47482 > 10.10.100.133.1883: Flags [.], ack 5, win 457, options [nop,nop,TS val 409624502 ecr 412115414], length 0
23:37:28.305274 IP 10.10.100.135.47482 > 10.10.100.133.1883: Flags [P.], seq 40:456, ack 5, win 457, options [nop,nop,TS val 409624502 ecr 412115414], length 416
23:37:28.305275 IP 10.10.100.135.47482 > 10.10.100.133.1883: Flags [FP.], seq 456:458, ack 5, win 457, options [nop,nop,TS val 409624502 ecr 412115414], length 2
23:37:28.305780 IP 10.10.100.133.1883 > 10.10.100.135.47482: Flags [.], ack 459, win 235, options [nop,nop,TS val 412115418 ecr 409624502], length 0
23:37:28.308459 IP 10.10.100.133.1883 > 10.10.100.135.47482: Flags [F.], seq 5, ack 459, win 235, options [nop,nop,TS val 412115418 ecr 409624502], length 0
23:37:28.321218 IP 10.10.100.135.47482 > 10.10.100.133.1883: Flags [.], ack 6, win 457, options [nop,nop,TS val 409624506 ecr 412115418], length 0
23:37:29.316987 IP 10.10.100.135.47484 > 10.10.100.133.1883: Flags [S], seq 3672421179, win 29200, options [mss 1460,sackOK,TS val 409624755 ecr 0,nop,wscale 6], length 0
23:37:29.317744 IP 10.10.100.133.1883 > 10.10.100.135.47484: Flags [S.], seq 2878340574, ack 3672421180, win 28960, options [mss 1460,sackOK,TS val 412115671 ecr 409624755,nop,wscale 7], length 0
23:37:29.330917 IP 10.10.100.135.47484 > 10.10.100.133.1883: Flags [.], ack 1, win 457, options [nop,nop,TS val 409624758 ecr 412115671], length 0
23:37:29.330924 IP 10.10.100.135.47484 > 10.10.100.133.1883: Flags [P.], seq 1:40, ack 1, win 457, options [nop,nop,TS val 409624758 ecr 412115671], length 39
23:37:29.331740 IP 10.10.100.133.1883 > 10.10.100.135.47484: Flags [.], ack 40, win 227, options [nop,nop,TS val 412115674 ecr 409624758], length 0
23:37:29.335396 IP 10.10.100.133.1883 > 10.10.100.135.47484: Flags [P.], seq 1:5, ack 40, win 227, options [nop,nop,TS val 412115675 ecr 409624758], length 4
23:37:29.348872 IP 10.10.100.135.47484 > 10.10.100.133.1883: Flags [.], ack 5, win 457, options [nop,nop,TS val 409624763 ecr 412115675], length 0
23:37:29.348878 IP 10.10.100.135.47484 > 10.10.100.133.1883: Flags [P.], seq 40:456, ack 5, win 457, options [nop,nop,TS val 409624763 ecr 412115675], length 416
23:37:29.348879 IP 10.10.100.135.47484 > 10.10.100.133.1883: Flags [FP.], seq 456:458, ack 5, win 457, options [nop,nop,TS val 409624763 ecr 412115675], length 2
23:37:29.349818 IP 10.10.100.133.1883 > 10.10.100.135.47484: Flags [.], ack 459, win 235, options [nop,nop,TS val 412115679 ecr 409624763], length 0
23:37:29.353666 IP 10.10.100.133.1883 > 10.10.100.135.47484: Flags [F.], seq 5, ack 459, win 235, options [nop,nop,TS val 412115680 ecr 409624763], length 0
23:37:29.366844 IP 10.10.100.135.47484 > 10.10.100.133.1883: Flags [.], ack 6, win 457, options [nop,nop,TS val 409624767 ecr 412115680], length 0
23:37:30.359568 IP 10.10.100.135.47486 > 10.10.100.133.1883: Flags [S], seq 741402876, win 29200, options [mss 1460,sackOK,TS val 409625015 ecr 0,nop,wscale 6], length 0
23:37:30.360242 IP 10.10.100.133.1883 > 10.10.100.135.47486: Flags [S.], seq 3758907732, ack 741402877, win 28960, options [mss 1460,sackOK,TS val 412115931 ecr 409625015,nop,wscale 7], length 0
23:37:30.373577 IP 10.10.100.135.47486 > 10.10.100.133.1883: Flags [.], ack 1, win 457, options [nop,nop,TS val 409625019 ecr 412115931], length 0
23:37:30.373583 IP 10.10.100.135.47486 > 10.10.100.133.1883: Flags [P.], seq 1:40, ack 1, win 457, options [nop,nop,TS val 409625019 ecr 412115931], length 39
23:37:30.376309 IP 10.10.100.133.1883 > 10.10.100.135.47486: Flags [.], ack 40, win 227, options [nop,nop,TS val 412115935 ecr 409625019], length 0
23:37:30.425704 IP 10.10.100.133.1883 > 10.10.100.135.47486: Flags [P.], seq 1:5, ack 40, win 227, options [nop,nop,TS val 412115948 ecr 409625019], length 4
23:37:30.438329 IP 10.10.100.135.47486 > 10.10.100.133.1883: Flags [.], ack 5, win 457, options [nop,nop,TS val 409625035 ecr 412115948], length 0
23:37:30.438465 IP 10.10.100.135.47486 > 10.10.100.133.1883: Flags [P.], seq 40:456, ack 5, win 457, options [nop,nop,TS val 409625035 ecr 412115948], length 416
23:37:30.438564 IP 10.10.100.135.47486 > 10.10.100.133.1883: Flags [FP.], seq 456:458, ack 5, win 457, options [nop,nop,TS val 409625035 ecr 412115948], length 2
23:37:30.439005 IP 10.10.100.133.1883 > 10.10.100.135.47486: Flags [.], ack 456, win 235, options [nop,nop,TS val 412115951 ecr 409625035], length 0
23:37:30.442031 IP 10.10.100.133.1883 > 10.10.100.135.47486: Flags [F.], seq 5, ack 459, win 235, options [nop,nop,TS val 412115952 ecr 409625035], length 0
23:37:30.455268 IP 10.10.100.135.47486 > 10.10.100.133.1883: Flags [.], ack 6, win 457, options [nop,nop,TS val 409625039 ecr 412115952], length 0
23:37:31.450305 IP 10.10.100.135.47488 > 10.10.100.133.1883: Flags [S], seq 1516200980, win 29200, options [mss 1460,sackOK,TS val 409625288 ecr 0,nop,wscale 6], length 0
23:37:31.450954 IP 10.10.100.133.1883 > 10.10.100.135.47488: Flags [S.], seq 1059376157, ack 1516200981, win 28960, options [mss 1460,sackOK,TS val 412116204 ecr 409625288,nop,wscale 7], length 0
23:37:31.463756 IP 10.10.100.135.47488 > 10.10.100.133.1883: Flags [.], ack 1, win 457, options [nop,nop,TS val 409625291 ecr 412116204], length 0
23:37:31.463761 IP 10.10.100.135.47488 > 10.10.100.133.1883: Flags [P.], seq 1:40, ack 1, win 457, options [nop,nop,TS val 409625291 ecr 412116204], length 39
23:37:31.464397 IP 10.10.100.133.1883 > 10.10.100.135.47488: Flags [.], ack 40, win 227, options [nop,nop,TS val 412116207 ecr 409625291], length 0
23:37:31.467583 IP 10.10.100.133.1883 > 10.10.100.135.47488: Flags [P.], seq 1:5, ack 40, win 227, options [nop,nop,TS val 412116208 ecr 409625291], length 4
23:37:31.480613 IP 10.10.100.135.47488 > 10.10.100.133.1883: Flags [.], ack 5, win 457, options [nop,nop,TS val 409625296 ecr 412116208], length 0
23:37:31.480618 IP 10.10.100.135.47488 > 10.10.100.133.1883: Flags [P.], seq 40:456, ack 5, win 457, options [nop,nop,TS val 409625296 ecr 412116208], length 416
23:37:31.480618 IP 10.10.100.135.47488 > 10.10.100.133.1883: Flags [FP.], seq 456:458, ack 5, win 457, options [nop,nop,TS val 409625296 ecr 412116208], length 2
23:37:31.481241 IP 10.10.100.133.1883 > 10.10.100.135.47488: Flags [.], ack 459, win 235, options [nop,nop,TS val 412116212 ecr 409625296], length 0
23:37:31.485200 IP 10.10.100.133.1883 > 10.10.100.135.47488: Flags [F.], seq 5, ack 459, win 235, options [nop,nop,TS val 412116213 ecr 409625296], length 0
23:37:31.509427 IP 10.10.100.135.47488 > 10.10.100.133.1883: Flags [.], ack 6, win 457, options [nop,nop,TS val 409625300 ecr 412116213], length 0
23:37:32.492433 IP 10.10.100.135.47490 > 10.10.100.133.1883: Flags [S], seq 2245452712, win 29200, options [mss 1460,sackOK,TS val 409625549 ecr 0,nop,wscale 6], length 0
23:37:32.493235 IP 10.10.100.133.1883 > 10.10.100.135.47490: Flags [S.], seq 1894754056, ack 2245452713, win 28960, options [mss 1460,sackOK,TS val 412116465 ecr 409625549,nop,wscale 7], length 0
23:37:32.506143 IP 10.10.100.135.47490 > 10.10.100.133.1883: Flags [.], ack 1, win 457, options [nop,nop,TS val 409625552 ecr 412116465], length 0
23:37:32.506150 IP 10.10.100.135.47490 > 10.10.100.133.1883: Flags [P.], seq 1:40, ack 1, win 457, options [nop,nop,TS val 409625552 ecr 412116465], length 39
23:37:32.506774 IP 10.10.100.133.1883 > 10.10.100.135.47490: Flags [.], ack 40, win 227, options [nop,nop,TS val 412116468 ecr 409625552], length 0
23:37:32.518765 IP 10.10.100.133.1883 > 10.10.100.135.47490: Flags [P.], seq 1:5, ack 40, win 227, options [nop,nop,TS val 412116471 ecr 409625552], length 4
23:37:32.532091 IP 10.10.100.135.47490 > 10.10.100.133.1883: Flags [.], ack 5, win 457, options [nop,nop,TS val 409625558 ecr 412116471], length 0
23:37:32.532096 IP 10.10.100.135.47490 > 10.10.100.133.1883: Flags [P.], seq 40:456, ack 5, win 457, options [nop,nop,TS val 409625558 ecr 412116471], length 416
23:37:32.532096 IP 10.10.100.135.47490 > 10.10.100.133.1883: Flags [FP.], seq 456:458, ack 5, win 457, options [nop,nop,TS val 409625558 ecr 412116471], length 2
23:37:32.532829 IP 10.10.100.133.1883 > 10.10.100.135.47490: Flags [.], ack 459, win 235, options [nop,nop,TS val 412116474 ecr 409625558], length 0
23:37:32.541502 IP 10.10.100.133.1883 > 10.10.100.135.47490: Flags [F.], seq 5, ack 459, win 235, options [nop,nop,TS val 412116477 ecr 409625558], length 0
23:37:32.555039 IP 10.10.100.135.47490 > 10.10.100.133.1883: Flags [.], ack 6, win 457, options [nop,nop,TS val 409625564 ecr 412116477], length 0
23:37:33.575357 IP 10.10.100.135.47492 > 10.10.100.133.1883: Flags [S], seq 1234005618, win 29200, options [mss 1460,sackOK,TS val 409625819 ecr 0,nop,wscale 6], length 0
23:37:33.576061 IP 10.10.100.133.1883 > 10.10.100.135.47492: Flags [S.], seq 4041724866, ack 1234005619, win 28960, options [mss 1460,sackOK,TS val 412116735 ecr 409625819,nop,wscale 7], length 0
23:37:33.589372 IP 10.10.100.135.47492 > 10.10.100.133.1883: Flags [.], ack 1, win 457, options [nop,nop,TS val 409625823 ecr 412116735], length 0
23:37:33.589379 IP 10.10.100.135.47492 > 10.10.100.133.1883: Flags [P.], seq 1:40, ack 1, win 457, options [nop,nop,TS val 409625823 ecr 412116735], length 39
23:37:33.590249 IP 10.10.100.133.1883 > 10.10.100.135.47492: Flags [.], ack 40, win 227, options [nop,nop,TS val 412116739 ecr 409625823], length 0
23:37:33.593879 IP 10.10.100.133.1883 > 10.10.100.135.47492: Flags [P.], seq 1:5, ack 40, win 227, options [nop,nop,TS val 412116740 ecr 409625823], length 4
23:37:33.607325 IP 10.10.100.135.47492 > 10.10.100.133.1883: Flags [.], ack 5, win 457, options [nop,nop,TS val 409625827 ecr 412116740], length 0
23:37:33.607331 IP 10.10.100.135.47492 > 10.10.100.133.1883: Flags [P.], seq 40:456, ack 5, win 457, options [nop,nop,TS val 409625827 ecr 412116740], length 416
23:37:33.607332 IP 10.10.100.135.47492 > 10.10.100.133.1883: Flags [FP.], seq 456:458, ack 5, win 457, options [nop,nop,TS val 409625827 ecr 412116740], length 2
23:37:33.608022 IP 10.10.100.133.1883 > 10.10.100.135.47492: Flags [.], ack 459, win 235, options [nop,nop,TS val 412116743 ecr 409625827], length 0
23:37:33.610946 IP 10.10.100.133.1883 > 10.10.100.135.47492: Flags [F.], seq 5, ack 459, win 235, options [nop,nop,TS val 412116744 ecr 409625827], length 0
23:37:33.624273 IP 10.10.100.135.47492 > 10.10.100.133.1883: Flags [.], ack 6, win 457, options [nop,nop,TS val 409625831 ecr 412116744], length 0
23:37:34.624121 IP 10.10.100.135.47494 > 10.10.100.133.1883: Flags [S], seq 1590005514, win 29200, options [mss 1460,sackOK,TS val 409626082 ecr 0,nop,wscale 6], length 0
23:37:34.624858 IP 10.10.100.133.1883 > 10.10.100.135.47494: Flags [S.], seq 314143957, ack 1590005515, win 28960, options [mss 1460,sackOK,TS val 412116997 ecr 409626082,nop,wscale 7], length 0
23:37:34.638093 IP 10.10.100.135.47494 > 10.10.100.133.1883: Flags [.], ack 1, win 457, options [nop,nop,TS val 409626085 ecr 412116997], length 0
23:37:34.638101 IP 10.10.100.135.47494 > 10.10.100.133.1883: Flags [P.], seq 1:40, ack 1, win 457, options [nop,nop,TS val 409626085 ecr 412116997], length 39
23:37:34.638767 IP 10.10.100.133.1883 > 10.10.100.135.47494: Flags [.], ack 40, win 227, options [nop,nop,TS val 412117001 ecr 409626085], length 0
23:37:34.648709 IP 10.10.100.133.1883 > 10.10.100.135.47494: Flags [P.], seq 1:5, ack 40, win 227, options [nop,nop,TS val 412117003 ecr 409626085], length 4
23:37:34.661949 IP 10.10.100.135.47494 > 10.10.100.133.1883: Flags [.], ack 5, win 457, options [nop,nop,TS val 409626091 ecr 412117003], length 0
23:37:34.661956 IP 10.10.100.135.47494 > 10.10.100.133.1883: Flags [P.], seq 40:456, ack 5, win 457, options [nop,nop,TS val 409626091 ecr 412117003], length 416
23:37:34.661957 IP 10.10.100.135.47494 > 10.10.100.133.1883: Flags [FP.], seq 456:458, ack 5, win 457, options [nop,nop,TS val 409626091 ecr 412117003], length 2
23:37:34.672851 IP 10.10.100.133.1883 > 10.10.100.135.47494: Flags [.], ack 459, win 235, options [nop,nop,TS val 412117009 ecr 409626091], length 0
23:37:34.676790 IP 10.10.100.133.1883 > 10.10.100.135.47494: Flags [F.], seq 5, ack 459, win 235, options [nop,nop,TS val 412117010 ecr 409626091], length 0
23:37:34.690248 IP 10.10.100.135.47494 > 10.10.100.133.1883: Flags [.], ack 6, win 457, options [nop,nop,TS val 409626098 ecr 412117010], length 0

